{"/Users/chimedochir/Desktop/job-search/src/components/JobSearch/JobSearchForm.vue": {"path":"/Users/chimedochir/Desktop/job-search/src/components/JobSearch/JobSearchForm.vue","statementMap":{"0":{"start":{"line":4,"column":29},"end":{"line":4,"column":146}},"1":{"start":{"line":5,"column":0},"end":{"line":7,"column":3}},"2":{"start":{"line":8,"column":0},"end":{"line":8,"column":25}},"3":{"start":{"line":9,"column":0},"end":{"line":9,"column":44}},"4":{"start":{"line":91,"column":0},"end":{"line":91,"column":13}},"5":{"start":{"line":93,"column":0},"end":{"line":95,"column":3}},"6":{"start":{"line":96,"column":0},"end":{"line":96,"column":24}},"7":{"start":{"line":97,"column":11},"end":{"line":97,"column":25}},"8":{"start":{"line":98,"column":19},"end":{"line":100,"column":1}},"9":{"start":{"line":101,"column":19},"end":{"line":103,"column":1}},"10":{"start":{"line":104,"column":32},"end":{"line":106,"column":29}},"11":{"start":{"line":107,"column":32},"end":{"line":109,"column":26}},"12":{"start":{"line":110,"column":19},"end":{"line":112,"column":1}},"13":{"start":{"line":113,"column":32},"end":{"line":115,"column":30}},"14":{"start":{"line":118,"column":39},"end":{"line":118,"column":86}},"15":{"start":{"line":119,"column":32},"end":{"line":119,"column":72}},"16":{"start":{"line":120,"column":35},"end":{"line":120,"column":78}},"17":{"start":{"line":121,"column":2},"end":{"line":144,"column":32}},"18":{"start":{"line":124,"column":6},"end":{"line":124,"column":68}},"19":{"start":{"line":131,"column":63},"end":{"line":131,"column":81}},"20":{"start":{"line":136,"column":63},"end":{"line":136,"column":85}},"21":{"start":{"line":145,"column":2},"end":{"line":145,"column":49}}},"fnMap":{"0":{"name":"render","decl":{"start":{"line":117,"column":9},"end":{"line":117,"column":15}},"loc":{"start":{"line":117,"column":30},"end":{"line":145,"column":1}},"line":117},"1":{"name":"(anonymous_1)","decl":{"start":{"line":123,"column":40},"end":{"line":123,"column":41}},"loc":{"start":{"line":123,"column":52},"end":{"line":125,"column":5}},"line":123},"2":{"name":"(anonymous_2)","decl":{"start":{"line":131,"column":53},"end":{"line":131,"column":54}},"loc":{"start":{"line":131,"column":63},"end":{"line":131,"column":81}},"line":131},"3":{"name":"(anonymous_3)","decl":{"start":{"line":136,"column":53},"end":{"line":136,"column":54}},"loc":{"start":{"line":136,"column":63},"end":{"line":136,"column":85}},"line":136}},"branchMap":{"0":{"loc":{"start":{"line":123,"column":14},"end":{"line":125,"column":6}},"type":"binary-expr","locations":[{"start":{"line":123,"column":14},"end":{"line":123,"column":23}},{"start":{"line":123,"column":28},"end":{"line":125,"column":5}}],"line":123},"1":{"loc":{"start":{"line":124,"column":13},"end":{"line":124,"column":67}},"type":"binary-expr","locations":[{"start":{"line":124,"column":13},"end":{"line":124,"column":31}},{"start":{"line":124,"column":35},"end":{"line":124,"column":67}}],"line":124},"2":{"loc":{"start":{"line":131,"column":27},"end":{"line":131,"column":82}},"type":"binary-expr","locations":[{"start":{"line":131,"column":27},"end":{"line":131,"column":36}},{"start":{"line":131,"column":41},"end":{"line":131,"column":81}}],"line":131},"3":{"loc":{"start":{"line":136,"column":27},"end":{"line":136,"column":86}},"type":"binary-expr","locations":[{"start":{"line":136,"column":27},"end":{"line":136,"column":36}},{"start":{"line":136,"column":41},"end":{"line":136,"column":85}}],"line":136}},"s":{"0":1,"1":1,"2":1,"3":1,"4":1,"5":1,"6":1,"7":1,"8":1,"9":1,"10":1,"11":1,"12":1,"13":1,"14":3,"15":3,"16":3,"17":3,"18":0,"19":1,"20":1,"21":1},"f":{"0":3,"1":0,"2":1,"3":1},"b":{"0":[3,1],"1":[0,0],"2":[3,1],"3":[3,1]},"inputSourceMap":{"0":"{","1":"\"","2":"v","3":"e","4":"r","5":"s","6":"i","7":"o","8":"n","9":"\"","10":":","11":"3","12":",","13":"\"","14":"s","15":"o","16":"u","17":"r","18":"c","19":"e","20":"s","21":"\"","22":":","23":"[","24":"\"","25":"/","26":"U","27":"s","28":"e","29":"r","30":"s","31":"/","32":"c","33":"h","34":"i","35":"m","36":"e","37":"d","38":"o","39":"c","40":"h","41":"i","42":"r","43":"/","44":"D","45":"e","46":"s","47":"k","48":"t","49":"o","50":"p","51":"/","52":"j","53":"o","54":"b","55":"-","56":"s","57":"e","58":"a","59":"r","60":"c","61":"h","62":"/","63":"s","64":"r","65":"c","66":"/","67":"c","68":"o","69":"m","70":"p","71":"o","72":"n","73":"e","74":"n","75":"t","76":"s","77":"/","78":"J","79":"o","80":"b","81":"S","82":"e","83":"a","84":"r","85":"c","86":"h","87":"/","88":"J","89":"o","90":"b","91":"S","92":"e","93":"a","94":"r","95":"c","96":"h","97":"F","98":"o","99":"r","100":"m","101":".","102":"v","103":"u","104":"e","105":"\"","106":"]","107":",","108":"\"","109":"n","110":"a","111":"m","112":"e","113":"s","114":"\"","115":":","116":"[","117":"]","118":",","119":"\"","120":"m","121":"a","122":"p","123":"p","124":"i","125":"n","126":"g","127":"s","128":"\"","129":":","130":"\"","131":";","132":";","133":";","134":";","135":";","136":";","137":";","138":";","139":";","140":"A","141":"A","142":"q","143":"C","144":"A","145":";","146":"A","147":"A","148":"A","149":"A","150":";","151":"A","152":"A","153":"A","154":"A","155":";","156":"A","157":"A","158":"C","159":"A","160":";","161":"A","162":"A","163":"A","164":"A","165":";","166":"A","167":"A","168":"A","169":"A","170":";","171":"A","172":"A","173":"C","174":"A","175":";","176":"A","177":"A","178":"A","179":"A","180":";","181":"A","182":"A","183":"A","184":"A","185":";","186":"A","187":"A","188":"C","189":"A","190":";","191":"A","192":"A","193":"A","194":"A","195":";","196":"A","197":"A","198":"A","199":"A","200":";","201":"A","202":"A","203":"A","204":"u","205":"C","206":";","207":"A","208":"A","209":"A","210":"A","211":",","212":"e","213":"A","214":"C","215":"x","216":"B","217":";","218":"E","219":"A","220":"C","221":"b","222":",","223":"I","224":"A","225":"A","226":"I","227":",","228":"E","229":"A","230":"A","231":"E","232":",","233":"e","234":"A","235":"A","236":"e","237":";","238":"E","239":"A","240":"E","241":"r","242":"B","243":",","244":"U","245":"A","246":"A","247":"U","248":",","249":"E","250":"A","251":"A","252":"E","253":";","254":"I","255":"A","256":"C","257":"V","258":",","259":"Y","260":"A","261":"A","262":"Y","263":";","264":"I","265":"A","266":"A","267":"Z","268":";","269":"I","270":"A","271":"A","272":"A","273":";","274":"I","275":"A","276":"A","277":"A","278":";","279":"I","280":"A","281":"A","282":"A","283":",","284":"O","285":"A","286":"A","287":"Y","288":";","289":"I","290":"A","291":"C","292":"Z","293":",","294":"S","295":"A","296":"A","297":"S","298":";","299":"I","300":"A","301":"A","302":"T","303":";","304":"I","305":"A","306":"A","307":"A","308":";","309":"I","310":"A","311":"A","312":"A","313":";","314":"I","315":"A","316":"A","317":"A","318":";","319":"E","320":"A","321":"C","322":"F","323":",","324":"C","325":"A","326":"A","327":"C","328":";","329":"E","330":"A","331":"C","332":"D","333":",","334":"K","335":"A","336":"A","337":"K","338":",","339":"G","340":"A","341":"A","342":"G","343":";","344":"I","345":"A","346":"C","347":"N","348":",","349":"M","350":"A","351":"A","352":"M","353":",","354":"M","355":"A","356":"A","357":"M","358":";","359":"I","360":"A","361":"A","362":"G","363":";","364":"I","365":"A","366":"A","367":"A","368":";","369":"I","370":"A","371":"A","372":"A","373":";","374":"I","375":"A","376":"A","377":"A","378":";","379":"I","380":"A","381":"A","382":"A","383":";","384":"I","385":"A","386":"A","387":"A","388":",","389":"S","390":"A","391":"A","392":"S","393":",","394":"E","395":"A","396":"A","397":"C","398":",","399":"C","400":"A","401":"A","402":"C","403":";","404":"I","405":"A","406":"C","407":"1","408":"B","409":",","410":"M","411":"A","412":"A","413":"M","414":",","415":"I","416":"A","417":"A","418":"I","419":";","420":"I","421":"A","422":"A","423":"G","424":";","425":"I","426":"A","427":"A","428":"A","429":";","430":"I","431":"A","432":"A","433":"A","434":";","435":"I","436":"A","437":"A","438":"A","439":";","440":"I","441":"A","442":"A","443":"A","444":";","445":"I","446":"A","447":"A","448":"A","449":",","450":"G","451":"A","452":"A","453":"G","454":",","455":"E","456":"A","457":"A","458":"C","459":",","460":"E","461":"A","462":"A","463":"E","464":",","465":"C","466":"A","467":"A","468":"C","469":";","470":"I","471":"A","472":"C","473":"p","474":"B","475":",","476":"M","477":"A","478":"A","479":"M","480":",","481":"Q","482":"A","483":"A","484":"Q","485":";","486":"I","487":"A","488":"A","489":"G","490":";","491":"I","492":"A","493":"A","494":"A","495":";","496":"I","497":"A","498":"A","499":"A","500":";","501":"I","502":"A","503":"A","504":"A","505":";","506":"I","507":"A","508":"A","509":"A","510":";","511":"I","512":"A","513":"A","514":"A","515":",","516":"G","517":"A","518":"A","519":"G","520":",","521":"E","522":"A","523":"A","524":"C","525":",","526":"E","527":"A","528":"A","529":"E","530":",","531":"C","532":"A","533":"A","534":"C","535":";","536":"I","537":"A","538":"C","539":"x","540":"B","541":",","542":"M","543":"A","544":"A","545":"M","546":",","547":"a","548":"A","549":"A","550":"a","551":",","552":"G","553":"A","554":"A","555":"G","556":",","557":"M","558":"A","559":"A","560":"M","561":";","562":"M","563":"A","564":"C","565":"1","566":"B","567":",","568":"M","569":"A","570":"A","571":"M","572":",","573":"C","574":"A","575":"A","576":"C","577":",","578":"I","579":"A","580":"A","581":"I","582":",","583":"C","584":"A","585":"A","586":"C","587":";","588":"Q","589":"A","590":"C","591":"V","592":",","593":"I","594":"A","595":"A","596":"I","597":",","598":"E","599":"A","600":"A","601":"E","602":",","603":"Y","604":"A","605":"A","606":"Y","607":";","608":"Q","609":"A","610":"C","611":"l","612":"B","613":",","614":"K","615":"A","616":"A","617":"K","618":",","619":"E","620":"A","621":"A","622":"E","623":";","624":"U","625":"A","626":"A","627":"E","628":",","629":"I","630":"A","631":"A","632":"I","633":",","634":"E","635":"A","636":"A","637":"E","638":",","639":"I","640":"A","641":"A","642":"I","643":",","644":"C","645":"A","646":"A","647":"C","648":",","649":"K","650":"A","651":"A","652":"K","653":";","654":"U","655":"A","656":"A","657":"E","658":",","659":"Q","660":"A","661":"A","662":"Q","663":",","664":"E","665":"A","666":"A","667":"E","668":",","669":"Q","670":"A","671":"A","672":"Q","673":",","674":"C","675":"A","676":"A","677":"C","678":";","679":"Q","680":"A","681":"A","682":"M","683":";","684":"M","685":"A","686":"C","687":"t","688":"D","689":",","690":"C","691":"A","692":"A","693":"C","694":",","695":"C","696":"A","697":"A","698":"C","699":";","700":"I","701":"A","702":"C","703":"J","704":",","705":"C","706":"A","707":"A","708":"C","709":";","710":"I","711":"A","712":"C","713":"D","714":",","715":"O","716":"A","717":"A","718":"O","719":";","720":"M","721":"A","722":"A","723":"E","724":",","725":"I","726":"A","727":"A","728":"I","729":";","730":"M","731":"A","732":"A","733":"E","734":",","735":"Q","736":"A","737":"A","738":"Q","739":";","740":"M","741":"A","742":"A","743":"E","744":";","745":"I","746":"A","747":"A","748":"c","749":",","750":"C","751":"A","752":"A","753":"C","754":";","755":"E","756":"A","757":"C","758":"1","759":"C","760":";","761":"E","762":"A","763":"C","764":"A","765":";","766":"E","767":"A","768":"C","769":"A","770":";","771":"E","772":"A","773":"C","774":"A","775":";","776":"E","777":"A","778":"C","779":"A","780":";","781":"E","782":"A","783":"C","784":"A","785":";","786":"E","787":"A","788":"C","789":"A","790":";","791":"E","792":"A","793":"C","794":"A","795":";","796":"E","797":"A","798":"C","799":"A","800":";","801":"E","802":"A","803":"C","804":"A","805":";","806":"E","807":"A","808":"C","809":"A","810":";","811":"E","812":"A","813":"C","814":"A","815":";","816":"E","817":"A","818":"C","819":"A","820":";","821":"E","822":"A","823":"C","824":"A","825":";","826":"E","827":"A","828":"C","829":"A","830":";","831":"A","832":"A","833":"C","834":"F","835":",","836":"C","837":"A","838":"A","839":"C","840":";","841":"A","842":"A","843":"A","844":"A","845":";","846":"A","847":"A","848":"A","849":"A","850":"\"","851":",","852":"\"","853":"f","854":"i","855":"l","856":"e","857":"\"","858":":","859":"\"","860":"/","861":"U","862":"s","863":"e","864":"r","865":"s","866":"/","867":"c","868":"h","869":"i","870":"m","871":"e","872":"d","873":"o","874":"c","875":"h","876":"i","877":"r","878":"/","879":"D","880":"e","881":"s","882":"k","883":"t","884":"o","885":"p","886":"/","887":"j","888":"o","889":"b","890":"-","891":"s","892":"e","893":"a","894":"r","895":"c","896":"h","897":"/","898":"s","899":"r","900":"c","901":"/","902":"c","903":"o","904":"m","905":"p","906":"o","907":"n","908":"e","909":"n","910":"t","911":"s","912":"/","913":"J","914":"o","915":"b","916":"S","917":"e","918":"a","919":"r","920":"c","921":"h","922":"/","923":"J","924":"o","925":"b","926":"S","927":"e","928":"a","929":"r","930":"c","931":"h","932":"F","933":"o","934":"r","935":"m","936":".","937":"v","938":"u","939":"e","940":"\"","941":",","942":"\"","943":"s","944":"o","945":"u","946":"r","947":"c","948":"e","949":"s","950":"C","951":"o","952":"n","953":"t","954":"e","955":"n","956":"t","957":"\"","958":":","959":"[","960":"\"","961":"<","962":"t","963":"e","964":"m","965":"p","966":"l","967":"a","968":"t","969":"e","970":">","971":"\\","972":"n","973":" ","974":" ","975":"<","976":"f","977":"o","978":"r","979":"m","980":"\\","981":"n","982":" ","983":" ","984":" ","985":" ","986":"c","987":"l","988":"a","989":"s","990":"s","991":"=","992":"\\","993":"\"","994":"f","995":"l","996":"e","997":"x","998":" ","999":"i","1000":"t","1001":"e","1002":"m","1003":"s","1004":"-","1005":"c","1006":"e","1007":"n","1008":"t","1009":"e","1010":"r","1011":" ","1012":"m","1013":"t","1014":"-","1015":"1","1016":"4","1017":" ","1018":"b","1019":"o","1020":"r","1021":"d","1022":"e","1023":"r","1024":" ","1025":"b","1026":"o","1027":"r","1028":"d","1029":"e","1030":"r","1031":"-","1032":"s","1033":"o","1034":"l","1035":"i","1036":"d","1037":" ","1038":"b","1039":"o","1040":"r","1041":"d","1042":"e","1043":"r","1044":"-","1045":"b","1046":"r","1047":"a","1048":"n","1049":"d","1050":"-","1051":"g","1052":"r","1053":"a","1054":"y","1055":"-","1056":"3","1057":" ","1058":"w","1059":"-","1060":"f","1061":"u","1062":"l","1063":"l","1064":" ","1065":"h","1066":"-","1067":"1","1068":"2","1069":" ","1070":"r","1071":"o","1072":"u","1073":"n","1074":"d","1075":"e","1076":"d","1077":"-","1078":"3","1079":"x","1080":"l","1081":"\\","1082":"\"","1083":"\\","1084":"n","1085":" ","1086":" ","1087":" ","1088":" ","1089":"@","1090":"s","1091":"u","1092":"b","1093":"m","1094":"i","1095":"t","1096":"=","1097":"\\","1098":"\"","1099":"s","1100":"e","1101":"a","1102":"r","1103":"c","1104":"h","1105":"F","1106":"o","1107":"r","1108":"J","1109":"o","1110":"b","1111":"s","1112":"\\","1113":"\"","1114":"\\","1115":"n","1116":" ","1117":" ","1118":">","1119":"\\","1120":"n","1121":" ","1122":" ","1123":" ","1124":" ","1125":"<","1126":"f","1127":"o","1128":"n","1129":"t","1130":"-","1131":"a","1132":"w","1133":"e","1134":"s","1135":"o","1136":"m","1137":"e","1138":"-","1139":"i","1140":"c","1141":"o","1142":"n","1143":" ","1144":":","1145":"i","1146":"c","1147":"o","1148":"n","1149":"=","1150":"\\","1151":"\"","1152":"[","1153":"'","1154":"f","1155":"a","1156":"s","1157":"'","1158":",","1159":" ","1160":"'","1161":"s","1162":"e","1163":"a","1164":"r","1165":"c","1166":"h","1167":"'","1168":"]","1169":"\\","1170":"\"","1171":" ","1172":"c","1173":"l","1174":"a","1175":"s","1176":"s","1177":"=","1178":"\\","1179":"\"","1180":"m","1181":"l","1182":"-","1183":"4","1184":" ","1185":"m","1186":"r","1187":"-","1188":"3","1189":"\\","1190":"\"","1191":" ","1192":"/","1193":">","1194":"\\","1195":"n","1196":" ","1197":" ","1198":" ","1199":" ","1200":"<","1201":"d","1202":"i","1203":"v","1204":" ","1205":"c","1206":"l","1207":"a","1208":"s","1209":"s","1210":"=","1211":"\\","1212":"\"","1213":"f","1214":"l","1215":"e","1216":"x","1217":" ","1218":"f","1219":"l","1220":"e","1221":"x","1222":"-","1223":"n","1224":"o","1225":"w","1226":"r","1227":"a","1228":"p","1229":" ","1230":"f","1231":"l","1232":"e","1233":"x","1234":"-","1235":"1","1236":" ","1237":"h","1238":"-","1239":"f","1240":"u","1241":"l","1242":"l","1243":" ","1244":"t","1245":"e","1246":"x","1247":"t","1248":"-","1249":"b","1250":"a","1251":"s","1252":"e","1253":" ","1254":"f","1255":"o","1256":"n","1257":"t","1258":"-","1259":"l","1260":"i","1261":"g","1262":"h","1263":"t","1264":"\\","1265":"\"","1266":">","1267":"\\","1268":"n","1269":" ","1270":" ","1271":" ","1272":" ","1273":" ","1274":" ","1275":"<","1276":"d","1277":"i","1278":"v","1279":" ","1280":"c","1281":"l","1282":"a","1283":"s","1284":"s","1285":"=","1286":"\\","1287":"\"","1288":"r","1289":"e","1290":"l","1291":"a","1292":"t","1293":"i","1294":"v","1295":"e","1296":" ","1297":"f","1298":"l","1299":"e","1300":"x","1301":" ","1302":"i","1303":"t","1304":"e","1305":"m","1306":"s","1307":"-","1308":"c","1309":"e","1310":"n","1311":"t","1312":"e","1313":"r","1314":" ","1315":"f","1316":"l","1317":"e","1318":"x","1319":"-","1320":"1","1321":" ","1322":"h","1323":"-","1324":"f","1325":"u","1326":"l","1327":"l","1328":" ","1329":"p","1330":"r","1331":"-","1332":"3","1333":"\\","1334":"\"","1335":">","1336":"\\","1337":"n","1338":" ","1339":" ","1340":" ","1341":" ","1342":" ","1343":" ","1344":" ","1345":" ","1346":"<","1347":"l","1348":"a","1349":"b","1350":"e","1351":"l","1352":" ","1353":"c","1354":"l","1355":"a","1356":"s","1357":"s","1358":"=","1359":"\\","1360":"\"","1361":"a","1362":"b","1363":"s","1364":"o","1365":"l","1366":"u","1367":"t","1368":"e","1369":" ","1370":"l","1371":"e","1372":"f","1373":"t","1374":"-","1375":"0","1376":" ","1377":"-","1378":"t","1379":"o","1380":"p","1381":"-","1382":"1","1383":"0","1384":"\\","1385":"\"","1386":">","1387":"R","1388":"o","1389":"l","1390":"e","1391":" ","1392":"<","1393":"/","1394":"l","1395":"a","1396":"b","1397":"e","1398":"l","1399":">","1400":"\\","1401":"n","1402":" ","1403":" ","1404":" ","1405":" ","1406":" ","1407":" ","1408":" ","1409":" ","1410":"<","1411":"t","1412":"e","1413":"x","1414":"t","1415":"-","1416":"i","1417":"n","1418":"p","1419":"u","1420":"t","1421":"\\","1422":"n","1423":" ","1424":" ","1425":" ","1426":" ","1427":" ","1428":" ","1429":" ","1430":" ","1431":" ","1432":" ","1433":"v","1434":"-","1435":"m","1436":"o","1437":"d","1438":"e","1439":"l","1440":"=","1441":"\\","1442":"\"","1443":"r","1444":"o","1445":"l","1446":"e","1447":"\\","1448":"\"","1449":"\\","1450":"n","1451":" ","1452":" ","1453":" ","1454":" ","1455":" ","1456":" ","1457":" ","1458":" ","1459":" ","1460":" ","1461":"p","1462":"l","1463":"a","1464":"c","1465":"e","1466":"h","1467":"o","1468":"l","1469":"d","1470":"e","1471":"r","1472":"=","1473":"\\","1474":"\"","1475":"S","1476":"o","1477":"f","1478":"t","1479":"w","1480":"a","1481":"r","1482":"e","1483":" ","1484":"e","1485":"n","1486":"g","1487":"i","1488":"n","1489":"e","1490":"e","1491":"r","1492":"\\","1493":"\"","1494":"\\","1495":"n","1496":" ","1497":" ","1498":" ","1499":" ","1500":" ","1501":" ","1502":" ","1503":" ","1504":" ","1505":" ","1506":"d","1507":"a","1508":"t","1509":"a","1510":"-","1511":"t","1512":"e","1513":"s","1514":"t","1515":"=","1516":"\\","1517":"\"","1518":"r","1519":"o","1520":"l","1521":"e","1522":"-","1523":"i","1524":"n","1525":"p","1526":"u","1527":"t","1528":"\\","1529":"\"","1530":"\\","1531":"n","1532":" ","1533":" ","1534":" ","1535":" ","1536":" ","1537":" ","1538":" ","1539":" ","1540":"/","1541":">","1542":"\\","1543":"n","1544":" ","1545":" ","1546":" ","1547":" ","1548":" ","1549":" ","1550":"<","1551":"/","1552":"d","1553":"i","1554":"v","1555":">","1556":"\\","1557":"n","1558":" ","1559":" ","1560":" ","1561":" ","1562":" ","1563":" ","1564":"<","1565":"s","1566":"p","1567":"a","1568":"n","1569":"\\","1570":"n","1571":" ","1572":" ","1573":" ","1574":" ","1575":" ","1576":" ","1577":" ","1578":" ","1579":"c","1580":"l","1581":"a","1582":"s","1583":"s","1584":"=","1585":"\\","1586":"\"","1587":"f","1588":"l","1589":"e","1590":"x","1591":" ","1592":"i","1593":"t","1594":"e","1595":"m","1596":"s","1597":"-","1598":"c","1599":"e","1600":"n","1601":"t","1602":"e","1603":"r","1604":" ","1605":"h","1606":"-","1607":"f","1608":"u","1609":"l","1610":"l","1611":" ","1612":"p","1613":"x","1614":"-","1615":"3","1616":" ","1617":"b","1618":"o","1619":"r","1620":"d","1621":"e","1622":"r","1623":"-","1624":"l","1625":" ","1626":"b","1627":"o","1628":"r","1629":"d","1630":"e","1631":"r","1632":"-","1633":"r","1634":" ","1635":"b","1636":"o","1637":"r","1638":"d","1639":"e","1640":"r","1641":"-","1642":"b","1643":"r","1644":"a","1645":"n","1646":"d","1647":"-","1648":"g","1649":"r","1650":"a","1651":"y","1652":"-","1653":"3","1654":" ","1655":"b","1656":"g","1657":"-","1658":"b","1659":"r","1660":"a","1661":"n","1662":"d","1663":"-","1664":"g","1665":"r","1666":"a","1667":"y","1668":"-","1669":"2","1670":"\\","1671":"\"","1672":"\\","1673":"n","1674":" ","1675":" ","1676":" ","1677":" ","1678":" ","1679":" ","1680":" ","1681":" ","1682":">","1683":"i","1684":"n","1685":"<","1686":"/","1687":"s","1688":"p","1689":"a","1690":"n","1691":"\\","1692":"n","1693":" ","1694":" ","1695":" ","1696":" ","1697":" ","1698":" ","1699":">","1700":"\\","1701":"n","1702":" ","1703":" ","1704":" ","1705":" ","1706":" ","1707":" ","1708":"<","1709":"d","1710":"i","1711":"v","1712":" ","1713":"c","1714":"l","1715":"a","1716":"s","1717":"s","1718":"=","1719":"\\","1720":"\"","1721":"r","1722":"e","1723":"l","1724":"a","1725":"t","1726":"i","1727":"v","1728":"e","1729":" ","1730":"f","1731":"l","1732":"e","1733":"x","1734":" ","1735":"i","1736":"t","1737":"e","1738":"m","1739":"s","1740":"-","1741":"c","1742":"e","1743":"n","1744":"t","1745":"e","1746":"r","1747":" ","1748":"f","1749":"l","1750":"e","1751":"x","1752":"-","1753":"1","1754":" ","1755":"h","1756":"-","1757":"f","1758":"u","1759":"l","1760":"l","1761":" ","1762":"p","1763":"l","1764":"-","1765":"3","1766":"\\","1767":"\"","1768":">","1769":"\\","1770":"n","1771":" ","1772":" ","1773":" ","1774":" ","1775":" ","1776":" ","1777":" ","1778":" ","1779":"<","1780":"l","1781":"a","1782":"b","1783":"e","1784":"l","1785":" ","1786":"c","1787":"l","1788":"a","1789":"s","1790":"s","1791":"=","1792":"\\","1793":"\"","1794":"a","1795":"b","1796":"s","1797":"o","1798":"l","1799":"u","1800":"t","1801":"e","1802":" ","1803":"l","1804":"e","1805":"f","1806":"t","1807":"-","1808":"0","1809":" ","1810":"-","1811":"t","1812":"o","1813":"p","1814":"-","1815":"1","1816":"0","1817":"\\","1818":"\"","1819":">","1820":"W","1821":"h","1822":"e","1823":"r","1824":"e","1825":"?","1826":"<","1827":"/","1828":"l","1829":"a","1830":"b","1831":"e","1832":"l","1833":">","1834":"\\","1835":"n","1836":" ","1837":" ","1838":" ","1839":" ","1840":" ","1841":" ","1842":" ","1843":" ","1844":"<","1845":"t","1846":"e","1847":"x","1848":"t","1849":"-","1850":"i","1851":"n","1852":"p","1853":"u","1854":"t","1855":"\\","1856":"n","1857":" ","1858":" ","1859":" ","1860":" ","1861":" ","1862":" ","1863":" ","1864":" ","1865":" ","1866":" ","1867":"v","1868":"-","1869":"m","1870":"o","1871":"d","1872":"e","1873":"l","1874":"=","1875":"\\","1876":"\"","1877":"l","1878":"o","1879":"c","1880":"a","1881":"t","1882":"i","1883":"o","1884":"n","1885":"\\","1886":"\"","1887":"\\","1888":"n","1889":" ","1890":" ","1891":" ","1892":" ","1893":" ","1894":" ","1895":" ","1896":" ","1897":" ","1898":" ","1899":"p","1900":"l","1901":"a","1902":"c","1903":"e","1904":"h","1905":"o","1906":"l","1907":"d","1908":"e","1909":"r","1910":"=","1911":"\\","1912":"\"","1913":"L","1914":"o","1915":"s","1916":" ","1917":"A","1918":"n","1919":"g","1920":"e","1921":"l","1922":"e","1923":"s","1924":"\\","1925":"\"","1926":"\\","1927":"n","1928":" ","1929":" ","1930":" ","1931":" ","1932":" ","1933":" ","1934":" ","1935":" ","1936":" ","1937":" ","1938":"d","1939":"a","1940":"t","1941":"a","1942":"-","1943":"t","1944":"e","1945":"s","1946":"t","1947":"=","1948":"\\","1949":"\"","1950":"l","1951":"o","1952":"c","1953":"a","1954":"t","1955":"i","1956":"o","1957":"n","1958":"-","1959":"i","1960":"n","1961":"p","1962":"u","1963":"t","1964":"\\","1965":"\"","1966":"\\","1967":"n","1968":" ","1969":" ","1970":" ","1971":" ","1972":" ","1973":" ","1974":" ","1975":" ","1976":"/","1977":">","1978":"\\","1979":"n","1980":" ","1981":" ","1982":" ","1983":" ","1984":" ","1985":" ","1986":"<","1987":"/","1988":"d","1989":"i","1990":"v","1991":">","1992":"\\","1993":"n","1994":" ","1995":" ","1996":" ","1997":" ","1998":"<","1999":"/","2000":"d","2001":"i","2002":"v","2003":">","2004":"\\","2005":"n","2006":" ","2007":" ","2008":" ","2009":" ","2010":"<","2011":"a","2012":"c","2013":"t","2014":"i","2015":"o","2016":"n","2017":"-","2018":"b","2019":"u","2020":"t","2021":"t","2022":"o","2023":"n","2024":"\\","2025":"n","2026":" ","2027":" ","2028":" ","2029":" ","2030":" ","2031":" ","2032":"t","2033":"e","2034":"x","2035":"t","2036":"=","2037":"\\","2038":"\"","2039":"S","2040":"e","2041":"a","2042":"r","2043":"c","2044":"h","2045":"\\","2046":"\"","2047":"\\","2048":"n","2049":" ","2050":" ","2051":" ","2052":" ","2053":" ","2054":" ","2055":"t","2056":"y","2057":"p","2058":"e","2059":"=","2060":"\\","2061":"\"","2062":"s","2063":"e","2064":"c","2065":"o","2066":"n","2067":"d","2068":"a","2069":"r","2070":"y","2071":"\\","2072":"\"","2073":"\\","2074":"n","2075":" ","2076":" ","2077":" ","2078":" ","2079":" ","2080":" ","2081":"c","2082":"l","2083":"a","2084":"s","2085":"s","2086":"=","2087":"\\","2088":"\"","2089":"r","2090":"o","2091":"u","2092":"n","2093":"d","2094":"e","2095":"d","2096":"-","2097":"r","2098":"-","2099":"3","2100":"x","2101":"l","2102":"\\","2103":"\"","2104":"\\","2105":"n","2106":" ","2107":" ","2108":" ","2109":" ","2110":" ","2111":" ","2112":"d","2113":"a","2114":"t","2115":"a","2116":"-","2117":"t","2118":"e","2119":"s","2120":"t","2121":"=","2122":"\\","2123":"\"","2124":"f","2125":"o","2126":"r","2127":"m","2128":"-","2129":"s","2130":"u","2131":"b","2132":"m","2133":"i","2134":"t","2135":"-","2136":"b","2137":"u","2138":"t","2139":"t","2140":"o","2141":"n","2142":"\\","2143":"\"","2144":"\\","2145":"n","2146":" ","2147":" ","2148":" ","2149":" ","2150":"/","2151":">","2152":"\\","2153":"n","2154":" ","2155":" ","2156":"<","2157":"/","2158":"f","2159":"o","2160":"r","2161":"m","2162":">","2163":"\\","2164":"n","2165":"<","2166":"/","2167":"t","2168":"e","2169":"m","2170":"p","2171":"l","2172":"a","2173":"t","2174":"e","2175":">","2176":"\\","2177":"n","2178":"<","2179":"s","2180":"c","2181":"r","2182":"i","2183":"p","2184":"t","2185":">","2186":"\\","2187":"n","2188":"i","2189":"m","2190":"p","2191":"o","2192":"r","2193":"t","2194":" ","2195":"A","2196":"c","2197":"t","2198":"i","2199":"o","2200":"n","2201":"B","2202":"u","2203":"t","2204":"t","2205":"o","2206":"n","2207":" ","2208":"f","2209":"r","2210":"o","2211":"m","2212":" ","2213":"\\","2214":"\"","2215":"@","2216":"/","2217":"c","2218":"o","2219":"m","2220":"p","2221":"o","2222":"n","2223":"e","2224":"n","2225":"t","2226":"s","2227":"/","2228":"S","2229":"h","2230":"a","2231":"r","2232":"e","2233":"d","2234":"/","2235":"A","2236":"c","2237":"t","2238":"i","2239":"o","2240":"n","2241":"B","2242":"u","2243":"t","2244":"t","2245":"o","2246":"n","2247":".","2248":"v","2249":"u","2250":"e","2251":"\\","2252":"\"","2253":";","2254":"\\","2255":"n","2256":"i","2257":"m","2258":"p","2259":"o","2260":"r","2261":"t","2262":" ","2263":"{","2264":" ","2265":"r","2266":"e","2267":"f","2268":" ","2269":"}","2270":" ","2271":"f","2272":"r","2273":"o","2274":"m","2275":" ","2276":"\\","2277":"\"","2278":"v","2279":"u","2280":"e","2281":"\\","2282":"\"","2283":";","2284":"\\","2285":"n","2286":"i","2287":"m","2288":"p","2289":"o","2290":"r","2291":"t","2292":" ","2293":"T","2294":"e","2295":"x","2296":"t","2297":"I","2298":"n","2299":"p","2300":"u","2301":"t","2302":" ","2303":"f","2304":"r","2305":"o","2306":"m","2307":" ","2308":"\\","2309":"\"","2310":"@","2311":"/","2312":"c","2313":"o","2314":"m","2315":"p","2316":"o","2317":"n","2318":"e","2319":"n","2320":"t","2321":"s","2322":"/","2323":"S","2324":"h","2325":"a","2326":"r","2327":"e","2328":"d","2329":"/","2330":"T","2331":"e","2332":"x","2333":"t","2334":"I","2335":"n","2336":"p","2337":"u","2338":"t","2339":".","2340":"v","2341":"u","2342":"e","2343":"\\","2344":"\"","2345":";","2346":"\\","2347":"n","2348":"i","2349":"m","2350":"p","2351":"o","2352":"r","2353":"t","2354":" ","2355":"{","2356":" ","2357":"u","2358":"s","2359":"e","2360":"R","2361":"o","2362":"u","2363":"t","2364":"e","2365":"r","2366":" ","2367":"}","2368":" ","2369":"f","2370":"r","2371":"o","2372":"m","2373":" ","2374":"\\","2375":"\"","2376":"v","2377":"u","2378":"e","2379":"-","2380":"r","2381":"o","2382":"u","2383":"t","2384":"e","2385":"r","2386":"\\","2387":"\"","2388":";","2389":"\\","2390":"n","2391":"e","2392":"x","2393":"p","2394":"o","2395":"r","2396":"t","2397":" ","2398":"d","2399":"e","2400":"f","2401":"a","2402":"u","2403":"l","2404":"t","2405":" ","2406":"{","2407":"\\","2408":"n","2409":" ","2410":" ","2411":"n","2412":"a","2413":"m","2414":"e","2415":":","2416":" ","2417":"\\","2418":"\"","2419":"J","2420":"o","2421":"b","2422":"S","2423":"e","2424":"a","2425":"r","2426":"c","2427":"h","2428":"F","2429":"o","2430":"r","2431":"m","2432":"\\","2433":"\"","2434":",","2435":"\\","2436":"n","2437":"\\","2438":"n","2439":" ","2440":" ","2441":"c","2442":"o","2443":"m","2444":"p","2445":"o","2446":"n","2447":"e","2448":"n","2449":"t","2450":"s","2451":":","2452":" ","2453":"{","2454":"\\","2455":"n","2456":" ","2457":" ","2458":" ","2459":" ","2460":"A","2461":"c","2462":"t","2463":"i","2464":"o","2465":"n","2466":"B","2467":"u","2468":"t","2469":"t","2470":"o","2471":"n","2472":",","2473":"\\","2474":"n","2475":" ","2476":" ","2477":" ","2478":" ","2479":"T","2480":"e","2481":"x","2482":"t","2483":"I","2484":"n","2485":"p","2486":"u","2487":"t","2488":",","2489":"\\","2490":"n","2491":" ","2492":" ","2493":"}","2494":",","2495":"\\","2496":"n","2497":" ","2498":" ","2499":"s","2500":"e","2501":"t","2502":"u","2503":"p","2504":"(","2505":")","2506":" ","2507":"{","2508":"\\","2509":"n","2510":" ","2511":" ","2512":" ","2513":" ","2514":"c","2515":"o","2516":"n","2517":"s","2518":"t","2519":" ","2520":"r","2521":"o","2522":"u","2523":"t","2524":"e","2525":"r","2526":" ","2527":"=","2528":" ","2529":"u","2530":"s","2531":"e","2532":"R","2533":"o","2534":"u","2535":"t","2536":"e","2537":"r","2538":"(","2539":")","2540":";","2541":"\\","2542":"n","2543":" ","2544":" ","2545":" ","2546":" ","2547":"c","2548":"o","2549":"n","2550":"s","2551":"t","2552":" ","2553":"r","2554":"o","2555":"l","2556":"e","2557":" ","2558":"=","2559":" ","2560":"r","2561":"e","2562":"f","2563":"(","2564":"\\","2565":"\"","2566":"\\","2567":"\"","2568":")","2569":";","2570":"\\","2571":"n","2572":" ","2573":" ","2574":" ","2575":" ","2576":"c","2577":"o","2578":"n","2579":"s","2580":"t","2581":" ","2582":"l","2583":"o","2584":"c","2585":"a","2586":"t","2587":"i","2588":"o","2589":"n","2590":" ","2591":"=","2592":" ","2593":"r","2594":"e","2595":"f","2596":"(","2597":"\\","2598":"\"","2599":"\\","2600":"\"","2601":")","2602":";","2603":"\\","2604":"n","2605":" ","2606":" ","2607":" ","2608":" ","2609":"c","2610":"o","2611":"n","2612":"s","2613":"t","2614":" ","2615":"s","2616":"e","2617":"a","2618":"r","2619":"c","2620":"h","2621":"F","2622":"o","2623":"r","2624":"J","2625":"o","2626":"b","2627":"s","2628":" ","2629":"=","2630":" ","2631":"(","2632":")","2633":" ","2634":"=","2635":">","2636":" ","2637":"{","2638":"\\","2639":"n","2640":" ","2641":" ","2642":" ","2643":" ","2644":" ","2645":" ","2646":"r","2647":"o","2648":"u","2649":"t","2650":"e","2651":"r","2652":".","2653":"p","2654":"u","2655":"s","2656":"h","2657":"(","2658":"{","2659":"\\","2660":"n","2661":" ","2662":" ","2663":" ","2664":" ","2665":" ","2666":" ","2667":" ","2668":" ","2669":"n","2670":"a","2671":"m","2672":"e","2673":":","2674":" ","2675":"\\","2676":"\"","2677":"J","2678":"o","2679":"b","2680":"R","2681":"e","2682":"s","2683":"u","2684":"l","2685":"t","2686":"s","2687":"\\","2688":"\"","2689":",","2690":"\\","2691":"n","2692":" ","2693":" ","2694":" ","2695":" ","2696":" ","2697":" ","2698":" ","2699":" ","2700":"q","2701":"u","2702":"e","2703":"r","2704":"y","2705":":","2706":" ","2707":"{","2708":" ","2709":"r","2710":"o","2711":"l","2712":"e","2713":":","2714":" ","2715":"r","2716":"o","2717":"l","2718":"e","2719":".","2720":"v","2721":"a","2722":"l","2723":"u","2724":"e","2725":",","2726":" ","2727":"l","2728":"o","2729":"c","2730":"a","2731":"t","2732":"i","2733":"o","2734":"n","2735":":","2736":" ","2737":"l","2738":"o","2739":"c","2740":"a","2741":"t","2742":"i","2743":"o","2744":"n","2745":".","2746":"v","2747":"a","2748":"l","2749":"u","2750":"e","2751":" ","2752":"}","2753":",","2754":"\\","2755":"n","2756":" ","2757":" ","2758":" ","2759":" ","2760":" ","2761":" ","2762":"}","2763":")","2764":";","2765":"\\","2766":"n","2767":" ","2768":" ","2769":" ","2770":" ","2771":"}","2772":";","2773":"\\","2774":"n","2775":" ","2776":" ","2777":" ","2778":" ","2779":"r","2780":"e","2781":"t","2782":"u","2783":"r","2784":"n","2785":" ","2786":"{","2787":" ","2788":"r","2789":"o","2790":"l","2791":"e","2792":",","2793":" ","2794":"l","2795":"o","2796":"c","2797":"a","2798":"t","2799":"i","2800":"o","2801":"n","2802":",","2803":" ","2804":"s","2805":"e","2806":"a","2807":"r","2808":"c","2809":"h","2810":"F","2811":"o","2812":"r","2813":"J","2814":"o","2815":"b","2816":"s","2817":" ","2818":"}","2819":";","2820":"\\","2821":"n","2822":" ","2823":" ","2824":"}","2825":",","2826":"\\","2827":"n","2828":" ","2829":" ","2830":"/","2831":"/","2832":" ","2833":"d","2834":"a","2835":"t","2836":"a","2837":"(","2838":")","2839":" ","2840":"{","2841":"\\","2842":"n","2843":" ","2844":" ","2845":"/","2846":"/","2847":" ","2848":" ","2849":" ","2850":"r","2851":"e","2852":"t","2853":"u","2854":"r","2855":"n","2856":" ","2857":"{","2858":"\\","2859":"n","2860":" ","2861":" ","2862":"/","2863":"/","2864":" ","2865":" ","2866":" ","2867":" ","2868":" ","2869":"r","2870":"o","2871":"l","2872":"e","2873":":","2874":" ","2875":"\\","2876":"\"","2877":"\\","2878":"\"","2879":",","2880":"\\","2881":"n","2882":" ","2883":" ","2884":"/","2885":"/","2886":" ","2887":" ","2888":" ","2889":" ","2890":" ","2891":"l","2892":"o","2893":"c","2894":"a","2895":"t","2896":"i","2897":"o","2898":"n","2899":":","2900":" ","2901":"\\","2902":"\"","2903":"\\","2904":"\"","2905":",","2906":"\\","2907":"n","2908":" ","2909":" ","2910":"/","2911":"/","2912":" ","2913":" ","2914":" ","2915":"}","2916":";","2917":"\\","2918":"n","2919":" ","2920":" ","2921":"/","2922":"/","2923":" ","2924":"}","2925":",","2926":"\\","2927":"n","2928":" ","2929":" ","2930":"/","2931":"/","2932":" ","2933":"m","2934":"e","2935":"t","2936":"h","2937":"o","2938":"d","2939":"s","2940":":","2941":" ","2942":"{","2943":"\\","2944":"n","2945":" ","2946":" ","2947":"/","2948":"/","2949":" ","2950":" ","2951":" ","2952":"s","2953":"e","2954":"a","2955":"r","2956":"c","2957":"h","2958":"F","2959":"o","2960":"r","2961":"J","2962":"o","2963":"b","2964":"s","2965":"(","2966":")","2967":" ","2968":"{","2969":"\\","2970":"n","2971":" ","2972":" ","2973":"/","2974":"/","2975":" ","2976":" ","2977":" ","2978":" ","2979":" ","2980":"t","2981":"h","2982":"i","2983":"s","2984":".","2985":"$","2986":"r","2987":"o","2988":"u","2989":"t","2990":"e","2991":"r","2992":".","2993":"p","2994":"u","2995":"s","2996":"h","2997":"(","2998":"{","2999":"\\","3000":"n","3001":" ","3002":" ","3003":"/","3004":"/","3005":" ","3006":" ","3007":" ","3008":" ","3009":" ","3010":" ","3011":" ","3012":"n","3013":"a","3014":"m","3015":"e","3016":":","3017":" ","3018":"\\","3019":"\"","3020":"J","3021":"o","3022":"b","3023":"R","3024":"e","3025":"s","3026":"u","3027":"l","3028":"t","3029":"s","3030":"V","3031":"i","3032":"e","3033":"w","3034":"\\","3035":"\"","3036":",","3037":"\\","3038":"n","3039":" ","3040":" ","3041":"/","3042":"/","3043":" ","3044":" ","3045":" ","3046":" ","3047":" ","3048":" ","3049":" ","3050":"q","3051":"u","3052":"e","3053":"r","3054":"y","3055":":","3056":" ","3057":"{","3058":" ","3059":"r","3060":"o","3061":"l","3062":"e","3063":":","3064":" ","3065":"t","3066":"h","3067":"i","3068":"s","3069":".","3070":"r","3071":"o","3072":"l","3073":"e","3074":",","3075":" ","3076":"l","3077":"o","3078":"c","3079":"a","3080":"t","3081":"i","3082":"o","3083":"n","3084":":","3085":" ","3086":"t","3087":"h","3088":"i","3089":"s","3090":".","3091":"l","3092":"o","3093":"c","3094":"a","3095":"t","3096":"i","3097":"o","3098":"n","3099":" ","3100":"}","3101":",","3102":"\\","3103":"n","3104":" ","3105":" ","3106":"/","3107":"/","3108":" ","3109":" ","3110":" ","3111":" ","3112":" ","3113":"}","3114":")","3115":";","3116":"\\","3117":"n","3118":" ","3119":" ","3120":"/","3121":"/","3122":" ","3123":" ","3124":" ","3125":"}","3126":",","3127":"\\","3128":"n","3129":" ","3130":" ","3131":"/","3132":"/","3133":" ","3134":"}","3135":",","3136":"\\","3137":"n","3138":"}","3139":";","3140":"\\","3141":"n","3142":"<","3143":"/","3144":"s","3145":"c","3146":"r","3147":"i","3148":"p","3149":"t","3150":">","3151":"\\","3152":"n","3153":"<","3154":"s","3155":"t","3156":"y","3157":"l","3158":"e","3159":">","3160":"<","3161":"/","3162":"s","3163":"t","3164":"y","3165":"l","3166":"e","3167":">","3168":"\\","3169":"n","3170":"\"","3171":"]","3172":"}"},"_coverageSchema":"1a1c01bbd47fc00a2c39e90264f33305004495a9","hash":"33bf3b1dd369d1642f3c50b275bb7ff7c8201754"}
,"/Users/chimedochir/Desktop/job-search/src/components/Navigation/MainNav.vue": {"path":"/Users/chimedochir/Desktop/job-search/src/components/Navigation/MainNav.vue","statementMap":{"0":{"start":{"line":4,"column":29},"end":{"line":4,"column":146}},"1":{"start":{"line":5,"column":0},"end":{"line":7,"column":3}},"2":{"start":{"line":8,"column":0},"end":{"line":8,"column":25}},"3":{"start":{"line":107,"column":0},"end":{"line":107,"column":13}},"4":{"start":{"line":109,"column":0},"end":{"line":111,"column":3}},"5":{"start":{"line":112,"column":0},"end":{"line":112,"column":24}},"6":{"start":{"line":113,"column":11},"end":{"line":113,"column":25}},"7":{"start":{"line":114,"column":19},"end":{"line":116,"column":1}},"8":{"start":{"line":117,"column":19},"end":{"line":119,"column":1}},"9":{"start":{"line":120,"column":19},"end":{"line":120,"column":27}},"10":{"start":{"line":121,"column":19},"end":{"line":123,"column":1}},"11":{"start":{"line":124,"column":19},"end":{"line":126,"column":1}},"12":{"start":{"line":127,"column":19},"end":{"line":129,"column":1}},"13":{"start":{"line":131,"column":33},"end":{"line":131,"column":74}},"14":{"start":{"line":132,"column":35},"end":{"line":132,"column":78}},"15":{"start":{"line":133,"column":35},"end":{"line":133,"column":78}},"16":{"start":{"line":134,"column":29},"end":{"line":134,"column":66}},"17":{"start":{"line":135,"column":2},"end":{"line":164,"column":70}},"18":{"start":{"line":141,"column":4},"end":{"line":151,"column":50}},"19":{"start":{"line":148,"column":39},"end":{"line":148,"column":122}},"20":{"start":{"line":165,"column":2},"end":{"line":165,"column":49}}},"fnMap":{"0":{"name":"render","decl":{"start":{"line":130,"column":9},"end":{"line":130,"column":15}},"loc":{"start":{"line":130,"column":30},"end":{"line":165,"column":1}},"line":130},"1":{"name":"(anonymous_1)","decl":{"start":{"line":140,"column":292},"end":{"line":140,"column":293}},"loc":{"start":{"line":140,"column":304},"end":{"line":152,"column":3}},"line":140},"2":{"name":"(anonymous_2)","decl":{"start":{"line":148,"column":33},"end":{"line":148,"column":34}},"loc":{"start":{"line":148,"column":39},"end":{"line":148,"column":122}},"line":148}},"branchMap":{"0":{"loc":{"start":{"line":152,"column":87},"end":{"line":161,"column":39}},"type":"cond-expr","locations":[{"start":{"line":152,"column":106},"end":{"line":155,"column":4}},{"start":{"line":155,"column":9},"end":{"line":161,"column":38}}],"line":152},"1":{"loc":{"start":{"line":161,"column":45},"end":{"line":164,"column":50}},"type":"cond-expr","locations":[{"start":{"line":161,"column":64},"end":{"line":164,"column":4}},{"start":{"line":164,"column":8},"end":{"line":164,"column":50}}],"line":161}},"s":{"0":1,"1":1,"2":1,"3":1,"4":1,"5":1,"6":1,"7":1,"8":1,"9":1,"10":1,"11":1,"12":1,"13":5,"14":5,"15":5,"16":5,"17":5,"18":0,"19":0,"20":1},"f":{"0":5,"1":0,"2":0},"b":{"0":[0,0],"1":[0,0]},"inputSourceMap":{"0":"{","1":"\"","2":"v","3":"e","4":"r","5":"s","6":"i","7":"o","8":"n","9":"\"","10":":","11":"3","12":",","13":"\"","14":"s","15":"o","16":"u","17":"r","18":"c","19":"e","20":"s","21":"\"","22":":","23":"[","24":"\"","25":"/","26":"U","27":"s","28":"e","29":"r","30":"s","31":"/","32":"c","33":"h","34":"i","35":"m","36":"e","37":"d","38":"o","39":"c","40":"h","41":"i","42":"r","43":"/","44":"D","45":"e","46":"s","47":"k","48":"t","49":"o","50":"p","51":"/","52":"j","53":"o","54":"b","55":"-","56":"s","57":"e","58":"a","59":"r","60":"c","61":"h","62":"/","63":"s","64":"r","65":"c","66":"/","67":"c","68":"o","69":"m","70":"p","71":"o","72":"n","73":"e","74":"n","75":"t","76":"s","77":"/","78":"N","79":"a","80":"v","81":"i","82":"g","83":"a","84":"t","85":"i","86":"o","87":"n","88":"/","89":"M","90":"a","91":"i","92":"n","93":"N","94":"a","95":"v","96":".","97":"v","98":"u","99":"e","100":"\"","101":"]","102":",","103":"\"","104":"n","105":"a","106":"m","107":"e","108":"s","109":"\"","110":":","111":"[","112":"]","113":",","114":"\"","115":"m","116":"a","117":"p","118":"p","119":"i","120":"n","121":"g","122":"s","123":"\"","124":":","125":"\"","126":";","127":";","128":";","129":";","130":";","131":";","132":";","133":";","134":"A","135":"A","136":"y","137":"C","138":"A","139":";","140":"A","141":"A","142":"A","143":"A","144":";","145":"A","146":"A","147":"A","148":"A","149":";","150":"A","151":"A","152":"C","153":"A","154":";","155":"A","156":"A","157":"A","158":"A","159":";","160":"A","161":"A","162":"A","163":"A","164":";","165":"A","166":"A","167":"C","168":"A","169":";","170":"A","171":"A","172":"A","173":"A","174":";","175":"A","176":"A","177":"A","178":"A","179":";","180":"A","181":"A","182":"C","183":"A","184":";","185":"A","186":"A","187":"A","188":"A","189":";","190":"A","191":"A","192":"A","193":"A","194":";","195":"A","196":"A","197":"C","198":"A","199":";","200":"A","201":"A","202":"A","203":"A","204":";","205":"A","206":"A","207":"A","208":"A","209":";","210":"A","211":"A","212":"A","213":"+","214":"C","215":";","216":"A","217":"A","218":"A","219":"A","220":",","221":"e","222":"A","223":"C","224":"h","225":"C","226":";","227":"E","228":"A","229":"C","230":"b","231":",","232":"I","233":"A","234":"A","235":"I","236":",","237":"E","238":"A","239":"A","240":"E","241":",","242":"S","243":"A","244":"A","245":"S","246":";","247":"E","248":"A","249":"C","250":"f","251":",","252":"U","253":"A","254":"A","255":"U","256":",","257":"E","258":"A","259":"A","260":"E","261":";","262":"I","263":"A","264":"C","265":"V","266":",","267":"Y","268":"A","269":"A","270":"Y","271":";","272":"I","273":"A","274":"A","275":"Z","276":";","277":"I","278":"A","279":"A","280":"A","281":";","282":"I","283":"A","284":"A","285":"A","286":";","287":"I","288":"A","289":"A","290":"A","291":",","292":"O","293":"A","294":"A","295":"Y","296":";","297":"I","298":"A","299":"C","300":"Z","301":",","302":"Y","303":"A","304":"A","305":"Y","306":";","307":"I","308":"A","309":"A","310":"Z","311":";","312":"I","313":"A","314":"A","315":"A","316":";","317":"I","318":"A","319":"A","320":"A","321":";","322":"I","323":"A","324":"A","325":"A","326":",","327":"O","328":"A","329":"A","330":"Y","331":";","332":"I","333":"A","334":"C","335":"Z","336":",","337":"M","338":"A","339":"A","340":"M","341":";","342":"I","343":"A","344":"A","345":"N","346":";","347":"I","348":"A","349":"A","350":"A","351":";","352":"I","353":"A","354":"A","355":"A","356":";","357":"I","358":"A","359":"A","360":"A","361":";","362":"E","363":"A","364":"C","365":"F","366":",","367":"C","368":"A","369":"A","370":"C","371":";","372":"E","373":"A","374":"C","375":"D","376":",","377":"I","378":"A","379":"A","380":"I","381":",","382":"G","383":"A","384":"A","385":"G","386":";","387":"I","388":"A","389":"C","390":"L","391":",","392":"O","393":"A","394":"A","395":"O","396":";","397":"M","398":"A","399":"C","400":"L","401":",","402":"G","403":"A","404":"A","405":"G","406":",","407":"E","408":"A","409":"A","410":"E","411":",","412":"4","413":"B","414":"A","415":"A","416":"4","417":"B","418":";","419":"M","420":"A","421":"C","422":"j","423":"C","424":",","425":"O","426":"A","427":"A","428":"O","429":",","430":"E","431":"A","432":"A","433":"E","434":",","435":"g","436":"B","437":"A","438":"A","439":"g","440":"B","441":";","442":"M","443":"A","444":"C","445":"z","446":"B","447":",","448":"S","449":"A","450":"A","451":"S","452":",","453":"E","454":"A","455":"A","456":"E","457":",","458":"C","459":"A","460":"C","461":"T","462":";","463":"Q","464":"A","465":"A","466":"E","467":",","468":"I","469":"A","470":"A","471":"I","472":",","473":"E","474":"A","475":"A","476":"E","477":",","478":"O","479":"A","480":"A","481":"O","482":";","483":"Q","484":"A","485":"A","486":"E","487":",","488":"G","489":"A","490":"A","491":"G","492":",","493":"E","494":"A","495":"A","496":"E","497":";","498":"M","499":"A","500":"A","501":"S","502":",","503":"C","504":"A","505":"A","506":"C","507":",","508":"E","509":"A","510":"C","511":"h","512":"C","513":";","514":"Q","515":"A","516":"A","517":"E","518":",","519":"I","520":"A","521":"A","522":"I","523":",","524":"E","525":"A","526":"A","527":"E","528":",","529":"U","530":"A","531":"A","532":"U","533":";","534":"Q","535":"A","536":"A","537":"E","538":",","539":"G","540":"A","541":"A","542":"G","543":",","544":"E","545":"A","546":"A","547":"E","548":";","549":"M","550":"A","551":"A","552":"I","553":",","554":"C","555":"A","556":"A","557":"C","558":",","559":"E","560":"A","561":"C","562":"9","563":"B","564":";","565":"Q","566":"A","567":"A","568":"E","569":",","570":"I","571":"A","572":"A","573":"I","574":",","575":"E","576":"A","577":"A","578":"E","579":",","580":"m","581":"B","582":"A","583":"A","584":"m","585":"B","586":";","587":"Q","588":"A","589":"A","590":"E","591":",","592":"G","593":"A","594":"A","595":"G","596":",","597":"E","598":"A","599":"A","600":"E","601":";","602":"M","603":"A","604":"A","605":"I","606":",","607":"C","608":"A","609":"A","610":"C","611":",","612":"E","613":"A","614":"C","615":"v","616":"C","617":";","618":"Q","619":"A","620":"A","621":"E","622":",","623":"I","624":"A","625":"A","626":"I","627":",","628":"E","629":"A","630":"A","631":"E","632":",","633":"a","634":"A","635":"A","636":"a","637":";","638":"Q","639":"A","640":"A","641":"E","642":",","643":"G","644":"A","645":"A","646":"G","647":",","648":"E","649":"A","650":"A","651":"E","652":";","653":"M","654":"A","655":"A","656":"I","657":",","658":"C","659":"A","660":"A","661":"C","662":",","663":"E","664":"A","665":"C","666":"j","667":"C","668":";","669":"Q","670":"A","671":"A","672":"E","673":",","674":"I","675":"A","676":"A","677":"I","678":",","679":"E","680":"A","681":"A","682":"E","683":",","684":"U","685":"A","686":"A","687":"U","688":";","689":"Q","690":"A","691":"A","692":"E","693":",","694":"G","695":"A","696":"A","697":"G","698":",","699":"E","700":"A","701":"A","702":"E","703":";","704":"M","705":"A","706":"A","707":"I","708":",","709":"C","710":"A","711":"A","712":"C","713":",","714":"E","715":"A","716":"C","717":"9","718":"B","719":";","720":"Q","721":"A","722":"A","723":"E","724":",","725":"I","726":"A","727":"A","728":"I","729":",","730":"E","731":"A","732":"A","733":"E","734":",","735":"M","736":"A","737":"A","738":"M","739":";","740":"Q","741":"A","742":"A","743":"E","744":",","745":"G","746":"A","747":"A","748":"G","749":",","750":"E","751":"A","752":"A","753":"E","754":";","755":"M","756":"A","757":"A","758":"g","759":"B","760":",","761":"C","762":"A","763":"A","764":"C","765":";","766":"I","767":"A","768":"E","769":"1","770":"C","771":",","772":"C","773":"A","774":"A","775":"C","776":";","777":"E","778":"A","779":"C","780":"H","781":",","782":"C","783":"A","784":"A","785":"C","786":";","787":"E","788":"A","789":"C","790":"D","791":",","792":"Q","793":"A","794":"A","795":"Q","796":",","797":"E","798":"A","799":"A","800":"E","801":";","802":"I","803":"A","804":"C","805":"R","806":",","807":"i","808":"B","809":"A","810":"A","811":"i","812":"B","813":",","814":"G","815":"A","816":"A","817":"G","818":";","819":"M","820":"A","821":"C","822":"l","823":"B","824":",","825":"O","826":"A","827":"A","828":"O","829":";","830":"Q","831":"A","832":"C","833":"L","834":",","835":"M","836":"A","837":"A","838":"M","839":",","840":"E","841":"A","842":"A","843":"E","844":",","845":"C","846":"A","847":"A","848":"C","849":",","850":"I","851":"A","852":"A","853":"I","854":",","855":"C","856":"A","857":"A","858":"C","859":",","860":"U","861":"A","862":"A","863":"U","864":";","865":"Q","866":"A","867":"C","868":"x","869":"B","870":",","871":"M","872":"A","873":"A","874":"M","875":",","876":"E","877":"A","878":"A","879":"E","880":",","881":"I","882":"A","883":"A","884":"I","885":",","886":"C","887":"A","888":"A","889":"C","890":";","891":"M","892":"A","893":"C","894":"f","895":",","896":"C","897":"A","898":"A","899":"C","900":";","901":"I","902":"A","903":"C","904":"H","905":",","906":"C","907":"A","908":"A","909":"C","910":";","911":"I","912":"A","913":"C","914":"D","915":";","916":"I","917":"A","918":"C","919":"A","920":";","921":"I","922":"A","923":"C","924":"A","925":";","926":"I","927":"A","928":"C","929":"A","930":";","931":"I","932":"A","933":"A","934":"G","935":";","936":"I","937":"A","938":"A","939":"A","940":";","941":"I","942":"A","943":"A","944":"A","945":";","946":"I","947":"A","948":"A","949":"A","950":";","951":"I","952":"A","953":"A","954":"A","955":";","956":"I","957":"A","958":"A","959":"A","960":",","961":"Q","962":"A","963":"A","964":"Q","965":",","966":"E","967":"A","968":"A","969":"C","970":",","971":"C","972":"A","973":"A","974":"C","975":",","976":"Y","977":"A","978":"A","979":"Y","980":",","981":"C","982":"A","983":"A","984":"C","985":";","986":"E","987":"A","988":"C","989":"5","990":"B","991":",","992":"C","993":"A","994":"A","995":"C","996":";","997":"E","998":"A","999":"C","1000":"D","1001":",","1002":"O","1003":"A","1004":"A","1005":"O","1006":",","1007":"E","1008":"A","1009":"A","1010":"E","1011":";","1012":"I","1013":"A","1014":"C","1015":"P","1016":";","1017":"I","1018":"A","1019":"C","1020":"A","1021":";","1022":"I","1023":"A","1024":"C","1025":"A","1026":";","1027":"I","1028":"A","1029":"C","1030":"A","1031":";","1032":"I","1033":"A","1034":"C","1035":"A","1036":";","1037":"I","1038":"A","1039":"A","1040":"G","1041":";","1042":"I","1043":"A","1044":"A","1045":"A","1046":";","1047":"I","1048":"A","1049":"A","1050":"A","1051":";","1052":"I","1053":"A","1054":"A","1055":"A","1056":";","1057":"I","1058":"A","1059":"A","1060":"A","1061":";","1062":"I","1063":"A","1064":"A","1065":"A","1066":",","1067":"Y","1068":"A","1069":"A","1070":"Y","1071":",","1072":"E","1073":"A","1074":"A","1075":"C","1076":";","1077":"I","1078":"A","1079":"A","1080":"C","1081":";","1082":"I","1083":"A","1084":"A","1085":"A","1086":";","1087":"I","1088":"A","1089":"A","1090":"A","1091":";","1092":"I","1093":"A","1094":"A","1095":"A","1096":",","1097":"U","1098":"A","1099":"A","1100":"U","1101":",","1102":"C","1103":"A","1104":"A","1105":"C","1106":";","1107":"E","1108":"A","1109":"C","1110":"9","1111":"B","1112":";","1113":"A","1114":"A","1115":"C","1116":"F","1117":",","1118":"C","1119":"A","1120":"A","1121":"C","1122":";","1123":"A","1124":"A","1125":"A","1126":"A","1127":";","1128":"A","1129":"A","1130":"A","1131":"A","1132":"\"","1133":",","1134":"\"","1135":"f","1136":"i","1137":"l","1138":"e","1139":"\"","1140":":","1141":"\"","1142":"/","1143":"U","1144":"s","1145":"e","1146":"r","1147":"s","1148":"/","1149":"c","1150":"h","1151":"i","1152":"m","1153":"e","1154":"d","1155":"o","1156":"c","1157":"h","1158":"i","1159":"r","1160":"/","1161":"D","1162":"e","1163":"s","1164":"k","1165":"t","1166":"o","1167":"p","1168":"/","1169":"j","1170":"o","1171":"b","1172":"-","1173":"s","1174":"e","1175":"a","1176":"r","1177":"c","1178":"h","1179":"/","1180":"s","1181":"r","1182":"c","1183":"/","1184":"c","1185":"o","1186":"m","1187":"p","1188":"o","1189":"n","1190":"e","1191":"n","1192":"t","1193":"s","1194":"/","1195":"N","1196":"a","1197":"v","1198":"i","1199":"g","1200":"a","1201":"t","1202":"i","1203":"o","1204":"n","1205":"/","1206":"M","1207":"a","1208":"i","1209":"n","1210":"N","1211":"a","1212":"v","1213":".","1214":"v","1215":"u","1216":"e","1217":"\"","1218":",","1219":"\"","1220":"s","1221":"o","1222":"u","1223":"r","1224":"c","1225":"e","1226":"s","1227":"C","1228":"o","1229":"n","1230":"t","1231":"e","1232":"n","1233":"t","1234":"\"","1235":":","1236":"[","1237":"\"","1238":"<","1239":"t","1240":"e","1241":"m","1242":"p","1243":"l","1244":"a","1245":"t","1246":"e","1247":">","1248":"\\","1249":"n","1250":" ","1251":" ","1252":"<","1253":"h","1254":"e","1255":"a","1256":"d","1257":"e","1258":"r","1259":" ","1260":":","1261":"c","1262":"l","1263":"a","1264":"s","1265":"s","1266":"=","1267":"\\","1268":"\"","1269":"[","1270":"'","1271":"w","1272":"-","1273":"f","1274":"u","1275":"l","1276":"l","1277":"'","1278":",","1279":" ","1280":"'","1281":"t","1282":"e","1283":"x","1284":"t","1285":"-","1286":"s","1287":"m","1288":"'","1289":",","1290":" ","1291":"h","1292":"e","1293":"a","1294":"d","1295":"e","1296":"r","1297":"H","1298":"e","1299":"i","1300":"g","1301":"h","1302":"t","1303":"C","1304":"l","1305":"a","1306":"s","1307":"s","1308":"]","1309":"\\","1310":"\"","1311":">","1312":"\\","1313":"n","1314":" ","1315":" ","1316":" ","1317":" ","1318":"<","1319":"d","1320":"i","1321":"v","1322":" ","1323":"c","1324":"l","1325":"a","1326":"s","1327":"s","1328":"=","1329":"\\","1330":"\"","1331":"f","1332":"i","1333":"x","1334":"e","1335":"d","1336":" ","1337":"t","1338":"o","1339":"p","1340":"-","1341":"0","1342":" ","1343":"l","1344":"e","1345":"f","1346":"t","1347":"-","1348":"0","1349":" ","1350":"h","1351":"-","1352":"1","1353":"6","1354":" ","1355":"w","1356":"-","1357":"f","1358":"u","1359":"l","1360":"l","1361":" ","1362":"b","1363":"g","1364":"-","1365":"w","1366":"h","1367":"i","1368":"t","1369":"e","1370":"\\","1371":"\"","1372":">","1373":"\\","1374":"n","1375":" ","1376":" ","1377":" ","1378":" ","1379":" ","1380":" ","1381":"<","1382":"d","1383":"i","1384":"v","1385":"\\","1386":"n","1387":" ","1388":" ","1389":" ","1390":" ","1391":" ","1392":" ","1393":" ","1394":" ","1395":"c","1396":"l","1397":"a","1398":"s","1399":"s","1400":"=","1401":"\\","1402":"\"","1403":"f","1404":"l","1405":"e","1406":"x","1407":" ","1408":"f","1409":"l","1410":"e","1411":"x","1412":"-","1413":"n","1414":"o","1415":"w","1416":"r","1417":"a","1418":"p","1419":" ","1420":"h","1421":"-","1422":"f","1423":"u","1424":"l","1425":"l","1426":" ","1427":"p","1428":"x","1429":"-","1430":"8","1431":" ","1432":"m","1433":"x","1434":"-","1435":"a","1436":"u","1437":"t","1438":"o","1439":" ","1440":"b","1441":"o","1442":"r","1443":"d","1444":"e","1445":"r","1446":"-","1447":"b","1448":" ","1449":"b","1450":"o","1451":"r","1452":"d","1453":"e","1454":"r","1455":"-","1456":"s","1457":"o","1458":"l","1459":"i","1460":"d","1461":" ","1462":"b","1463":"o","1464":"r","1465":"d","1466":"e","1467":"r","1468":"-","1469":"b","1470":"r","1471":"a","1472":"n","1473":"d","1474":"-","1475":"g","1476":"r","1477":"a","1478":"y","1479":"-","1480":"1","1481":"\\","1482":"\"","1483":"\\","1484":"n","1485":" ","1486":" ","1487":" ","1488":" ","1489":" ","1490":" ","1491":">","1492":"\\","1493":"n","1494":" ","1495":" ","1496":" ","1497":" ","1498":" ","1499":" ","1500":" ","1501":" ","1502":"<","1503":"a","1504":" ","1505":":","1506":"h","1507":"r","1508":"e","1509":"f","1510":"=","1511":"\\","1512":"\"","1513":"u","1514":"r","1515":"l","1516":"\\","1517":"\"","1518":" ","1519":"c","1520":"l","1521":"a","1522":"s","1523":"s","1524":"=","1525":"\\","1526":"\"","1527":"f","1528":"l","1529":"e","1530":"x","1531":" ","1532":"i","1533":"t","1534":"e","1535":"m","1536":"s","1537":"-","1538":"c","1539":"e","1540":"n","1541":"t","1542":"e","1543":"r","1544":" ","1545":"t","1546":"e","1547":"x","1548":"t","1549":"-","1550":"x","1551":"l","1552":" ","1553":"f","1554":"o","1555":"n","1556":"t","1557":"-","1558":"b","1559":"o","1560":"l","1561":"d","1562":" ","1563":"h","1564":"-","1565":"f","1566":"u","1567":"l","1568":"l","1569":"\\","1570":"\"","1571":">","1572":"{","1573":"{","1574":"\\","1575":"n","1576":" ","1577":" ","1578":" ","1579":" ","1580":" ","1581":" ","1582":" ","1583":" ","1584":" ","1585":" ","1586":"c","1587":"o","1588":"m","1589":"p","1590":"a","1591":"n","1592":"y","1593":"\\","1594":"n","1595":" ","1596":" ","1597":" ","1598":" ","1599":" ","1600":" ","1601":" ","1602":" ","1603":"}","1604":"}","1605":"<","1606":"/","1607":"a","1608":">","1609":"\\","1610":"n","1611":" ","1612":" ","1613":" ","1614":" ","1615":" ","1616":" ","1617":" ","1618":" ","1619":"<","1620":"n","1621":"a","1622":"v","1623":" ","1624":"c","1625":"l","1626":"a","1627":"s","1628":"s","1629":"=","1630":"\\","1631":"\"","1632":"h","1633":"-","1634":"f","1635":"u","1636":"l","1637":"l","1638":" ","1639":"m","1640":"l","1641":"-","1642":"1","1643":"2","1644":"\\","1645":"\"","1646":">","1647":"\\","1648":"n","1649":" ","1650":" ","1651":" ","1652":" ","1653":" ","1654":" ","1655":" ","1656":" ","1657":" ","1658":" ","1659":"<","1660":"u","1661":"l","1662":" ","1663":"c","1664":"l","1665":"a","1666":"s","1667":"s","1668":"=","1669":"\\","1670":"\"","1671":"f","1672":"l","1673":"e","1674":"x","1675":" ","1676":"m","1677":"-","1678":"0","1679":" ","1680":"p","1681":"-","1682":"0","1683":" ","1684":"h","1685":"-","1686":"f","1687":"u","1688":"l","1689":"l","1690":" ","1691":"l","1692":"i","1693":"s","1694":"t","1695":"-","1696":"n","1697":"o","1698":"n","1699":"e","1700":"\\","1701":"\"","1702":">","1703":"\\","1704":"n","1705":" ","1706":" ","1707":" ","1708":" ","1709":" ","1710":" ","1711":" ","1712":" ","1713":" ","1714":" ","1715":" ","1716":" ","1717":"<","1718":"l","1719":"i","1720":"\\","1721":"n","1722":" ","1723":" ","1724":" ","1725":" ","1726":" ","1727":" ","1728":" ","1729":" ","1730":" ","1731":" ","1732":" ","1733":" ","1734":" ","1735":" ","1736":"v","1737":"-","1738":"f","1739":"o","1740":"r","1741":"=","1742":"\\","1743":"\"","1744":"m","1745":"e","1746":"n","1747":"u","1748":"I","1749":"t","1750":"e","1751":"m","1752":" ","1753":"i","1754":"n","1755":" ","1756":"m","1757":"e","1758":"n","1759":"u","1760":"I","1761":"t","1762":"e","1763":"m","1764":"s","1765":"\\","1766":"\"","1767":"\\","1768":"n","1769":" ","1770":" ","1771":" ","1772":" ","1773":" ","1774":" ","1775":" ","1776":" ","1777":" ","1778":" ","1779":" ","1780":" ","1781":" ","1782":" ","1783":":","1784":"k","1785":"e","1786":"y","1787":"=","1788":"\\","1789":"\"","1790":"m","1791":"e","1792":"n","1793":"u","1794":"I","1795":"t","1796":"e","1797":"m","1798":".","1799":"n","1800":"a","1801":"m","1802":"e","1803":"\\","1804":"\"","1805":"\\","1806":"n","1807":" ","1808":" ","1809":" ","1810":" ","1811":" ","1812":" ","1813":" ","1814":" ","1815":" ","1816":" ","1817":" ","1818":" ","1819":" ","1820":" ","1821":"c","1822":"l","1823":"a","1824":"s","1825":"s","1826":"=","1827":"\\","1828":"\"","1829":"h","1830":"-","1831":"f","1832":"u","1833":"l","1834":"l","1835":" ","1836":"m","1837":"l","1838":"-","1839":"9","1840":" ","1841":"f","1842":"i","1843":"r","1844":"s","1845":"t","1846":":","1847":"m","1848":"l","1849":"-","1850":"0","1851":"\\","1852":"\"","1853":"\\","1854":"n","1855":" ","1856":" ","1857":" ","1858":" ","1859":" ","1860":" ","1861":" ","1862":" ","1863":" ","1864":" ","1865":" ","1866":" ","1867":">","1868":"\\","1869":"n","1870":" ","1871":" ","1872":" ","1873":" ","1874":" ","1875":" ","1876":" ","1877":" ","1878":" ","1879":" ","1880":" ","1881":" ","1882":" ","1883":" ","1884":"<","1885":"r","1886":"o","1887":"u","1888":"t","1889":"e","1890":"r","1891":"-","1892":"l","1893":"i","1894":"n","1895":"k","1896":"\\","1897":"n","1898":" ","1899":" ","1900":" ","1901":" ","1902":" ","1903":" ","1904":" ","1905":" ","1906":" ","1907":" ","1908":" ","1909":" ","1910":" ","1911":" ","1912":" ","1913":" ","1914":":","1915":"t","1916":"o","1917":"=","1918":"\\","1919":"\"","1920":"m","1921":"e","1922":"n","1923":"u","1924":"I","1925":"t","1926":"e","1927":"m","1928":".","1929":"u","1930":"r","1931":"l","1932":"\\","1933":"\"","1934":"\\","1935":"n","1936":" ","1937":" ","1938":" ","1939":" ","1940":" ","1941":" ","1942":" ","1943":" ","1944":" ","1945":" ","1946":" ","1947":" ","1948":" ","1949":" ","1950":" ","1951":" ","1952":"c","1953":"l","1954":"a","1955":"s","1956":"s","1957":"=","1958":"\\","1959":"\"","1960":"f","1961":"l","1962":"e","1963":"x","1964":" ","1965":"i","1966":"t","1967":"e","1968":"m","1969":"s","1970":"-","1971":"c","1972":"e","1973":"n","1974":"t","1975":"e","1976":"r","1977":" ","1978":"h","1979":"-","1980":"f","1981":"u","1982":"l","1983":"l","1984":" ","1985":"p","1986":"y","1987":"-","1988":"2","1989":".","1990":"5","1991":"\\","1992":"\"","1993":"\\","1994":"n","1995":" ","1996":" ","1997":" ","1998":" ","1999":" ","2000":" ","2001":" ","2002":" ","2003":" ","2004":" ","2005":" ","2006":" ","2007":" ","2008":" ","2009":" ","2010":" ","2011":">","2012":"{","2013":"{","2014":" ","2015":"m","2016":"e","2017":"n","2018":"u","2019":"I","2020":"t","2021":"e","2022":"m","2023":".","2024":"n","2025":"a","2026":"m","2027":"e","2028":" ","2029":"}","2030":"}","2031":"<","2032":"/","2033":"r","2034":"o","2035":"u","2036":"t","2037":"e","2038":"r","2039":"-","2040":"l","2041":"i","2042":"n","2043":"k","2044":"\\","2045":"n","2046":" ","2047":" ","2048":" ","2049":" ","2050":" ","2051":" ","2052":" ","2053":" ","2054":" ","2055":" ","2056":" ","2057":" ","2058":" ","2059":" ","2060":">","2061":"\\","2062":"n","2063":" ","2064":" ","2065":" ","2066":" ","2067":" ","2068":" ","2069":" ","2070":" ","2071":" ","2072":" ","2073":" ","2074":" ","2075":"<","2076":"/","2077":"l","2078":"i","2079":">","2080":"\\","2081":"n","2082":" ","2083":" ","2084":" ","2085":" ","2086":" ","2087":" ","2088":" ","2089":" ","2090":" ","2091":" ","2092":"<","2093":"/","2094":"u","2095":"l","2096":">","2097":"\\","2098":"n","2099":" ","2100":" ","2101":" ","2102":" ","2103":" ","2104":" ","2105":" ","2106":" ","2107":"<","2108":"/","2109":"n","2110":"a","2111":"v","2112":">","2113":"\\","2114":"n","2115":" ","2116":" ","2117":" ","2118":" ","2119":" ","2120":" ","2121":" ","2122":" ","2123":"<","2124":"d","2125":"i","2126":"v","2127":" ","2128":"c","2129":"l","2130":"a","2131":"s","2132":"s","2133":"=","2134":"\\","2135":"\"","2136":"f","2137":"l","2138":"e","2139":"x","2140":" ","2141":"i","2142":"t","2143":"e","2144":"m","2145":"s","2146":"-","2147":"c","2148":"e","2149":"n","2150":"t","2151":"e","2152":"r","2153":" ","2154":"h","2155":"-","2156":"f","2157":"u","2158":"l","2159":"l","2160":" ","2161":"m","2162":"l","2163":"-","2164":"a","2165":"u","2166":"t","2167":"o","2168":"\\","2169":"\"","2170":">","2171":"\\","2172":"n","2173":" ","2174":" ","2175":" ","2176":" ","2177":" ","2178":" ","2179":" ","2180":" ","2181":" ","2182":" ","2183":"<","2184":"p","2185":"r","2186":"o","2187":"f","2188":"i","2189":"l","2190":"e","2191":"-","2192":"i","2193":"m","2194":"a","2195":"g","2196":"e","2197":" ","2198":"v","2199":"-","2200":"i","2201":"f","2202":"=","2203":"\\","2204":"\"","2205":"i","2206":"s","2207":"L","2208":"o","2209":"g","2210":"g","2211":"e","2212":"d","2213":"I","2214":"n","2215":"\\","2216":"\"","2217":" ","2218":"d","2219":"a","2220":"t","2221":"a","2222":"-","2223":"t","2224":"e","2225":"s","2226":"t","2227":"=","2228":"\\","2229":"\"","2230":"p","2231":"r","2232":"o","2233":"f","2234":"i","2235":"l","2236":"e","2237":"-","2238":"i","2239":"m","2240":"a","2241":"g","2242":"e","2243":"\\","2244":"\"","2245":" ","2246":"/","2247":">","2248":"\\","2249":"n","2250":" ","2251":" ","2252":" ","2253":" ","2254":" ","2255":" ","2256":" ","2257":" ","2258":" ","2259":" ","2260":"<","2261":"a","2262":"c","2263":"t","2264":"i","2265":"o","2266":"n","2267":"-","2268":"b","2269":"u","2270":"t","2271":"t","2272":"o","2273":"n","2274":"\\","2275":"n","2276":" ","2277":" ","2278":" ","2279":" ","2280":" ","2281":" ","2282":" ","2283":" ","2284":" ","2285":" ","2286":" ","2287":" ","2288":"v","2289":"-","2290":"e","2291":"l","2292":"s","2293":"e","2294":"\\","2295":"n","2296":" ","2297":" ","2298":" ","2299":" ","2300":" ","2301":" ","2302":" ","2303":" ","2304":" ","2305":" ","2306":" ","2307":" ","2308":"t","2309":"y","2310":"p","2311":"e","2312":"=","2313":"\\","2314":"\"","2315":"p","2316":"r","2317":"i","2318":"m","2319":"a","2320":"r","2321":"y","2322":"\\","2323":"\"","2324":"\\","2325":"n","2326":" ","2327":" ","2328":" ","2329":" ","2330":" ","2331":" ","2332":" ","2333":" ","2334":" ","2335":" ","2336":" ","2337":" ","2338":"d","2339":"a","2340":"t","2341":"a","2342":"-","2343":"t","2344":"e","2345":"s","2346":"t","2347":"=","2348":"\\","2349":"\"","2350":"l","2351":"o","2352":"g","2353":"i","2354":"n","2355":"-","2356":"b","2357":"u","2358":"t","2359":"t","2360":"o","2361":"n","2362":"\\","2363":"\"","2364":"\\","2365":"n","2366":" ","2367":" ","2368":" ","2369":" ","2370":" ","2371":" ","2372":" ","2373":" ","2374":" ","2375":" ","2376":" ","2377":" ","2378":"t","2379":"e","2380":"x","2381":"t","2382":"=","2383":"\\","2384":"\"","2385":"S","2386":"i","2387":"g","2388":"n","2389":" ","2390":"i","2391":"n","2392":"\\","2393":"\"","2394":"\\","2395":"n","2396":" ","2397":" ","2398":" ","2399":" ","2400":" ","2401":" ","2402":" ","2403":" ","2404":" ","2405":" ","2406":" ","2407":" ","2408":"@","2409":"c","2410":"l","2411":"i","2412":"c","2413":"k","2414":"=","2415":"\\","2416":"\"","2417":"L","2418":"O","2419":"G","2420":"I","2421":"N","2422":"_","2423":"U","2424":"S","2425":"E","2426":"R","2427":"\\","2428":"\"","2429":"\\","2430":"n","2431":" ","2432":" ","2433":" ","2434":" ","2435":" ","2436":" ","2437":" ","2438":" ","2439":" ","2440":" ","2441":"/","2442":">","2443":"\\","2444":"n","2445":" ","2446":" ","2447":" ","2448":" ","2449":" ","2450":" ","2451":" ","2452":" ","2453":"<","2454":"/","2455":"d","2456":"i","2457":"v","2458":">","2459":"\\","2460":"n","2461":" ","2462":" ","2463":" ","2464":" ","2465":" ","2466":" ","2467":"<","2468":"/","2469":"d","2470":"i","2471":"v","2472":">","2473":"\\","2474":"n","2475":"\\","2476":"n","2477":" ","2478":" ","2479":" ","2480":" ","2481":" ","2482":" ","2483":"<","2484":"s","2485":"u","2486":"b","2487":"-","2488":"n","2489":"a","2490":"v","2491":" ","2492":"v","2493":"-","2494":"i","2495":"f","2496":"=","2497":"\\","2498":"\"","2499":"i","2500":"s","2501":"L","2502":"o","2503":"g","2504":"g","2505":"e","2506":"d","2507":"I","2508":"n","2509":"\\","2510":"\"","2511":" ","2512":"d","2513":"a","2514":"t","2515":"a","2516":"-","2517":"t","2518":"e","2519":"s","2520":"t","2521":"=","2522":"\\","2523":"\"","2524":"s","2525":"u","2526":"b","2527":"n","2528":"a","2529":"v","2530":"\\","2531":"\"","2532":">","2533":"<","2534":"/","2535":"s","2536":"u","2537":"b","2538":"-","2539":"n","2540":"a","2541":"v","2542":">","2543":"\\","2544":"n","2545":" ","2546":" ","2547":" ","2548":" ","2549":"<","2550":"/","2551":"d","2552":"i","2553":"v","2554":">","2555":"\\","2556":"n","2557":" ","2558":" ","2559":"<","2560":"/","2561":"h","2562":"e","2563":"a","2564":"d","2565":"e","2566":"r","2567":">","2568":"\\","2569":"n","2570":"<","2571":"/","2572":"t","2573":"e","2574":"m","2575":"p","2576":"l","2577":"a","2578":"t","2579":"e","2580":">","2581":"\\","2582":"n","2583":"<","2584":"s","2585":"c","2586":"r","2587":"i","2588":"p","2589":"t","2590":">","2591":"\\","2592":"n","2593":"i","2594":"m","2595":"p","2596":"o","2597":"r","2598":"t","2599":" ","2600":"{","2601":" ","2602":"m","2603":"a","2604":"p","2605":"S","2606":"t","2607":"a","2608":"t","2609":"e","2610":",","2611":" ","2612":"m","2613":"a","2614":"p","2615":"M","2616":"u","2617":"t","2618":"a","2619":"t","2620":"i","2621":"o","2622":"n","2623":"s","2624":" ","2625":"}","2626":" ","2627":"f","2628":"r","2629":"o","2630":"m","2631":" ","2632":"\\","2633":"\"","2634":"v","2635":"u","2636":"e","2637":"x","2638":"\\","2639":"\"","2640":";","2641":"\\","2642":"n","2643":"i","2644":"m","2645":"p","2646":"o","2647":"r","2648":"t","2649":" ","2650":"A","2651":"c","2652":"t","2653":"i","2654":"o","2655":"n","2656":"B","2657":"u","2658":"t","2659":"t","2660":"o","2661":"n","2662":" ","2663":"f","2664":"r","2665":"o","2666":"m","2667":" ","2668":"\\","2669":"\"","2670":"@","2671":"/","2672":"c","2673":"o","2674":"m","2675":"p","2676":"o","2677":"n","2678":"e","2679":"n","2680":"t","2681":"s","2682":"/","2683":"S","2684":"h","2685":"a","2686":"r","2687":"e","2688":"d","2689":"/","2690":"A","2691":"c","2692":"t","2693":"i","2694":"o","2695":"n","2696":"B","2697":"u","2698":"t","2699":"t","2700":"o","2701":"n","2702":".","2703":"v","2704":"u","2705":"e","2706":"\\","2707":"\"","2708":";","2709":"\\","2710":"n","2711":"i","2712":"m","2713":"p","2714":"o","2715":"r","2716":"t","2717":" ","2718":"P","2719":"r","2720":"o","2721":"f","2722":"i","2723":"l","2724":"e","2725":"I","2726":"m","2727":"a","2728":"g","2729":"e","2730":" ","2731":"f","2732":"r","2733":"o","2734":"m","2735":" ","2736":"\\","2737":"\"","2738":"@","2739":"/","2740":"c","2741":"o","2742":"m","2743":"p","2744":"o","2745":"n","2746":"e","2747":"n","2748":"t","2749":"s","2750":"/","2751":"N","2752":"a","2753":"v","2754":"i","2755":"g","2756":"a","2757":"t","2758":"i","2759":"o","2760":"n","2761":"/","2762":"P","2763":"r","2764":"o","2765":"f","2766":"i","2767":"l","2768":"e","2769":"I","2770":"m","2771":"a","2772":"g","2773":"e","2774":".","2775":"v","2776":"u","2777":"e","2778":"\\","2779":"\"","2780":";","2781":"\\","2782":"n","2783":"i","2784":"m","2785":"p","2786":"o","2787":"r","2788":"t","2789":" ","2790":"S","2791":"u","2792":"b","2793":"N","2794":"a","2795":"v","2796":" ","2797":"f","2798":"r","2799":"o","2800":"m","2801":" ","2802":"\\","2803":"\"","2804":"@","2805":"/","2806":"c","2807":"o","2808":"m","2809":"p","2810":"o","2811":"n","2812":"e","2813":"n","2814":"t","2815":"s","2816":"/","2817":"N","2818":"a","2819":"v","2820":"i","2821":"g","2822":"a","2823":"t","2824":"i","2825":"o","2826":"n","2827":"/","2828":"S","2829":"u","2830":"b","2831":"N","2832":"a","2833":"v","2834":".","2835":"v","2836":"u","2837":"e","2838":"\\","2839":"\"","2840":";","2841":"\\","2842":"n","2843":"i","2844":"m","2845":"p","2846":"o","2847":"r","2848":"t","2849":" ","2850":"{","2851":" ","2852":"L","2853":"O","2854":"G","2855":"I","2856":"N","2857":"_","2858":"U","2859":"S","2860":"E","2861":"R","2862":" ","2863":"}","2864":" ","2865":"f","2866":"r","2867":"o","2868":"m","2869":" ","2870":"\\","2871":"\"","2872":"@","2873":"/","2874":"s","2875":"t","2876":"o","2877":"r","2878":"e","2879":"/","2880":"c","2881":"o","2882":"n","2883":"s","2884":"t","2885":"a","2886":"n","2887":"t","2888":"s","2889":"\\","2890":"\"","2891":";","2892":"\\","2893":"n","2894":"e","2895":"x","2896":"p","2897":"o","2898":"r","2899":"t","2900":" ","2901":"d","2902":"e","2903":"f","2904":"a","2905":"u","2906":"l","2907":"t","2908":" ","2909":"{","2910":"\\","2911":"n","2912":" ","2913":" ","2914":"n","2915":"a","2916":"m","2917":"e","2918":":","2919":" ","2920":"\\","2921":"\"","2922":"M","2923":"a","2924":"i","2925":"n","2926":"N","2927":"a","2928":"v","2929":"\\","2930":"\"","2931":",","2932":"\\","2933":"n","2934":" ","2935":" ","2936":"c","2937":"o","2938":"m","2939":"p","2940":"o","2941":"n","2942":"e","2943":"n","2944":"t","2945":"s","2946":":","2947":" ","2948":"{","2949":"\\","2950":"n","2951":" ","2952":" ","2953":" ","2954":" ","2955":"A","2956":"c","2957":"t","2958":"i","2959":"o","2960":"n","2961":"B","2962":"u","2963":"t","2964":"t","2965":"o","2966":"n","2967":",","2968":"\\","2969":"n","2970":" ","2971":" ","2972":" ","2973":" ","2974":"P","2975":"r","2976":"o","2977":"f","2978":"i","2979":"l","2980":"e","2981":"I","2982":"m","2983":"a","2984":"g","2985":"e","2986":",","2987":"\\","2988":"n","2989":" ","2990":" ","2991":" ","2992":" ","2993":"S","2994":"u","2995":"b","2996":"N","2997":"a","2998":"v","2999":",","3000":"\\","3001":"n","3002":" ","3003":" ","3004":"}","3005":",","3006":"\\","3007":"n","3008":" ","3009":" ","3010":"d","3011":"a","3012":"t","3013":"a","3014":"(","3015":")","3016":" ","3017":"{","3018":"\\","3019":"n","3020":" ","3021":" ","3022":" ","3023":" ","3024":"r","3025":"e","3026":"t","3027":"u","3028":"r","3029":"n","3030":" ","3031":"{","3032":"\\","3033":"n","3034":" ","3035":" ","3036":" ","3037":" ","3038":" ","3039":" ","3040":"u","3041":"r","3042":"l","3043":":","3044":" ","3045":"\\","3046":"\"","3047":"h","3048":"t","3049":"t","3050":"p","3051":"s","3052":":","3053":"/","3054":"/","3055":"c","3056":"a","3057":"r","3058":"e","3059":"e","3060":"r","3061":"s","3062":".","3063":"g","3064":"o","3065":"o","3066":"g","3067":"l","3068":"e","3069":".","3070":"c","3071":"o","3072":"m","3073":"\\","3074":"\"","3075":",","3076":"\\","3077":"n","3078":" ","3079":" ","3080":" ","3081":" ","3082":" ","3083":" ","3084":"c","3085":"o","3086":"m","3087":"p","3088":"a","3089":"n","3090":"y","3091":":","3092":" ","3093":"\\","3094":"\"","3095":"G","3096":"o","3097":"o","3098":"g","3099":"l","3100":"e","3101":" ","3102":"C","3103":"a","3104":"r","3105":"e","3106":"e","3107":"r","3108":"s","3109":"\\","3110":"\"","3111":",","3112":"\\","3113":"n","3114":" ","3115":" ","3116":" ","3117":" ","3118":" ","3119":" ","3120":"m","3121":"e","3122":"n","3123":"u","3124":"I","3125":"t","3126":"e","3127":"m","3128":"s","3129":":","3130":" ","3131":"[","3132":"\\","3133":"n","3134":" ","3135":" ","3136":" ","3137":" ","3138":" ","3139":" ","3140":" ","3141":" ","3142":"{","3143":" ","3144":"n","3145":"a","3146":"m","3147":"e","3148":":","3149":" ","3150":"\\","3151":"\"","3152":"T","3153":"e","3154":"a","3155":"m","3156":"s","3157":"\\","3158":"\"","3159":",","3160":" ","3161":"u","3162":"r","3163":"l","3164":":","3165":" ","3166":"\\","3167":"\"","3168":"/","3169":"t","3170":"e","3171":"a","3172":"m","3173":"s","3174":"\\","3175":"\"","3176":" ","3177":"}","3178":",","3179":"\\","3180":"n","3181":" ","3182":" ","3183":" ","3184":" ","3185":" ","3186":" ","3187":" ","3188":" ","3189":"{","3190":" ","3191":"n","3192":"a","3193":"m","3194":"e","3195":":","3196":" ","3197":"\\","3198":"\"","3199":"L","3200":"o","3201":"c","3202":"a","3203":"t","3204":"i","3205":"o","3206":"n","3207":"\\","3208":"\"","3209":",","3210":" ","3211":"u","3212":"r","3213":"l","3214":":","3215":" ","3216":"\\","3217":"\"","3218":"/","3219":"\\","3220":"\"","3221":" ","3222":"}","3223":",","3224":"\\","3225":"n","3226":" ","3227":" ","3228":" ","3229":" ","3230":" ","3231":" ","3232":" ","3233":" ","3234":"{","3235":" ","3236":"n","3237":"a","3238":"m","3239":"e","3240":":","3241":" ","3242":"\\","3243":"\"","3244":"L","3245":"i","3246":"f","3247":"e","3248":" ","3249":"a","3250":"t","3251":" ","3252":"B","3253":"o","3254":"b","3255":"o","3256":" ","3257":"C","3258":"o","3259":"r","3260":"p","3261":"\\","3262":"\"","3263":",","3264":" ","3265":"u","3266":"r","3267":"l","3268":":","3269":" ","3270":"\\","3271":"\"","3272":"/","3273":"\\","3274":"\"","3275":" ","3276":"}","3277":",","3278":"\\","3279":"n","3280":" ","3281":" ","3282":" ","3283":" ","3284":" ","3285":" ","3286":" ","3287":" ","3288":"{","3289":" ","3290":"n","3291":"a","3292":"m","3293":"e","3294":":","3295":" ","3296":"\\","3297":"\"","3298":"H","3299":"o","3300":"w","3301":" ","3302":"w","3303":"e","3304":" ","3305":"h","3306":"i","3307":"r","3308":"e","3309":"\\","3310":"\"","3311":",","3312":" ","3313":"u","3314":"r","3315":"l","3316":":","3317":" ","3318":"\\","3319":"\"","3320":"/","3321":"\\","3322":"\"","3323":" ","3324":"}","3325":",","3326":"\\","3327":"n","3328":" ","3329":" ","3330":" ","3331":" ","3332":" ","3333":" ","3334":" ","3335":" ","3336":"{","3337":" ","3338":"n","3339":"a","3340":"m","3341":"e","3342":":","3343":" ","3344":"\\","3345":"\"","3346":"S","3347":"t","3348":"u","3349":"d","3350":"e","3351":"n","3352":"t","3353":"s","3354":"\\","3355":"\"","3356":",","3357":" ","3358":"u","3359":"r","3360":"l","3361":":","3362":" ","3363":"\\","3364":"\"","3365":"/","3366":"\\","3367":"\"","3368":" ","3369":"}","3370":",","3371":"\\","3372":"n","3373":" ","3374":" ","3375":" ","3376":" ","3377":" ","3378":" ","3379":" ","3380":" ","3381":"{","3382":" ","3383":"n","3384":"a","3385":"m","3386":"e","3387":":","3388":" ","3389":"\\","3390":"\"","3391":"J","3392":"o","3393":"b","3394":"s","3395":"\\","3396":"\"","3397":",","3398":" ","3399":"u","3400":"r","3401":"l","3402":":","3403":" ","3404":"\\","3405":"\"","3406":"/","3407":"j","3408":"o","3409":"b","3410":"s","3411":"/","3412":"r","3413":"e","3414":"s","3415":"u","3416":"l","3417":"t","3418":"s","3419":"\\","3420":"\"","3421":" ","3422":"}","3423":",","3424":"\\","3425":"n","3426":" ","3427":" ","3428":" ","3429":" ","3430":" ","3431":" ","3432":"]","3433":",","3434":"\\","3435":"n","3436":" ","3437":" ","3438":" ","3439":" ","3440":"}","3441":";","3442":"\\","3443":"n","3444":" ","3445":" ","3446":"}","3447":",","3448":"\\","3449":"n","3450":" ","3451":" ","3452":"c","3453":"o","3454":"m","3455":"p","3456":"u","3457":"t","3458":"e","3459":"d","3460":":","3461":" ","3462":"{","3463":"\\","3464":"n","3465":" ","3466":" ","3467":" ","3468":" ","3469":"h","3470":"e","3471":"a","3472":"d","3473":"e","3474":"r","3475":"H","3476":"e","3477":"i","3478":"g","3479":"h","3480":"t","3481":"C","3482":"l","3483":"a","3484":"s","3485":"s","3486":"(","3487":")","3488":" ","3489":"{","3490":"\\","3491":"n","3492":" ","3493":" ","3494":" ","3495":" ","3496":" ","3497":" ","3498":"r","3499":"e","3500":"t","3501":"u","3502":"r","3503":"n","3504":" ","3505":"{","3506":"\\","3507":"n","3508":" ","3509":" ","3510":" ","3511":" ","3512":" ","3513":" ","3514":" ","3515":" ","3516":"\\","3517":"\"","3518":"h","3519":"-","3520":"1","3521":"6","3522":"\\","3523":"\"","3524":":","3525":" ","3526":"!","3527":"t","3528":"h","3529":"i","3530":"s","3531":".","3532":"i","3533":"s","3534":"L","3535":"o","3536":"g","3537":"g","3538":"e","3539":"d","3540":"I","3541":"n","3542":",","3543":"\\","3544":"n","3545":" ","3546":" ","3547":" ","3548":" ","3549":" ","3550":" ","3551":" ","3552":" ","3553":"\\","3554":"\"","3555":"h","3556":"-","3557":"3","3558":"2","3559":"\\","3560":"\"","3561":":","3562":" ","3563":"t","3564":"h","3565":"i","3566":"s","3567":".","3568":"i","3569":"s","3570":"L","3571":"o","3572":"g","3573":"g","3574":"e","3575":"d","3576":"I","3577":"n","3578":",","3579":"\\","3580":"n","3581":" ","3582":" ","3583":" ","3584":" ","3585":" ","3586":" ","3587":"}","3588":";","3589":"\\","3590":"n","3591":" ","3592":" ","3593":" ","3594":" ","3595":"}","3596":",","3597":"\\","3598":"n","3599":" ","3600":" ","3601":" ","3602":" ","3603":"/","3604":"/","3605":" ","3606":"i","3607":"s","3608":"L","3609":"o","3610":"g","3611":"g","3612":"e","3613":"d","3614":"I","3615":"n","3616":"(","3617":")","3618":" ","3619":"{","3620":"\\","3621":"n","3622":" ","3623":" ","3624":" ","3625":" ","3626":"/","3627":"/","3628":" ","3629":" ","3630":" ","3631":"r","3632":"e","3633":"t","3634":"u","3635":"r","3636":"n","3637":" ","3638":"t","3639":"h","3640":"i","3641":"s",
[...]
ne":46,"column":5}}],"line":44},"1":{"loc":{"start":{"line":45,"column":13},"end":{"line":45,"column":63}},"type":"binary-expr","locations":[{"start":{"line":45,"column":13},"end":{"line":45,"column":29}},{"start":{"line":45,"column":33},"end":{"line":45,"column":63}}],"line":45}},"s":{"0":2,"1":2,"2":2,"3":5,"4":2,"5":2,"6":2,"7":2,"8":2,"9":5,"10":5,"11":2},"f":{"0":5,"1":5,"2":5},"b":{"0":[5,3],"1":[5,5]},"inputSourceMap":{"0":"{","1":"\"","2":"v","3":"e","4":"r","5":"s","6":"i","7":"o","8":"n","9":"\"","10":":","11":"3","12":",","13":"\"","14":"s","15":"o","16":"u","17":"r","18":"c","19":"e","20":"s","21":"\"","22":":","23":"[","24":"\"","25":"/","26":"U","27":"s","28":"e","29":"r","30":"s","31":"/","32":"c","33":"h","34":"i","35":"m","36":"e","37":"d","38":"o","39":"c","40":"h","41":"i","42":"r","43":"/","44":"D","45":"e","46":"s","47":"k","48":"t","49":"o","50":"p","51":"/","52":"j","53":"o","54":"b","55":"-","56":"s","57":"e","58":"a","59":"r","60":"c","61":"h","62":"/","63":"s","64":"r","65":"c","66":"/","67":"c","68":"o","69":"m","70":"p","71":"o","72":"n","73":"e","74":"n","75":"t","76":"s","77":"/","78":"S","79":"h","80":"a","81":"r","82":"e","83":"d","84":"/","85":"T","86":"e","87":"x","88":"t","89":"I","90":"n","91":"p","92":"u","93":"t","94":".","95":"v","96":"u","97":"e","98":"\"","99":"]","100":",","101":"\"","102":"n","103":"a","104":"m","105":"e","106":"s","107":"\"","108":":","109":"[","110":"]","111":",","112":"\"","113":"m","114":"a","115":"p","116":"p","117":"i","118":"n","119":"g","120":"s","121":"\"","122":":","123":"\"","124":";","125":";","126":";","127":";","128":";","129":";","130":";","131":"e","132":"A","133":"U","134":"e","135":";","136":"E","137":"A","138":"C","139":"b","140":",","141":"I","142":"A","143":"A","144":"I","145":",","146":"E","147":"A","148":"A","149":"E","150":",","151":"W","152":"A","153":"A","154":"W","155":";","156":"E","157":"A","158":"C","159":"j","160":"B","161":",","162":"K","163":"A","164":"A","165":"K","166":",","167":"E","168":"A","169":"A","170":"E","171":";","172":"I","173":"A","174":"C","175":"L","176":",","177":"W","178":"A","179":"A","180":"W","181":",","182":"E","183":"A","184":"A","185":"E","186":";","187":"M","188":"A","189":"A","190":"E","191":",","192":"I","193":"A","194":"A","195":"I","196":",","197":"E","198":"A","199":"A","200":"E","201":",","202":"M","203":"A","204":"A","205":"M","206":";","207":"M","208":"A","209":"A","210":"E","211":",","212":"Q","213":"A","214":"A","215":"Q","216":",","217":"E","218":"A","219":"A","220":"E","221":",","222":"K","223":"A","224":"A","225":"K","226":";","227":"M","228":"A","229":"A","230":"E","231":",","232":"O","233":"A","234":"A","235":"O","236":",","237":"E","238":"A","239":"A","240":"E","241":";","242":"I","243":"A","244":"A","245":"G","246":",","247":"C","248":"A","249":"A","250":"C","251":";","252":"I","253":"A","254":"C","255":"3","256":"D","257":",","258":"U","259":"A","260":"A","261":"U","262":",","263":"E","264":"A","265":"A","266":"E","267":";","268":"M","269":"A","270":"C","271":"V","272":",","273":"I","274":"A","275":"A","276":"I","277":",","278":"E","279":"A","280":"A","281":"E","282":",","283":"M","284":"A","285":"A","286":"M","287":";","288":"M","289":"A","290":"C","291":"Z","292":",","293":"Q","294":"A","295":"A","296":"Q","297":",","298":"E","299":"A","300":"A","301":"E","302":";","303":"I","304":"A","305":"C","306":"Z","307":";","308":"E","309":"A","310":"C","311":"F","312":",","313":"C","314":"A","315":"A","316":"C","317":";","318":"E","319":"A","320":"C","321":"D","322":",","323":"K","324":"A","325":"A","326":"K","327":",","328":"E","329":"A","330":"A","331":"E","332":",","333":"C","334":"A","335":"A","336":"C","337":",","338":"m","339":"B","340":"A","341":"A","342":"m","343":"B","344":",","345":"C","346":"A","347":"A","348":"C","349":";","350":"E","351":"A","352":"E","353":"5","354":"B","355":",","356":"O","357":"A","358":"A","359":"O","360":",","361":"E","362":"A","363":"A","364":"E","365":";","366":"I","367":"A","368":"C","369":"P","370":",","371":"W","372":"A","373":"A","374":"W","375":",","376":"C","377":"A","378":"A","379":"C","380":",","381":"M","382":"A","383":"A","384":"M","385":",","386":"E","387":"A","388":"A","389":"E","390":";","391":"M","392":"A","393":"C","394":"l","395":"B","396":",","397":"I","398":"A","399":"A","400":"I","401":",","402":"C","403":"A","404":"A","405":"C","406":",","407":"K","408":"A","409":"A","410":"K","411":",","412":"C","413":"A","414":"A","415":"C","416":",","417":"m","418":"B","419":"A","420":"A","421":"m","422":"B","423":",","424":"E","425":"A","426":"A","427":"E","428":",","429":"M","430":"A","431":"A","432":"M","433":",","434":"C","435":"A","436":"A","437":"C","438":",","439":"M","440":"A","441":"A","442":"M","443":",","444":"C","445":"A","446":"A","447":"C","448":",","449":"K","450":"A","451":"A","452":"K","453":",","454":"C","455":"A","456":"A","457":"C","458":";","459":"I","460":"A","461":"C","462":"t","463":"D","464":";","465":"E","466":"A","467":"C","468":"F","469":";","470":"A","471":"A","472":"C","473":"F","474":",","475":"C","476":"A","477":"A","478":"C","479":";","480":"A","481":"A","482":"A","483":"A","484":";","485":"A","486":"A","487":"A","488":"A","489":"\"","490":",","491":"\"","492":"f","493":"i","494":"l","495":"e","496":"\"","497":":","498":"\"","499":"/","500":"U","501":"s","502":"e","503":"r","504":"s","505":"/","506":"c","507":"h","508":"i","509":"m","510":"e","511":"d","512":"o","513":"c","514":"h","515":"i","516":"r","517":"/","518":"D","519":"e","520":"s","521":"k","522":"t","523":"o","524":"p","525":"/","526":"j","527":"o","528":"b","529":"-","530":"s","531":"e","532":"a","533":"r","534":"c","535":"h","536":"/","537":"s","538":"r","539":"c","540":"/","541":"c","542":"o","543":"m","544":"p","545":"o","546":"n","547":"e","548":"n","549":"t","550":"s","551":"/","552":"S","553":"h","554":"a","555":"r","556":"e","557":"d","558":"/","559":"T","560":"e","561":"x","562":"t","563":"I","564":"n","565":"p","566":"u","567":"t","568":".","569":"v","570":"u","571":"e","572":"\"","573":",","574":"\"","575":"s","576":"o","577":"u","578":"r","579":"c","580":"e","581":"s","582":"C","583":"o","584":"n","585":"t","586":"e","587":"n","588":"t","589":"\"","590":":","591":"[","592":"\"","593":"<","594":"t","595":"e","596":"m","597":"p","598":"l","599":"a","600":"t","601":"e","602":">","603":"\\","604":"n","605":" ","606":" ","607":"<","608":"i","609":"n","610":"p","611":"u","612":"t","613":"\\","614":"n","615":" ","616":" ","617":" ","618":" ","619":"t","620":"y","621":"p","622":"e","623":"=","624":"\\","625":"\"","626":"t","627":"e","628":"x","629":"t","630":"\\","631":"\"","632":"\\","633":"n","634":" ","635":" ","636":" ","637":" ","638":":","639":"p","640":"l","641":"a","642":"c","643":"e","644":"h","645":"o","646":"l","647":"d","648":"e","649":"r","650":"=","651":"\\","652":"\"","653":"p","654":"l","655":"a","656":"c","657":"e","658":"h","659":"o","660":"l","661":"d","662":"e","663":"r","664":"\\","665":"\"","666":"\\","667":"n","668":" ","669":" ","670":" ","671":" ","672":":","673":"v","674":"a","675":"l","676":"u","677":"e","678":"=","679":"\\","680":"\"","681":"m","682":"o","683":"d","684":"e","685":"l","686":"V","687":"a","688":"l","689":"u","690":"e","691":"\\","692":"\"","693":"\\","694":"n","695":" ","696":" ","697":" ","698":" ","699":"c","700":"l","701":"a","702":"s","703":"s","704":"=","705":"\\","706":"\"","707":"w","708":"-","709":"f","710":"u","711":"l","712":"l","713":" ","714":"t","715":"e","716":"x","717":"t","718":"-","719":"l","720":"g","721":" ","722":"f","723":"o","724":"n","725":"t","726":"-","727":"n","728":"o","729":"r","730":"m","731":"a","732":"l","733":" ","734":"f","735":"o","736":"c","737":"u","738":"s","739":":","740":"o","741":"u","742":"t","743":"l","744":"i","745":"n","746":"e","747":"-","748":"n","749":"o","750":"n","751":"e","752":"\\","753":"\"","754":"\\","755":"n","756":" ","757":" ","758":" ","759":" ","760":"@","761":"i","762":"n","763":"p","764":"u","765":"t","766":"=","767":"\\","768":"\"","769":"h","770":"a","771":"n","772":"d","773":"l","774":"e","775":"I","776":"n","777":"p","778":"u","779":"t","780":"\\","781":"\"","782":"\\","783":"n","784":" ","785":" ","786":"/","787":">","788":"\\","789":"n","790":"<","791":"/","792":"t","793":"e","794":"m","795":"p","796":"l","797":"a","798":"t","799":"e","800":">","801":"\\","802":"n","803":"<","804":"s","805":"c","806":"r","807":"i","808":"p","809":"t","810":">","811":"\\","812":"n","813":"e","814":"x","815":"p","816":"o","817":"r","818":"t","819":" ","820":"d","821":"e","822":"f","823":"a","824":"u","825":"l","826":"t","827":" ","828":"{","829":"\\","830":"n","831":" ","832":" ","833":"n","834":"a","835":"m","836":"e","837":":","838":" ","839":"\\","840":"\"","841":"T","842":"e","843":"x","844":"t","845":"I","846":"n","847":"p","848":"u","849":"t","850":"\\","851":"\"","852":",","853":"\\","854":"n","855":" ","856":" ","857":"p","858":"r","859":"o","860":"p","861":"s","862":":","863":" ","864":"{","865":"\\","866":"n","867":" ","868":" ","869":" ","870":" ","871":"p","872":"l","873":"a","874":"c","875":"e","876":"h","877":"o","878":"l","879":"d","880":"e","881":"r","882":":","883":" ","884":"{","885":" ","886":"t","887":"y","888":"p","889":"e","890":":","891":" ","892":"S","893":"t","894":"r","895":"i","896":"n","897":"g","898":",","899":" ","900":"r","901":"e","902":"q","903":"u","904":"i","905":"r","906":"e","907":"d","908":":","909":" ","910":"f","911":"a","912":"l","913":"s","914":"e","915":",","916":" ","917":"d","918":"e","919":"f","920":"a","921":"u","922":"l","923":"t","924":":","925":" ","926":"\\","927":"\"","928":"\\","929":"\"","930":" ","931":"}","932":",","933":"\\","934":"n","935":" ","936":" ","937":" ","938":" ","939":"m","940":"o","941":"d","942":"e","943":"l","944":"V","945":"a","946":"l","947":"u","948":"e","949":":","950":" ","951":"{","952":"\\","953":"n","954":" ","955":" ","956":" ","957":" ","958":" ","959":" ","960":"t","961":"y","962":"p","963":"e","964":":","965":" ","966":"S","967":"t","968":"r","969":"i","970":"n","971":"g","972":",","973":"\\","974":"n","975":" ","976":" ","977":" ","978":" ","979":" ","980":" ","981":"r","982":"e","983":"q","984":"u","985":"i","986":"r","987":"e","988":"d","989":":","990":" ","991":"t","992":"r","993":"u","994":"e","995":",","996":"\\","997":"n","998":" ","999":" ","1000":" ","1001":" ","1002":"}","1003":",","1004":"\\","1005":"n","1006":" ","1007":" ","1008":"}","1009":",","1010":"\\","1011":"n","1012":" ","1013":" ","1014":"e","1015":"m","1016":"i","1017":"t","1018":"s","1019":":","1020":" ","1021":"[","1022":"\\","1023":"\"","1024":"u","1025":"p","1026":"d","1027":"a","1028":"t","1029":"e","1030":":","1031":"m","1032":"o","1033":"d","1034":"e","1035":"l","1036":"V","1037":"a","1038":"l","1039":"u","1040":"e","1041":"\\","1042":"\"","1043":"]","1044":",","1045":"\\","1046":"n","1047":"\\","1048":"n","1049":" ","1050":" ","1051":"m","1052":"e","1053":"t","1054":"h","1055":"o","1056":"d","1057":"s","1058":":","1059":" ","1060":"{","1061":"\\","1062":"n","1063":" ","1064":" ","1065":" ","1066":" ","1067":"h","1068":"a","1069":"n","1070":"d","1071":"l","1072":"e","1073":"I","1074":"n","1075":"p","1076":"u","1077":"t","1078":"(","1079":"$","1080":"e","1081":"v","1082":"e","1083":"n","1084":"t","1085":")","1086":" ","1087":"{","1088":"\\","1089":"n","1090":" ","1091":" ","1092":" ","1093":" ","1094":" ","1095":" ","1096":"t","1097":"h","1098":"i","1099":"s","1100":".","1101":"$","1102":"e","1103":"m","1104":"i","1105":"t","1106":"(","1107":"\\","1108":"\"","1109":"u","1110":"p","1111":"d","1112":"a","1113":"t","1114":"e","1115":":","1116":"m","1117":"o","1118":"d","1119":"e","1120":"l","1121":"V","1122":"a","1123":"l","1124":"u","1125":"e","1126":"\\","1127":"\"","1128":",","1129":" ","1130":"$","1131":"e","1132":"v","1133":"e","1134":"n","1135":"t","1136":".","1137":"t","1138":"a","1139":"r","1140":"g","1141":"e","1142":"t","1143":".","1144":"v","1145":"a","1146":"l","1147":"u","1148":"e","1149":")","1150":";","1151":"\\","1152":"n","1153":" ","1154":" ","1155":" ","1156":" ","1157":"}","1158":",","1159":"\\","1160":"n","1161":" ","1162":" ","1163":"}","1164":",","1165":"\\","1166":"n","1167":"}","1168":";","1169":"\\","1170":"n","1171":"<","1172":"/","1173":"s","1174":"c","1175":"r","1176":"i","1177":"p","1178":"t","1179":">","1180":"\\","1181":"n","1182":"\"","1183":"]","1184":"}"},"_coverageSchema":"1a1c01bbd47fc00a2c39e90264f33305004495a9","hash":"610d983bd08259b34f1f91f690df894238150a64"}
,"/Users/chimedochir/Desktop/job-search/src/composable/useConfirmRoute.js": {"path":"/Users/chimedochir/Desktop/job-search/src/composable/useConfirmRoute.js","statementMap":{"0":{"start":{"line":3,"column":24},"end":{"line":6,"column":1}},"1":{"start":{"line":4,"column":17},"end":{"line":4,"column":27}},"2":{"start":{"line":5,"column":2},"end":{"line":5,"column":51}},"3":{"start":{"line":5,"column":24},"end":{"line":5,"column":49}}},"fnMap":{"0":{"name":"(anonymous_0)","decl":{"start":{"line":3,"column":24},"end":{"line":3,"column":25}},"loc":{"start":{"line":3,"column":39},"end":{"line":6,"column":1}},"line":3},"1":{"name":"(anonymous_1)","decl":{"start":{"line":5,"column":18},"end":{"line":5,"column":19}},"loc":{"start":{"line":5,"column":24},"end":{"line":5,"column":49}},"line":5}},"branchMap":{},"s":{"0":1,"1":0,"2":0,"3":0},"f":{"0":0,"1":0},"b":{},"_coverageSchema":"1a1c01bbd47fc00a2c39e90264f33305004495a9","hash":"c07469a2eac2a9a800799b22013d28656a912eca"}
,"/Users/chimedochir/Desktop/job-search/src/composable/usePreviousAndNextPages.js": {"path":"/Users/chimedochir/Desktop/job-search/src/composable/usePreviousAndNextPages.js","statementMap":{"0":{"start":{"line":2,"column":32},"end":{"line":14,"column":1}},"1":{"start":{"line":3,"column":23},"end":{"line":7,"column":4}},"2":{"start":{"line":4,"column":25},"end":{"line":4,"column":46}},"3":{"start":{"line":5,"column":22},"end":{"line":5,"column":23}},"4":{"start":{"line":6,"column":4},"end":{"line":6,"column":64}},"5":{"start":{"line":8,"column":19},"end":{"line":12,"column":4}},"6":{"start":{"line":9,"column":21},"end":{"line":9,"column":42}},"7":{"start":{"line":11,"column":4},"end":{"line":11,"column":54}},"8":{"start":{"line":13,"column":2},"end":{"line":13,"column":36}}},"fnMap":{"0":{"name":"(anonymous_0)","decl":{"start":{"line":2,"column":32},"end":{"line":2,"column":33}},"loc":{"start":{"line":2,"column":58},"end":{"line":14,"column":1}},"line":2},"1":{"name":"(anonymous_1)","decl":{"start":{"line":3,"column":32},"end":{"line":3,"column":33}},"loc":{"start":{"line":3,"column":38},"end":{"line":7,"column":3}},"line":3},"2":{"name":"(anonymous_2)","decl":{"start":{"line":8,"column":28},"end":{"line":8,"column":29}},"loc":{"start":{"line":8,"column":34},"end":{"line":12,"column":3}},"line":8}},"branchMap":{"0":{"loc":{"start":{"line":6,"column":11},"end":{"line":6,"column":63}},"type":"cond-expr","locations":[{"start":{"line":6,"column":39},"end":{"line":6,"column":51}},{"start":{"line":6,"column":54},"end":{"line":6,"column":63}}],"line":6},"1":{"loc":{"start":{"line":11,"column":11},"end":{"line":11,"column":53}},"type":"cond-expr","locations":[{"start":{"line":11,"column":33},"end":{"line":11,"column":41}},{"start":{"line":11,"column":44},"end":{"line":11,"column":53}}],"line":11}},"s":{"0":1,"1":1,"2":1,"3":1,"4":1,"5":1,"6":0,"7":0,"8":1},"f":{"0":1,"1":1,"2":0},"b":{"0":[1,0],"1":[0,0]},"_coverageSchema":"1a1c01bbd47fc00a2c39e90264f33305004495a9","hash":"40e85c96b1a7ed7ade19cc0b09a8f99d237445af"}
,"/Users/chimedochir/Desktop/job-search/src/store/composable.js": {"path":"/Users/chimedochir/Desktop/job-search/src/store/composable.js","statementMap":{"0":{"start":{"line":8,"column":31},"end":{"line":12,"column":1}},"1":{"start":{"line":9,"column":16},"end":{"line":9,"column":26}},"2":{"start":{"line":10,"column":2},"end":{"line":10,"column":29}},"3":{"start":{"line":11,"column":2},"end":{"line":11,"column":54}},"4":{"start":{"line":11,"column":24},"end":{"line":11,"column":52}},"5":{"start":{"line":13,"column":32},"end":{"line":16,"column":1}},"6":{"start":{"line":14,"column":16},"end":{"line":14,"column":26}},"7":{"start":{"line":15,"column":2},"end":{"line":15,"column":57}},"8":{"start":{"line":15,"column":24},"end":{"line":15,"column":55}},"9":{"start":{"line":17,"column":38},"end":{"line":20,"column":1}},"10":{"start":{"line":18,"column":16},"end":{"line":18,"column":26}},"11":{"start":{"line":19,"column":2},"end":{"line":19,"column":61}},"12":{"start":{"line":19,"column":24},"end":{"line":19,"column":59}}},"fnMap":{"0":{"name":"(anonymous_0)","decl":{"start":{"line":8,"column":31},"end":{"line":8,"column":32}},"loc":{"start":{"line":8,"column":37},"end":{"line":12,"column":1}},"line":8},"1":{"name":"(anonymous_1)","decl":{"start":{"line":11,"column":18},"end":{"line":11,"column":19}},"loc":{"start":{"line":11,"column":24},"end":{"line":11,"column":52}},"line":11},"2":{"name":"(anonymous_2)","decl":{"start":{"line":13,"column":32},"end":{"line":13,"column":33}},"loc":{"start":{"line":13,"column":38},"end":{"line":16,"column":1}},"line":13},"3":{"name":"(anonymous_3)","decl":{"start":{"line":15,"column":18},"end":{"line":15,"column":19}},"loc":{"start":{"line":15,"column":24},"end":{"line":15,"column":55}},"line":15},"4":{"name":"(anonymous_4)","decl":{"start":{"line":17,"column":38},"end":{"line":17,"column":39}},"loc":{"start":{"line":17,"column":44},"end":{"line":20,"column":1}},"line":17},"5":{"name":"(anonymous_5)","decl":{"start":{"line":19,"column":18},"end":{"line":19,"column":19}},"loc":{"start":{"line":19,"column":24},"end":{"line":19,"column":59}},"line":19}},"branchMap":{},"s":{"0":1,"1":0,"2":0,"3":0,"4":0,"5":1,"6":0,"7":0,"8":0,"9":1,"10":0,"11":0,"12":0},"f":{"0":0,"1":0,"2":0,"3":0,"4":0,"5":0},"b":{},"_coverageSchema":"1a1c01bbd47fc00a2c39e90264f33305004495a9","hash":"1b62f598938e48fc636edaef4be9ef209e5df952"}
,"/Users/chimedochir/Desktop/job-search/src/store/constants.js": {"path":"/Users/chimedochir/Desktop/job-search/src/store/constants.js","statementMap":{"0":{"start":{"line":1,"column":26},"end":{"line":1,"column":38}},"1":{"start":{"line":2,"column":28},"end":{"line":2,"column":42}},"2":{"start":{"line":3,"column":26},"end":{"line":3,"column":38}},"3":{"start":{"line":4,"column":36},"end":{"line":4,"column":58}},"4":{"start":{"line":5,"column":42},"end":{"line":5,"column":70}},"5":{"start":{"line":6,"column":33},"end":{"line":6,"column":52}},"6":{"start":{"line":7,"column":38},"end":{"line":7,"column":62}},"7":{"start":{"line":8,"column":32},"end":{"line":8,"column":50}},"8":{"start":{"line":9,"column":29},"end":{"line":9,"column":44}},"9":{"start":{"line":10,"column":43},"end":{"line":10,"column":72}},"10":{"start":{"line":11,"column":39},"end":{"line":11,"column":64}},"11":{"start":{"line":12,"column":31},"end":{"line":12,"column":48}}},"fnMap":{},"branchMap":{},"s":{"0":1,"1":1,"2":1,"3":1,"4":1,"5":1,"6":1,"7":1,"8":1,"9":1,"10":1,"11":1},"f":{},"b":{},"_coverageSchema":"1a1c01bbd47fc00a2c39e90264f33305004495a9","hash":"6cd13a06bdb098c096c0b29a59884530438fe91a"}
,"/Users/chimedochir/Desktop/job-search/src/utils/nextElementinList.js": {"path":"/Users/chimedochir/Desktop/job-search/src/utils/nextElementinList.js","statementMap":{"0":{"start":{"line":1,"column":26},"end":{"line":6,"column":1}},"1":{"start":{"line":2,"column":29},"end":{"line":2,"column":48}},"2":{"start":{"line":3,"column":25},"end":{"line":3,"column":63}},"3":{"start":{"line":4,"column":20},"end":{"line":4,"column":40}},"4":{"start":{"line":5,"column":2},"end":{"line":5,"column":19}}},"fnMap":{"0":{"name":"(anonymous_0)","decl":{"start":{"line":1,"column":26},"end":{"line":1,"column":27}},"loc":{"start":{"line":1,"column":43},"end":{"line":6,"column":1}},"line":1}},"branchMap":{},"s":{"0":1,"1":2,"2":2,"3":2,"4":2},"f":{"0":2},"b":{},"_coverageSchema":"1a1c01bbd47fc00a2c39e90264f33305004495a9","hash":"6ab5caf24196df910726af5fcb0c396d7daa7f1e"}
}
