{"/Users/chimedochir/Desktop/job-search/src/components/JobSearch/JobSearchForm.vue": {"path":"/Users/chimedochir/Desktop/job-search/src/components/JobSearch/JobSearchForm.vue","statementMap":{"0":{"start":{"line":4,"column":29},"end":{"line":4,"column":146}},"1":{"start":{"line":5,"column":0},"end":{"line":7,"column":3}},"2":{"start":{"line":8,"column":0},"end":{"line":8,"column":25}},"3":{"start":{"line":9,"column":0},"end":{"line":9,"column":44}},"4":{"start":{"line":52,"column":0},"end":{"line":52,"column":13}},"5":{"start":{"line":54,"column":0},"end":{"line":56,"column":3}},"6":{"start":{"line":57,"column":0},"end":{"line":57,"column":24}},"7":{"start":{"line":58,"column":11},"end":{"line":58,"column":25}},"8":{"start":{"line":59,"column":19},"end":{"line":61,"column":1}},"9":{"start":{"line":62,"column":19},"end":{"line":64,"column":1}},"10":{"start":{"line":65,"column":32},"end":{"line":67,"column":29}},"11":{"start":{"line":68,"column":32},"end":{"line":70,"column":26}},"12":{"start":{"line":71,"column":19},"end":{"line":73,"column":1}},"13":{"start":{"line":74,"column":32},"end":{"line":76,"column":30}},"14":{"start":{"line":79,"column":39},"end":{"line":79,"column":86}},"15":{"start":{"line":80,"column":32},"end":{"line":80,"column":72}},"16":{"start":{"line":81,"column":35},"end":{"line":81,"column":78}},"17":{"start":{"line":82,"column":2},"end":{"line":105,"column":32}},"18":{"start":{"line":85,"column":6},"end":{"line":85,"column":68}},"19":{"start":{"line":92,"column":63},"end":{"line":92,"column":81}},"20":{"start":{"line":97,"column":63},"end":{"line":97,"column":85}},"21":{"start":{"line":106,"column":2},"end":{"line":106,"column":49}}},"fnMap":{"0":{"name":"render","decl":{"start":{"line":78,"column":9},"end":{"line":78,"column":15}},"loc":{"start":{"line":78,"column":30},"end":{"line":106,"column":1}},"line":78},"1":{"name":"(anonymous_1)","decl":{"start":{"line":84,"column":40},"end":{"line":84,"column":41}},"loc":{"start":{"line":84,"column":52},"end":{"line":86,"column":5}},"line":84},"2":{"name":"(anonymous_2)","decl":{"start":{"line":92,"column":53},"end":{"line":92,"column":54}},"loc":{"start":{"line":92,"column":63},"end":{"line":92,"column":81}},"line":92},"3":{"name":"(anonymous_3)","decl":{"start":{"line":97,"column":53},"end":{"line":97,"column":54}},"loc":{"start":{"line":97,"column":63},"end":{"line":97,"column":85}},"line":97}},"branchMap":{"0":{"loc":{"start":{"line":84,"column":14},"end":{"line":86,"column":6}},"type":"binary-expr","locations":[{"start":{"line":84,"column":14},"end":{"line":84,"column":23}},{"start":{"line":84,"column":28},"end":{"line":86,"column":5}}],"line":84},"1":{"loc":{"start":{"line":85,"column":13},"end":{"line":85,"column":67}},"type":"binary-expr","locations":[{"start":{"line":85,"column":13},"end":{"line":85,"column":31}},{"start":{"line":85,"column":35},"end":{"line":85,"column":67}}],"line":85},"2":{"loc":{"start":{"line":92,"column":27},"end":{"line":92,"column":82}},"type":"binary-expr","locations":[{"start":{"line":92,"column":27},"end":{"line":92,"column":36}},{"start":{"line":92,"column":41},"end":{"line":92,"column":81}}],"line":92},"3":{"loc":{"start":{"line":97,"column":27},"end":{"line":97,"column":86}},"type":"binary-expr","locations":[{"start":{"line":97,"column":27},"end":{"line":97,"column":36}},{"start":{"line":97,"column":41},"end":{"line":97,"column":85}}],"line":97}},"s":{"0":1,"1":1,"2":1,"3":1,"4":1,"5":1,"6":1,"7":1,"8":1,"9":1,"10":1,"11":1,"12":1,"13":1,"14":3,"15":3,"16":3,"17":3,"18":0,"19":1,"20":1,"21":1},"f":{"0":3,"1":0,"2":1,"3":1},"b":{"0":[3,1],"1":[0,0],"2":[3,1],"3":[3,1]},"inputSourceMap":{"0":"{","1":"\"","2":"v","3":"e","4":"r","5":"s","6":"i","7":"o","8":"n","9":"\"","10":":","11":"3","12":",","13":"\"","14":"s","15":"o","16":"u","17":"r","18":"c","19":"e","20":"s","21":"\"","22":":","23":"[","24":"\"","25":"/","26":"U","27":"s","28":"e","29":"r","30":"s","31":"/","32":"c","33":"h","34":"i","35":"m","36":"e","37":"d","38":"o","39":"c","40":"h","41":"i","42":"r","43":"/","44":"D","45":"e","46":"s","47":"k","48":"t","49":"o","50":"p","51":"/","52":"j","53":"o","54":"b","55":"-","56":"s","57":"e","58":"a","59":"r","60":"c","61":"h","62":"/","63":"s","64":"r","65":"c","66":"/","67":"c","68":"o","69":"m","70":"p","71":"o","72":"n","73":"e","74":"n","75":"t","76":"s","77":"/","78":"J","79":"o","80":"b","81":"S","82":"e","83":"a","84":"r","85":"c","86":"h","87":"/","88":"J","89":"o","90":"b","91":"S","92":"e","93":"a","94":"r","95":"c","96":"h","97":"F","98":"o","99":"r","100":"m","101":".","102":"v","103":"u","104":"e","105":"\"","106":"]","107":",","108":"\"","109":"n","110":"a","111":"m","112":"e","113":"s","114":"\"","115":":","116":"[","117":"]","118":",","119":"\"","120":"m","121":"a","122":"p","123":"p","124":"i","125":"n","126":"g","127":"s","128":"\"","129":":","130":"\"","131":";","132":";","133":";","134":";","135":";","136":";","137":";","138":";","139":";","140":"A","141":"A","142":"q","143":"C","144":"A","145":";","146":"A","147":"A","148":"A","149":"A","150":";","151":"A","152":"A","153":"A","154":"A","155":";","156":"A","157":"A","158":"E","159":"A","160":";","161":"A","162":"A","163":"A","164":"A","165":";","166":"A","167":"A","168":"A","169":"A","170":";","171":"A","172":"A","173":"A","174":"0","175":"D","176":";","177":"A","178":"A","179":"A","180":"A","181":",","182":"e","183":"A","184":"C","185":"3","186":"C","187":";","188":"E","189":"A","190":"C","191":"b","192":",","193":"I","194":"A","195":"A","196":"I","197":",","198":"E","199":"A","200":"A","201":"E","202":",","203":"e","204":"A","205":"A","206":"e","207":";","208":"E","209":"A","210":"C","211":"r","212":"B","213":",","214":"Q","215":"A","216":"A","217":"Q","218":",","219":"E","220":"A","221":"A","222":"E","223":",","224":"Q","225":"A","226":"A","227":"Q","228":",","229":"C","230":"A","231":"A","232":"C","233":",","234":"I","235":"A","236":"A","237":"I","238":";","239":"E","240":"A","241":"C","242":"v","243":"B","244":",","245":"U","246":"A","247":"A","248":"U","249":",","250":"E","251":"A","252":"A","253":"E","254":";","255":"I","256":"A","257":"C","258":"V","259":",","260":"Y","261":"A","262":"A","263":"Y","264":";","265":"I","266":"A","267":"A","268":"Z","269":";","270":"I","271":"A","272":"A","273":"A","274":";","275":"I","276":"A","277":"A","278":"A","279":";","280":"I","281":"A","282":"A","283":"A","284":",","285":"O","286":"A","287":"A","288":"Y","289":";","290":"I","291":"A","292":"C","293":"Z","294":",","295":"S","296":"A","297":"A","298":"S","299":";","300":"I","301":"A","302":"A","303":"T","304":";","305":"I","306":"A","307":"A","308":"A","309":";","310":"I","311":"A","312":"A","313":"A","314":";","315":"I","316":"A","317":"A","318":"A","319":";","320":"E","321":"A","322":"C","323":"F","324":",","325":"C","326":"A","327":"A","328":"C","329":";","330":"E","331":"A","332":"C","333":"D","334":",","335":"I","336":"A","337":"A","338":"I","339":",","340":"G","341":"A","342":"A","343":"G","344":";","345":"I","346":"A","347":"C","348":"L","349":",","350":"O","351":"A","352":"A","353":"O","354":";","355":"M","356":"A","357":"C","358":"L","359":",","360":"I","361":"A","362":"A","363":"I","364":",","365":"E","366":"A","367":"A","368":"E","369":",","370":"E","371":"A","372":"A","373":"E","374":";","375":"M","376":"A","377":"C","378":"R","379":",","380":"Q","381":"A","382":"A","383":"Q","384":",","385":"E","386":"A","387":"A","388":"E","389":";","390":"I","391":"A","392":"C","393":"Z","394":",","395":"C","396":"A","397":"A","398":"C","399":";","400":"E","401":"A","402":"C","403":"H","404":",","405":"C","406":"A","407":"A","408":"C","409":";","410":"E","411":"A","412":"C","413":"D","414":",","415":"O","416":"A","417":"A","418":"O","419":",","420":"E","421":"A","422":"A","423":"E","424":";","425":"I","426":"A","427":"C","428":"P","429":",","430":"a","431":"A","432":"A","433":"a","434":",","435":"G","436":"A","437":"A","438":"G","439":";","440":"M","441":"A","442":"C","443":"d","444":",","445":"I","446":"A","447":"A","448":"I","449":",","450":"C","451":"A","452":"A","453":"C","454":",","455":"O","456":"A","457":"A","458":"O","459":",","460":"C","461":"A","462":"A","463":"C","464":",","465":"I","466":"A","467":"A","468":"I","469":",","470":"C","471":"A","472":"A","473":"C","474":";","475":"Q","476":"A","477":"C","478":"h","479":"B","480":",","481":"I","482":"A","483":"A","484":"I","485":",","486":"E","487":"A","488":"A","489":"E","490":",","491":"g","492":"B","493":"A","494":"A","495":"g","496":"B","497":";","498":"Q","499":"A","500":"C","501":"t","502":"B","503":",","504":"K","505":"A","506":"A","507":"K","508":",","509":"E","510":"A","511":"A","512":"E","513":";","514":"U","515":"A","516":"A","517":"E","518":",","519":"I","520":"A","521":"A","522":"I","523":",","524":"E","525":"A","526":"A","527":"E","528":",","529":"I","530":"A","531":"A","532":"I","533":",","534":"C","535":"A","536":"A","537":"C","538":",","539":"I","540":"A","541":"A","542":"I","543":";","544":"U","545":"A","546":"A","547":"E","548":",","549":"Q","550":"A","551":"A","552":"Q","553":",","554":"E","555":"A","556":"A","557":"E","558":",","559":"I","560":"A","561":"A","562":"I","563":",","564":"C","565":"A","566":"A","567":"C","568":";","569":"Q","570":"A","571":"A","572":"S","573":";","574":"M","575":"A","576":"C","577":"p","578":"D","579":",","580":"C","581":"A","582":"A","583":"C","584":",","585":"C","586":"A","587":"A","588":"C","589":";","590":"I","591":"A","592":"C","593":"J","594":";","595":"E","596":"A","597":"C","598":"F","599":";","600":"A","601":"A","602":"C","603":"F","604":",","605":"C","606":"A","607":"A","608":"C","609":";","610":"A","611":"A","612":"A","613":"A","614":";","615":"A","616":"A","617":"A","618":"A","619":"\"","620":",","621":"\"","622":"f","623":"i","624":"l","625":"e","626":"\"","627":":","628":"\"","629":"/","630":"U","631":"s","632":"e","633":"r","634":"s","635":"/","636":"c","637":"h","638":"i","639":"m","640":"e","641":"d","642":"o","643":"c","644":"h","645":"i","646":"r","647":"/","648":"D","649":"e","650":"s","651":"k","652":"t","653":"o","654":"p","655":"/","656":"j","657":"o","658":"b","659":"-","660":"s","661":"e","662":"a","663":"r","664":"c","665":"h","666":"/","667":"s","668":"r","669":"c","670":"/","671":"c","672":"o","673":"m","674":"p","675":"o","676":"n","677":"e","678":"n","679":"t","680":"s","681":"/","682":"J","683":"o","684":"b","685":"S","686":"e","687":"a","688":"r","689":"c","690":"h","691":"/","692":"J","693":"o","694":"b","695":"S","696":"e","697":"a","698":"r","699":"c","700":"h","701":"F","702":"o","703":"r","704":"m","705":".","706":"v","707":"u","708":"e","709":"\"","710":",","711":"\"","712":"s","713":"o","714":"u","715":"r","716":"c","717":"e","718":"s","719":"C","720":"o","721":"n","722":"t","723":"e","724":"n","725":"t","726":"\"","727":":","728":"[","729":"\"","730":"<","731":"t","732":"e","733":"m","734":"p","735":"l","736":"a","737":"t","738":"e","739":">","740":"\\","741":"n","742":" ","743":" ","744":"<","745":"f","746":"o","747":"r","748":"m","749":"\\","750":"n","751":" ","752":" ","753":" ","754":" ","755":"c","756":"l","757":"a","758":"s","759":"s","760":"=","761":"\\","762":"\"","763":"f","764":"l","765":"e","766":"x","767":" ","768":"i","769":"t","770":"e","771":"m","772":"s","773":"-","774":"c","775":"e","776":"n","777":"t","778":"e","779":"r","780":" ","781":"m","782":"t","783":"-","784":"1","785":"4","786":" ","787":"b","788":"o","789":"r","790":"d","791":"e","792":"r","793":" ","794":"b","795":"o","796":"r","797":"d","798":"e","799":"r","800":"-","801":"s","802":"o","803":"l","804":"i","805":"d","806":" ","807":"b","808":"o","809":"r","810":"d","811":"e","812":"r","813":"-","814":"b","815":"r","816":"a","817":"n","818":"d","819":"-","820":"g","821":"r","822":"a","823":"y","824":"-","825":"3","826":" ","827":"w","828":"-","829":"f","830":"u","831":"l","832":"l","833":" ","834":"h","835":"-","836":"1","837":"2","838":" ","839":"r","840":"o","841":"u","842":"n","843":"d","844":"e","845":"d","846":"-","847":"3","848":"x","849":"l","850":"\\","851":"\"","852":"\\","853":"n","854":" ","855":" ","856":" ","857":" ","858":"@","859":"s","860":"u","861":"b","862":"m","863":"i","864":"t","865":"=","866":"\\","867":"\"","868":"s","869":"e","870":"a","871":"r","872":"c","873":"h","874":"F","875":"o","876":"r","877":"J","878":"o","879":"b","880":"s","881":"\\","882":"\"","883":"\\","884":"n","885":" ","886":" ","887":">","888":"\\","889":"n","890":" ","891":" ","892":" ","893":" ","894":"<","895":"f","896":"o","897":"n","898":"t","899":"-","900":"a","901":"w","902":"e","903":"s","904":"o","905":"m","906":"e","907":"-","908":"i","909":"c","910":"o","911":"n","912":" ","913":":","914":"i","915":"c","916":"o","917":"n","918":"=","919":"\\","920":"\"","921":"[","922":"'","923":"f","924":"a","925":"s","926":"'","927":",","928":" ","929":"'","930":"s","931":"e","932":"a","933":"r","934":"c","935":"h","936":"'","937":"]","938":"\\","939":"\"","940":" ","941":"c","942":"l","943":"a","944":"s","945":"s","946":"=","947":"\\","948":"\"","949":"m","950":"l","951":"-","952":"4","953":" ","954":"m","955":"r","956":"-","957":"3","958":"\\","959":"\"","960":" ","961":"/","962":">","963":"\\","964":"n","965":" ","966":" ","967":" ","968":" ","969":"<","970":"d","971":"i","972":"v","973":" ","974":"c","975":"l","976":"a","977":"s","978":"s","979":"=","980":"\\","981":"\"","982":"f","983":"l","984":"e","985":"x","986":" ","987":"f","988":"l","989":"e","990":"x","991":"-","992":"n","993":"o","994":"w","995":"r","996":"a","997":"p","998":" ","999":"f","1000":"l","1001":"e","1002":"x","1003":"-","1004":"1","1005":" ","1006":"h","1007":"-","1008":"f","1009":"u","1010":"l","1011":"l","1012":" ","1013":"t","1014":"e","1015":"x","1016":"t","1017":"-","1018":"b","1019":"a","1020":"s","1021":"e","1022":" ","1023":"f","1024":"o","1025":"n","1026":"t","1027":"-","1028":"l","1029":"i","1030":"g","1031":"h","1032":"t","1033":"\\","1034":"\"","1035":">","1036":"\\","1037":"n","1038":" ","1039":" ","1040":" ","1041":" ","1042":" ","1043":" ","1044":"<","1045":"d","1046":"i","1047":"v","1048":" ","1049":"c","1050":"l","1051":"a","1052":"s","1053":"s","1054":"=","1055":"\\","1056":"\"","1057":"r","1058":"e","1059":"l","1060":"a","1061":"t","1062":"i","1063":"v","1064":"e","1065":" ","1066":"f","1067":"l","1068":"e","1069":"x","1070":" ","1071":"i","1072":"t","1073":"e","1074":"m","1075":"s","1076":"-","1077":"c","1078":"e","1079":"n","1080":"t","1081":"e","1082":"r","1083":" ","1084":"f","1085":"l","1086":"e","1087":"x","1088":"-","1089":"1","1090":" ","1091":"h","1092":"-","1093":"f","1094":"u","1095":"l","1096":"l","1097":" ","1098":"p","1099":"r","1100":"-","1101":"3","1102":"\\","1103":"\"","1104":">","1105":"\\","1106":"n","1107":" ","1108":" ","1109":" ","1110":" ","1111":" ","1112":" ","1113":" ","1114":" ","1115":"<","1116":"l","1117":"a","1118":"b","1119":"e","1120":"l","1121":" ","1122":"c","1123":"l","1124":"a","1125":"s","1126":"s","1127":"=","1128":"\\","1129":"\"","1130":"a","1131":"b","1132":"s","1133":"o","1134":"l","1135":"u","1136":"t","1137":"e","1138":" ","1139":"l","1140":"e","1141":"f","1142":"t","1143":"-","1144":"0","1145":" ","1146":"-","1147":"t","1148":"o","1149":"p","1150":"-","1151":"1","1152":"0","1153":"\\","1154":"\"","1155":">","1156":"R","1157":"o","1158":"l","1159":"e","1160":" ","1161":"<","1162":"/","1163":"l","1164":"a","1165":"b","1166":"e","1167":"l","1168":">","1169":"\\","1170":"n","1171":" ","1172":" ","1173":" ","1174":" ","1175":" ","1176":" ","1177":" ","1178":" ","1179":"<","1180":"t","1181":"e","1182":"x","1183":"t","1184":"-","1185":"i","1186":"n","1187":"p","1188":"u","1189":"t","1190":"\\","1191":"n","1192":" ","1193":" ","1194":" ","1195":" ","1196":" ","1197":" ","1198":" ","1199":" ","1200":" ","1201":" ","1202":"v","1203":"-","1204":"m","1205":"o","1206":"d","1207":"e","1208":"l","1209":"=","1210":"\\","1211":"\"","1212":"r","1213":"o","1214":"l","1215":"e","1216":"\\","1217":"\"","1218":"\\","1219":"n","1220":" ","1221":" ","1222":" ","1223":" ","1224":" ","1225":" ","1226":" ","1227":" ","1228":" ","1229":" ","1230":"p","1231":"l","1232":"a","1233":"c","1234":"e","1235":"h","1236":"o","1237":"l","1238":"d","1239":"e","1240":"r","1241":"=","1242":"\\","1243":"\"","1244":"S","1245":"o","1246":"f","1247":"t","1248":"w","1249":"a","1250":"r","1251":"e","1252":" ","1253":"e","1254":"n","1255":"g","1256":"i","1257":"n","1258":"e","1259":"e","1260":"r","1261":"\\","1262":"\"","1263":"\\","1264":"n","1265":" ","1266":" ","1267":" ","1268":" ","1269":" ","1270":" ","1271":" ","1272":" ","1273":" ","1274":" ","1275":"d","1276":"a","1277":"t","1278":"a","1279":"-","1280":"t","1281":"e","1282":"s","1283":"t","1284":"=","1285":"\\","1286":"\"","1287":"r","1288":"o","1289":"l","1290":"e","1291":"-","1292":"i","1293":"n","1294":"p","1295":"u","1296":"t","1297":"\\","1298":"\"","1299":"\\","1300":"n","1301":" ","1302":" ","1303":" ","1304":" ","1305":" ","1306":" ","1307":" ","1308":" ","1309":"/","1310":">","1311":"\\","1312":"n","1313":" ","1314":" ","1315":" ","1316":" ","1317":" ","1318":" ","1319":"<","1320":"/","1321":"d","1322":"i","1323":"v","1324":">","1325":"\\","1326":"n","1327":" ","1328":" ","1329":" ","1330":" ","1331":" ","1332":" ","1333":"<","1334":"s","1335":"p","1336":"a","1337":"n","1338":"\\","1339":"n","1340":" ","1341":" ","1342":" ","1343":" ","1344":" ","1345":" ","1346":" ","1347":" ","1348":"c","1349":"l","1350":"a","1351":"s","1352":"s","1353":"=","1354":"\\","1355":"\"","1356":"f","1357":"l","1358":"e","1359":"x","1360":" ","1361":"i","1362":"t","1363":"e","1364":"m","1365":"s","1366":"-","1367":"c","1368":"e","1369":"n","1370":"t","1371":"e","1372":"r","1373":" ","1374":"h","1375":"-","1376":"f","1377":"u","1378":"l","1379":"l","1380":" ","1381":"p","1382":"x","1383":"-","1384":"3","1385":" ","1386":"b","1387":"o","1388":"r","1389":"d","1390":"e","1391":"r","1392":"-","1393":"l","1394":" ","1395":"b","1396":"o","1397":"r","1398":"d","1399":"e","1400":"r","1401":"-","1402":"r","1403":" ","1404":"b","1405":"o","1406":"r","1407":"d","1408":"e","1409":"r","1410":"-","1411":"b","1412":"r","1413":"a","1414":"n","1415":"d","1416":"-","1417":"g","1418":"r","1419":"a","1420":"y","1421":"-","1422":"3","1423":" ","1424":"b","1425":"g","1426":"-","1427":"b","1428":"r","1429":"a","1430":"n","1431":"d","1432":"-","1433":"g","1434":"r","1435":"a","1436":"y","1437":"-","1438":"2","1439":"\\","1440":"\"","1441":"\\","1442":"n","1443":" ","1444":" ","1445":" ","1446":" ","1447":" ","1448":" ","1449":" ","1450":" ","1451":">","1452":"i","1453":"n","1454":"<","1455":"/","1456":"s","1457":"p","1458":"a","1459":"n","1460":"\\","1461":"n","1462":" ","1463":" ","1464":" ","1465":" ","1466":" ","1467":" ","1468":">","1469":"\\","1470":"n","1471":" ","1472":" ","1473":" ","1474":" ","1475":" ","1476":" ","1477":"<","1478":"d","1479":"i","1480":"v","1481":" ","1482":"c","1483":"l","1484":"a","1485":"s","1486":"s","1487":"=","1488":"\\","1489":"\"","1490":"r","1491":"e","1492":"l","1493":"a","1494":"t","1495":"i","1496":"v","1497":"e","1498":" ","1499":"f","1500":"l","1501":"e","1502":"x","1503":" ","1504":"i","1505":"t","1506":"e","1507":"m","1508":"s","1509":"-","1510":"c","1511":"e","1512":"n","1513":"t","1514":"e","1515":"r","1516":" ","1517":"f","1518":"l","1519":"e","1520":"x","1521":"-","1522":"1","1523":" ","1524":"h","1525":"-","1526":"f","1527":"u","1528":"l","1529":"l","1530":" ","1531":"p","1532":"l","1533":"-","1534":"3","1535":"\\","1536":"\"","1537":">","1538":"\\","1539":"n","1540":" ","1541":" ","1542":" ","1543":" ","1544":" ","1545":" ","1546":" ","1547":" ","1548":"<","1549":"l","1550":"a","1551":"b","1552":"e","1553":"l","1554":" ","1555":"c","1556":"l","1557":"a","1558":"s","1559":"s","1560":"=","1561":"\\","1562":"\"","1563":"a","1564":"b","1565":"s","1566":"o","1567":"l","1568":"u","1569":"t","1570":"e","1571":" ","1572":"l","1573":"e","1574":"f","1575":"t","1576":"-","1577":"0","1578":" ","1579":"-","1580":"t","1581":"o","1582":"p","1583":"-","1584":"1","1585":"0","1586":"\\","1587":"\"","1588":">","1589":"W","1590":"h","1591":"e","1592":"r","1593":"e","1594":"?","1595":"<","1596":"/","1597":"l","1598":"a","1599":"b","1600":"e","1601":"l","1602":">","1603":"\\","1604":"n","1605":" ","1606":" ","1607":" ","1608":" ","1609":" ","1610":" ","1611":" ","1612":" ","1613":"<","1614":"t","1615":"e","1616":"x","1617":"t","1618":"-","1619":"i","1620":"n","1621":"p","1622":"u","1623":"t","1624":"\\","1625":"n","1626":" ","1627":" ","1628":" ","1629":" ","1630":" ","1631":" ","1632":" ","1633":" ","1634":" ","1635":" ","1636":"v","1637":"-","1638":"m","1639":"o","1640":"d","1641":"e","1642":"l","1643":"=","1644":"\\","1645":"\"","1646":"l","1647":"o","1648":"c","1649":"a","1650":"t","1651":"i","1652":"o","1653":"n","1654":"\\","1655":"\"","1656":"\\","1657":"n","1658":" ","1659":" ","1660":" ","1661":" ","1662":" ","1663":" ","1664":" ","1665":" ","1666":" ","1667":" ","1668":"p","1669":"l","1670":"a","1671":"c","1672":"e","1673":"h","1674":"o","1675":"l","1676":"d","1677":"e","1678":"r","1679":"=","1680":"\\","1681":"\"","1682":"L","1683":"o","1684":"s","1685":" ","1686":"A","1687":"n","1688":"g","1689":"e","1690":"l","1691":"e","1692":"s","1693":"\\","1694":"\"","1695":"\\","1696":"n","1697":" ","1698":" ","1699":" ","1700":" ","1701":" ","1702":" ","1703":" ","1704":" ","1705":" ","1706":" ","1707":"d","1708":"a","1709":"t","1710":"a","1711":"-","1712":"t","1713":"e","1714":"s","1715":"t","1716":"=","1717":"\\","1718":"\"","1719":"l","1720":"o","1721":"c","1722":"a","1723":"t","1724":"i","1725":"o","1726":"n","1727":"-","1728":"i","1729":"n","1730":"p","1731":"u","1732":"t","1733":"\\","1734":"\"","1735":"\\","1736":"n","1737":" ","1738":" ","1739":" ","1740":" ","1741":" ","1742":" ","1743":" ","1744":" ","1745":"/","1746":">","1747":"\\","1748":"n","1749":" ","1750":" ","1751":" ","1752":" ","1753":" ","1754":" ","1755":"<","1756":"/","1757":"d","1758":"i","1759":"v","1760":">","1761":"\\","1762":"n","1763":" ","1764":" ","1765":" ","1766":" ","1767":"<","1768":"/","1769":"d","1770":"i","1771":"v","1772":">","1773":"\\","1774":"n","1775":" ","1776":" ","1777":" ","1778":" ","1779":"<","1780":"a","1781":"c","1782":"t","1783":"i","1784":"o","1785":"n","1786":"-","1787":"b","1788":"u","1789":"t","1790":"t","1791":"o","1792":"n","1793":"\\","1794":"n","1795":" ","1796":" ","1797":" ","1798":" ","1799":" ","1800":" ","1801":"t","1802":"e","1803":"x","1804":"t","1805":"=","1806":"\\","1807":"\"","1808":"S","1809":"e","1810":"a","1811":"r","1812":"c","1813":"h","1814":"\\","1815":"\"","1816":"\\","1817":"n","1818":" ","1819":" ","1820":" ","1821":" ","1822":" ","1823":" ","1824":"t","1825":"y","1826":"p","1827":"e","1828":"=","1829":"\\","1830":"\"","1831":"s","1832":"e","1833":"c","1834":"o","1835":"n","1836":"d","1837":"a","1838":"r","1839":"y","1840":"\\","1841":"\"","1842":"\\","1843":"n","1844":" ","1845":" ","1846":" ","1847":" ","1848":" ","1849":" ","1850":"c","1851":"l","1852":"a","1853":"s","1854":"s","1855":"=","1856":"\\","1857":"\"","1858":"r","1859":"o","1860":"u","1861":"n","1862":"d","1863":"e","1864":"d","1865":"-","1866":"r","1867":"-","1868":"3","1869":"x","1870":"l","1871":"\\","1872":"\"","1873":"\\","1874":"n","1875":" ","1876":" ","1877":" ","1878":" ","1879":" ","1880":" ","1881":"d","1882":"a","1883":"t","1884":"a","1885":"-","1886":"t","1887":"e","1888":"s","1889":"t","1890":"=","1891":"\\","1892":"\"","1893":"f","1894":"o","1895":"r","1896":"m","1897":"-","1898":"s","1899":"u","1900":"b","1901":"m","1902":"i","1903":"t","1904":"-","1905":"b","1906":"u","1907":"t","1908":"t","1909":"o","1910":"n","1911":"\\","1912":"\"","1913":"\\","1914":"n","1915":" ","1916":" ","1917":" ","1918":" ","1919":"/","1920":">","1921":"\\","1922":"n","1923":" ","1924":" ","1925":"<","1926":"/","1927":"f","1928":"o","1929":"r","1930":"m","1931":">","1932":"\\","1933":"n","1934":"<","1935":"/","1936":"t","1937":"e","1938":"m","1939":"p","1940":"l","1941":"a","1942":"t","1943":"e","1944":">","1945":"\\","1946":"n","1947":"<","1948":"s","1949":"c","1950":"r","1951":"i","1952":"p","1953":"t","1954":">","1955":"\\","1956":"n","1957":"i","1958":"m","1959":"p","1960":"o","1961":"r","1962":"t","1963":" ","1964":"A","1965":"c","1966":"t","1967":"i","1968":"o","1969":"n","1970":"B","1971":"u","1972":"t","1973":"t","1974":"o","1975":"n","1976":" ","1977":"f","1978":"r","1979":"o","1980":"m","1981":" ","1982":"\\","1983":"\"","1984":"@","1985":"/","1986":"c","1987":"o","1988":"m","1989":"p","1990":"o","1991":"n","1992":"e","1993":"n","1994":"t","1995":"s","1996":"/","1997":"S","1998":"h","1999":"a","2000":"r","2001":"e","2002":"d","2003":"/","2004":"A","2005":"c","2006":"t","2007":"i","2008":"o","2009":"n","2010":"B","2011":"u","2012":"t","2013":"t","2014":"o","2015":"n","2016":".","2017":"v","2018":"u","2019":"e","2020":"\\","2021":"\"","2022":";","2023":"\\","2024":"n","2025":"\\","2026":"n","2027":"i","2028":"m","2029":"p","2030":"o","2031":"r","2032":"t","2033":" ","2034":"T","2035":"e","2036":"x","2037":"t","2038":"I","2039":"n","2040":"p","2041":"u","2042":"t","2043":" ","2044":"f","2045":"r","2046":"o","2047":"m","2048":" ","2049":"\\","2050":"\"","2051":"@","2052":"/","2053":"c","2054":"o","2055":"m","2056":"p","2057":"o","2058":"n","2059":"e","2060":"n","2061":"t","2062":"s","2063":"/","2064":"S","2065":"h","2066":"a","2067":"r","2068":"e","2069":"d","2070":"/","2071":"T","2072":"e","2073":"x","2074":"t","2075":"I","2076":"n","2077":"p","2078":"u","2079":"t","2080":".","2081":"v","2082":"u","2083":"e","2084":"\\","2085":"\"","2086":";","2087":"\\","2088":"n","2089":"e","2090":"x","2091":"p","2092":"o","2093":"r","2094":"t","2095":" ","2096":"d","2097":"e","2098":"f","2099":"a","2100":"u","2101":"l","2102":"t","2103":" ","2104":"{","2105":"\\","2106":"n","2107":" ","2108":" ","2109":"n","2110":"a","2111":"m","2112":"e","2113":":","2114":" ","2115":"\\","2116":"\"","2117":"J","2118":"o","2119":"b","2120":"S","2121":"e","2122":"a","2123":"r","2124":"c","2125":"h","2126":"F","2127":"o","2128":"r","2129":"m","2130":"\\","2131":"\"","2132":",","2133":"\\","2134":"n","2135":" ","2136":" ","2137":"a","2138":"t","2139":"t","2140":"a","2141":"c","2142":"h","2143":"T","2144":"o","2145":":","2146":" ","2147":"d","2148":"o","2149":"c","2150":"u","2151":"m","2152":"e","2153":"n","2154":"t","2155":".","2156":"b","2157":"o","2158":"d","2159":"y","2160":",","2161":"\\","2162":"n","2163":" ","2164":" ","2165":"c","2166":"o","2167":"m","2168":"p","2169":"o","2170":"n","2171":"e","2172":"n","2173":"t","2174":"s","2175":":","2176":" ","2177":"{","2178":"\\","2179":"n","2180":" ","2181":" ","2182":" ","2183":" ","2184":"A","2185":"c","2186":"t","2187":"i","2188":"o","2189":"n","2190":"B","2191":"u","2192":"t","2193":"t","2194":"o","2195":"n","2196":",","2197":"\\","2198":"n","2199":" ","2200":" ","2201":" ","2202":" ","2203":"T","2204":"e","2205":"x","2206":"t","2207":"I","2208":"n","2209":"p","2210":"u","2211":"t","2212":",","2213":"\\","2214":"n","2215":" ","2216":" ","2217":"}","2218":",","2219":"\\","2220":"n","2221":" ","2222":" ","2223":"d","2224":"a","2225":"t","2226":"a","2227":"(","2228":")","2229":" ","2230":"{","2231":"\\","2232":"n","2233":" ","2234":" ","2235":" ","2236":" ","2237":"r","2238":"e","2239":"t","2240":"u","2241":"r","2242":"n","2243":" ","2244":"{","2245":"\\","2246":"n","2247":" ","2248":" ","2249":" ","2250":" ","2251":" ","2252":" ","2253":"r","2254":"o","2255":"l","2256":"e","2257":":","2258":" ","2259":"\\","2260":"\"","2261":"\\","2262":"\"","2263":",","2264":"\\","2265":"n","2266":" ","2267":" ","2268":" ","2269":" ","2270":" ","2271":" ","2272":"l","2273":"o","2274":"c","2275":"a","2276":"t","2277":"i","2278":"o","2279":"n","2280":":","2281":" ","2282":"\\","2283":"\"","2284":"\\","2285":"\"","2286":",","2287":"\\","2288":"n","2289":" ","2290":" ","2291":" ","2292":" ","2293":"}","2294":";","2295":"\\","2296":"n","2297":" ","2298":" ","2299":"}","2300":",","2301":"\\","2302":"n","2303":" ","2304":" ","2305":"m","2306":"e","2307":"t","2308":"h","2309":"o","2310":"d","2311":"s","2312":":","2313":" ","2314":"{","2315":"\\","2316":"n","2317":" ","2318":" ","2319":" ","2320":" ","2321":"s","2322":"e","2323":"a","2324":"r","2325":"c","2326":"h","2327":"F","2328":"o","2329":"r","2330":"J","2331":"o","2332":"b","2333":"s","2334":"(","2335":")","2336":" ","2337":"{","2338":"\\","2339":"n","2340":" ","2341":" ","2342":" ","2343":" ","2344":" ","2345":" ","2346":"t","2347":"h","2348":"i","2349":"s","2350":".","2351":"$","2352":"r","2353":"o","2354":"u","2355":"t","2356":"e","2357":"r","2358":".","2359":"p","2360":"u","2361":"s","2362":"h","2363":"(","2364":"{","2365":"\\","2366":"n","2367":" ","2368":" ","2369":" ","2370":" ","2371":" ","2372":" ","2373":" ","2374":" ","2375":"n","2376":"a","2377":"m","2378":"e","2379":":","2380":" ","2381":"\\","2382":"\"","2383":"J","2384":"o","2385":"b","2386":"R","2387":"e","2388":"s","2389":"u","2390":"l","2391":"t","2392":"s","2393":"V","2394":"i","2395":"e","2396":"w","2397":"\\","2398":"\"","2399":",","2400":"\\","2401":"n","2402":" ","2403":" ","2404":" ","2405":" ","2406":" ","2407":" ","2408":" ","2409":" ","2410":"q","2411":"u","2412":"e","2413":"r","2414":"y","2415":":","2416":" ","2417":"{","2418":" ","2419":"r","2420":"o","2421":"l","2422":"e","2423":":","2424":" ","2425":"t","2426":"h","2427":"i","2428":"s","2429":".","2430":"r","2431":"o","2432":"l","2433":"e","2434":",","2435":" ","2436":"l","2437":"o","2438":"c","2439":"a","2440":"t","2441":"i","2442":"o","2443":"n","2444":":","2445":" ","2446":"t","2447":"h","2448":"i","2449":"s","2450":".","2451":"l","2452":"o","2453":"c","2454":"a","2455":"t","2456":"i","2457":"o","2458":"n","2459":" ","2460":"}","2461":",","2462":"\\","2463":"n","2464":" ","2465":" ","2466":" ","2467":" ","2468":" ","2469":" ","2470":"}","2471":")","2472":";","2473":"\\","2474":"n","2475":" ","2476":" ","2477":" ","2478":" ","2479":"}","2480":",","2481":"\\","2482":"n","2483":" ","2484":" ","2485":"}","2486":",","2487":"\\","2488":"n","2489":"}","2490":";","2491":"\\","2492":"n","2493":"<","2494":"/","2495":"s","2496":"c","2497":"r","2498":"i","2499":"p","2500":"t","2501":">","2502":"\\","2503":"n","2504":"<","2505":"s","2506":"t","2507":"y","2508":"l","2509":"e","2510":">","2511":"<","2512":"/","2513":"s","2514":"t","2515":"y","2516":"l","2517":"e","2518":">","2519":"\\","2520":"n","2521":"\"","2522":"]","2523":"}"},"_coverageSchema":"1a1c01bbd47fc00a2c39e90264f33305004495a9","hash":"734be46927053441c483ab5af58e33a66768e6ca"}
,"/Users/chimedochir/Desktop/job-search/src/components/Navigation/MainNav.vue": {"path":"/Users/chimedochir/Desktop/job-search/src/components/Navigation/MainNav.vue","statementMap":{"0":{"start":{"line":4,"column":29},"end":{"line":4,"column":146}},"1":{"start":{"line":5,"column":0},"end":{"line":7,"column":3}},"2":{"start":{"line":8,"column":0},"end":{"line":8,"column":25}},"3":{"start":{"line":80,"column":0},"end":{"line":80,"column":13}},"4":{"start":{"line":82,"column":0},"end":{"line":84,"column":3}},"5":{"start":{"line":85,"column":0},"end":{"line":85,"column":24}},"6":{"start":{"line":86,"column":11},"end":{"line":86,"column":25}},"7":{"start":{"line":87,"column":19},"end":{"line":89,"column":1}},"8":{"start":{"line":90,"column":19},"end":{"line":92,"column":1}},"9":{"start":{"line":93,"column":19},"end":{"line":93,"column":27}},"10":{"start":{"line":94,"column":19},"end":{"line":96,"column":1}},"11":{"start":{"line":97,"column":19},"end":{"line":99,"column":1}},"12":{"start":{"line":100,"column":19},"end":{"line":102,"column":1}},"13":{"start":{"line":104,"column":33},"end":{"line":104,"column":74}},"14":{"start":{"line":105,"column":35},"end":{"line":105,"column":78}},"15":{"start":{"line":106,"column":35},"end":{"line":106,"column":78}},"16":{"start":{"line":107,"column":29},"end":{"line":107,"column":66}},"17":{"start":{"line":108,"column":2},"end":{"line":137,"column":70}},"18":{"start":{"line":114,"column":4},"end":{"line":124,"column":50}},"19":{"start":{"line":121,"column":39},"end":{"line":121,"column":122}},"20":{"start":{"line":138,"column":2},"end":{"line":138,"column":49}}},"fnMap":{"0":{"name":"render","decl":{"start":{"line":103,"column":9},"end":{"line":103,"column":15}},"loc":{"start":{"line":103,"column":30},"end":{"line":138,"column":1}},"line":103},"1":{"name":"(anonymous_1)","decl":{"start":{"line":113,"column":292},"end":{"line":113,"column":293}},"loc":{"start":{"line":113,"column":304},"end":{"line":125,"column":3}},"line":113},"2":{"name":"(anonymous_2)","decl":{"start":{"line":121,"column":33},"end":{"line":121,"column":34}},"loc":{"start":{"line":121,"column":39},"end":{"line":121,"column":122}},"line":121}},"branchMap":{"0":{"loc":{"start":{"line":125,"column":87},"end":{"line":134,"column":39}},"type":"cond-expr","locations":[{"start":{"line":125,"column":106},"end":{"line":128,"column":4}},{"start":{"line":128,"column":9},"end":{"line":134,"column":38}}],"line":125},"1":{"loc":{"start":{"line":134,"column":45},"end":{"line":137,"column":50}},"type":"cond-expr","locations":[{"start":{"line":134,"column":64},"end":{"line":137,"column":4}},{"start":{"line":137,"column":8},"end":{"line":137,"column":50}}],"line":134}},"s":{"0":1,"1":1,"2":1,"3":1,"4":1,"5":1,"6":1,"7":1,"8":1,"9":1,"10":1,"11":1,"12":1,"13":5,"14":5,"15":5,"16":5,"17":5,"18":30,"19":30,"20":1},"f":{"0":5,"1":30,"2":30},"b":{"0":[1,4],"1":[1,4]},"inputSourceMap":{"0":"{","1":"\"","2":"v","3":"e","4":"r","5":"s","6":"i","7":"o","8":"n","9":"\"","10":":","11":"3","12":",","13":"\"","14":"s","15":"o","16":"u","17":"r","18":"c","19":"e","20":"s","21":"\"","22":":","23":"[","24":"\"","25":"/","26":"U","27":"s","28":"e","29":"r","30":"s","31":"/","32":"c","33":"h","34":"i","35":"m","36":"e","37":"d","38":"o","39":"c","40":"h","41":"i","42":"r","43":"/","44":"D","45":"e","46":"s","47":"k","48":"t","49":"o","50":"p","51":"/","52":"j","53":"o","54":"b","55":"-","56":"s","57":"e","58":"a","59":"r","60":"c","61":"h","62":"/","63":"s","64":"r","65":"c","66":"/","67":"c","68":"o","69":"m","70":"p","71":"o","72":"n","73":"e","74":"n","75":"t","76":"s","77":"/","78":"N","79":"a","80":"v","81":"i","82":"g","83":"a","84":"t","85":"i","86":"o","87":"n","88":"/","89":"M","90":"a","91":"i","92":"n","93":"N","94":"a","95":"v","96":".","97":"v","98":"u","99":"e","100":"\"","101":"]","102":",","103":"\"","104":"n","105":"a","106":"m","107":"e","108":"s","109":"\"","110":":","111":"[","112":"]","113":",","114":"\"","115":"m","116":"a","117":"p","118":"p","119":"i","120":"n","121":"g","122":"s","123":"\"","124":":","125":"\"","126":";","127":";","128":";","129":";","130":";","131":";","132":";","133":";","134":"A","135":"A","136":"w","137":"C","138":"A","139":";","140":"A","141":"A","142":"A","143":"A","144":";","145":"A","146":"A","147":"A","148":"A","149":";","150":"A","151":"A","152":"C","153":"A","154":";","155":"A","156":"A","157":"A","158":"A","159":";","160":"A","161":"A","162":"A","163":"A","164":";","165":"A","166":"A","167":"C","168":"A","169":";","170":"A","171":"A","172":"A","173":"A","174":";","175":"A","176":"A","177":"A","178":"A","179":";","180":"A","181":"A","182":"A","183":"w","184":"D","185":";","186":"A","187":"A","188":"A","189":"A","190":",","191":"e","192":"A","193":"C","194":"z","195":"C","196":";","197":"E","198":"A","199":"C","200":"b","201":",","202":"I","203":"A","204":"A","205":"I","206":",","207":"E","208":"A","209":"A","210":"E","211":",","212":"S","213":"A","214":"A","215":"S","216":";","217":"E","218":"A","219":"C","220":"f","221":",","222":"U","223":"A","224":"A","225":"U","226":",","227":"E","228":"A","229":"A","230":"E","231":";","232":"I","233":"A","234":"C","235":"V","236":",","237":"Y","238":"A","239":"A","240":"Y","241":";","242":"I","243":"A","244":"A","245":"Z","246":";","247":"I","248":"A","249":"A","250":"A","251":";","252":"I","253":"A","254":"A","255":"A","256":";","257":"I","258":"A","259":"A","260":"A","261":",","262":"O","263":"A","264":"A","265":"Y","266":";","267":"I","268":"A","269":"C","270":"Z","271":",","272":"Y","273":"A","274":"A","275":"Y","276":";","277":"I","278":"A","279":"A","280":"Z","281":";","282":"I","283":"A","284":"A","285":"A","286":";","287":"I","288":"A","289":"A","290":"A","291":";","292":"I","293":"A","294":"A","295":"A","296":",","297":"O","298":"A","299":"A","300":"Y","301":";","302":"I","303":"A","304":"C","305":"Z","306":",","307":"M","308":"A","309":"A","310":"M","311":";","312":"I","313":"A","314":"A","315":"N","316":";","317":"I","318":"A","319":"A","320":"A","321":";","322":"I","323":"A","324":"A","325":"A","326":";","327":"I","328":"A","329":"A","330":"A","331":";","332":"E","333":"A","334":"C","335":"F","336":",","337":"C","338":"A","339":"A","340":"C","341":";","342":"E","343":"A","344":"C","345":"D","346":",","347":"I","348":"A","349":"A","350":"I","351":",","352":"G","353":"A","354":"A","355":"G","356":";","357":"I","358":"A","359":"C","360":"L","361":",","362":"O","363":"A","364":"A","365":"O","366":";","367":"M","368":"A","369":"C","370":"L","371":",","372":"G","373":"A","374":"A","375":"G","376":",","377":"E","378":"A","379":"A","380":"E","381":",","382":"4","383":"B","384":"A","385":"A","386":"4","387":"B","388":";","389":"M","390":"A","391":"C","392":"j","393":"C","394":",","395":"O","396":"A","397":"A","398":"O","399":",","400":"E","401":"A","402":"A","403":"E","404":",","405":"g","406":"B","407":"A","408":"A","409":"g","410":"B","411":";","412":"M","413":"A","414":"C","415":"z","416":"B","417":",","418":"S","419":"A","420":"A","421":"S","422":",","423":"E","424":"A","425":"A","426":"E","427":",","428":"C","429":"A","430":"C","431":"T","432":";","433":"Q","434":"A","435":"A","436":"E","437":",","438":"I","439":"A","440":"A","441":"I","442":",","443":"E","444":"A","445":"A","446":"E","447":",","448":"O","449":"A","450":"A","451":"O","452":";","453":"Q","454":"A","455":"A","456":"E","457":",","458":"G","459":"A","460":"A","461":"G","462":",","463":"E","464":"A","465":"A","466":"E","467":";","468":"M","469":"A","470":"A","471":"I","472":",","473":"C","474":"A","475":"A","476":"C","477":",","478":"E","479":"A","480":"C","481":"3","482":"B","483":";","484":"Q","485":"A","486":"A","487":"E","488":",","489":"I","490":"A","491":"A","492":"I","493":",","494":"E","495":"A","496":"A","497":"E","498":",","499":"U","500":"A","501":"A","502":"U","503":";","504":"Q","505":"A","506":"A","507":"E","508":",","509":"G","510":"A","511":"A","512":"G","513":",","514":"E","515":"A","516":"A","517":"E","518":";","519":"M","520":"A","521":"A","522":"I","523":",","524":"C","525":"A","526":"A","527":"C","528":",","529":"E","530":"A","531":"C","532":"9","533":"B","534":";","535":"Q","536":"A","537":"A","538":"E","539":",","540":"I","541":"A","542":"A","543":"I","544":",","545":"E","546":"A","547":"A","548":"E","549":",","550":"m","551":"B","552":"A","553":"A","554":"m","555":"B","556":";","557":"Q","558":"A","559":"A","560":"E","561":",","562":"G","563":"A","564":"A","565":"G","566":",","567":"E","568":"A","569":"A","570":"E","571":";","572":"M","573":"A","574":"A","575":"I","576":",","577":"C","578":"A","579":"A","580":"C","581":",","582":"E","583":"A","584":"C","585":"v","586":"C","587":";","588":"Q","589":"A","590":"A","591":"E","592":",","593":"I","594":"A","595":"A","596":"I","597":",","598":"E","599":"A","600":"A","601":"E","602":",","603":"a","604":"A","605":"A","606":"a","607":";","608":"Q","609":"A","610":"A","611":"E","612":",","613":"G","614":"A","615":"A","616":"G","617":",","618":"E","619":"A","620":"A","621":"E","622":";","623":"M","624":"A","625":"A","626":"I","627":",","628":"C","629":"A","630":"A","631":"C","632":",","633":"E","634":"A","635":"C","636":"j","637":"C","638":";","639":"Q","640":"A","641":"A","642":"E","643":",","644":"I","645":"A","646":"A","647":"I","648":",","649":"E","650":"A","651":"A","652":"E","653":",","654":"U","655":"A","656":"A","657":"U","658":";","659":"Q","660":"A","661":"A","662":"E","663":",","664":"G","665":"A","666":"A","667":"G","668":",","669":"E","670":"A","671":"A","672":"E","673":";","674":"M","675":"A","676":"A","677":"I","678":",","679":"C","680":"A","681":"A","682":"C","683":",","684":"E","685":"A","686":"C","687":"9","688":"B","689":";","690":"Q","691":"A","692":"A","693":"E","694":",","695":"I","696":"A","697":"A","698":"I","699":",","700":"E","701":"A","702":"A","703":"E","704":",","705":"M","706":"A","707":"A","708":"M","709":";","710":"Q","711":"A","712":"A","713":"E","714":",","715":"G","716":"A","717":"A","718":"G","719":",","720":"E","721":"A","722":"A","723":"E","724":";","725":"M","726":"A","727":"A","728":"g","729":"B","730":",","731":"C","732":"A","733":"A","734":"C","735":",","736":"C","737":"A","738":"C","739":"v","740":"C","741":";","742":"M","743":"A","744":"C","745":"D","746":",","747":"U","748":"A","749":"A","750":"U","751":",","752":"E","753":"A","754":"A","755":"E","756":";","757":"I","758":"A","759":"C","760":"d","761":",","762":"C","763":"A","764":"A","765":"C","766":";","767":"E","768":"A","769":"C","770":"H","771":",","772":"C","773":"A","774":"A","775":"C","776":";","777":"E","778":"A","779":"C","780":"D","781":",","782":"Q","783":"A","784":"A","785":"Q","786":",","787":"E","788":"A","789":"A","790":"E","791":";","792":"I","793":"A","794":"C","795":"R","796":",","797":"i","798":"B","799":"A","800":"A","801":"i","802":"B","803":",","804":"G","805":"A","806":"A","807":"G","808":";","809":"M","810":"A","811":"C","812":"l","813":"B","814":",","815":"O","816":"A","817":"A","818":"O","819":";","820":"Q","821":"A","822":"C","823":"L","824":",","825":"M","826":"A","827":"A","828":"M","829":",","830":"E","831":"A","832":"A","833":"E","834":",","835":"C","836":"A","837":"A","838":"C","839":",","840":"I","841":"A","842":"A","843":"I","844":",","845":"C","846":"A","847":"A","848":"C","849":",","850":"U","851":"A","852":"A","853":"U","854":";","855":"Q","856":"A","857":"C","858":"x","859":"B","860":",","861":"M","862":"A","863":"A","864":"M","865":",","866":"E","867":"A","868":"A","869":"E","870":",","871":"I","872":"A","873":"A","874":"I","875":",","876":"C","877":"A","878":"A","879":"C","880":";","881":"M","882":"A","883":"C","884":"f","885":",","886":"C","887":"A","888":"A","889":"C","890":";","891":"I","892":"A","893":"C","894":"H","895":";","896":"E","897":"A","898":"C","899":"F","900":",","901":"C","902":"A","903":"A","904":"C","905":";","906":"E","907":"A","908":"C","909":"D","910":",","911":"O","912":"A","913":"A","914":"O","915":",","916":"E","917":"A","918":"A","919":"E","920":";","921":"I","922":"A","923":"C","924":"P","925":",","926":"S","927":"A","928":"A","929":"S","930":",","931":"G","932":"A","933":"A","934":"G","935":";","936":"M","937":"A","938":"C","939":"V","940":",","941":"I","942":"A","943":"A","944":"I","945":",","946":"C","947":"A","948":"A","949":"C","950":",","951":"U","952":"A","953":"A","954":"U","955":",","956":"G","957":"A","958":"A","959":"G","960":",","961":"I","962":"A","963":"A","964":"I","965":";","966":"I","967":"A","968":"C","969":"x","970":"B","971":";","972":"E","973":"A","974":"C","975":"F","976":";","977":"A","978":"A","979":"C","980":"F","981":",","982":"C","983":"A","984":"A","985":"C","986":";","987":"A","988":"A","989":"A","990":"A","991":";","992":"A","993":"A","994":"A","995":"A","996":"\"","997":",","998":"\"","999":"f","1000":"i","1001":"l","1002":"e","1003":"\"","1004":":","1005":"\"","1006":"/","1007":"U","1008":"s","1009":"e","1010":"r","1011":"s","1012":"/","1013":"c","1014":"h","1015":"i","1016":"m","1017":"e","1018":"d","1019":"o","1020":"c","1021":"h","1022":"i","1023":"r","1024":"/","1025":"D","1026":"e","1027":"s","1028":"k","1029":"t","1030":"o","1031":"p","1032":"/","1033":"j","1034":"o","1035":"b","1036":"-","1037":"s","1038":"e","1039":"a","1040":"r","1041":"c","1042":"h","1043":"/","1044":"s","1045":"r","1046":"c","1047":"/","1048":"c","1049":"o","1050":"m","1051":"p","1052":"o","1053":"n","1054":"e","1055":"n","1056":"t","1057":"s","1058":"/","1059":"N","1060":"a","1061":"v","1062":"i","1063":"g","1064":"a","1065":"t","1066":"i","1067":"o","1068":"n","1069":"/","1070":"M","1071":"a","1072":"i","1073":"n","1074":"N","1075":"a","1076":"v","1077":".","1078":"v","1079":"u","1080":"e","1081":"\"","1082":",","1083":"\"","1084":"s","1085":"o","1086":"u","1087":"r","1088":"c","1089":"e","1090":"s","1091":"C","1092":"o","1093":"n","1094":"t","1095":"e","1096":"n","1097":"t","1098":"\"","1099":":","1100":"[","1101":"\"","1102":"<","1103":"t","1104":"e","1105":"m","1106":"p","1107":"l","1108":"a","1109":"t","1110":"e","1111":">","1112":"\\","1113":"n","1114":" ","1115":" ","1116":"<","1117":"h","1118":"e","1119":"a","1120":"d","1121":"e","1122":"r","1123":" ","1124":":","1125":"c","1126":"l","1127":"a","1128":"s","1129":"s","1130":"=","1131":"\\","1132":"\"","1133":"[","1134":"'","1135":"w","1136":"-","1137":"f","1138":"u","1139":"l","1140":"l","1141":"'","1142":",","1143":" ","1144":"'","1145":"t","1146":"e","1147":"x","1148":"t","1149":"-","1150":"s","1151":"m","1152":"'","1153":",","1154":" ","1155":"h","1156":"e","1157":"a","1158":"d","1159":"e","1160":"r","1161":"H","1162":"e","1163":"i","1164":"g","1165":"h","1166":"t","1167":"C","1168":"l","1169":"a","1170":"s","1171":"s","1172":"]","1173":"\\","1174":"\"","1175":">","1176":"\\","1177":"n","1178":" ","1179":" ","1180":" ","1181":" ","1182":"<","1183":"d","1184":"i","1185":"v","1186":" ","1187":"c","1188":"l","1189":"a","1190":"s","1191":"s","1192":"=","1193":"\\","1194":"\"","1195":"f","1196":"i","1197":"x","1198":"e","1199":"d","1200":" ","1201":"t","1202":"o","1203":"p","1204":"-","1205":"0","1206":" ","1207":"l","1208":"e","1209":"f","1210":"t","1211":"-","1212":"0","1213":" ","1214":"h","1215":"-","1216":"1","1217":"6","1218":" ","1219":"w","1220":"-","1221":"f","1222":"u","1223":"l","1224":"l","1225":" ","1226":"b","1227":"g","1228":"-","1229":"w","1230":"h","1231":"i","1232":"t","1233":"e","1234":"\\","1235":"\"","1236":">","1237":"\\","1238":"n","1239":" ","1240":" ","1241":" ","1242":" ","1243":" ","1244":" ","1245":"<","1246":"d","1247":"i","1248":"v","1249":"\\","1250":"n","1251":" ","1252":" ","1253":" ","1254":" ","1255":" ","1256":" ","1257":" ","1258":" ","1259":"c","1260":"l","1261":"a","1262":"s","1263":"s","1264":"=","1265":"\\","1266":"\"","1267":"f","1268":"l","1269":"e","1270":"x","1271":" ","1272":"f","1273":"l","1274":"e","1275":"x","1276":"-","1277":"n","1278":"o","1279":"w","1280":"r","1281":"a","1282":"p","1283":" ","1284":"h","1285":"-","1286":"f","1287":"u","1288":"l","1289":"l","1290":" ","1291":"p","1292":"x","1293":"-","1294":"8","1295":" ","1296":"m","1297":"x","1298":"-","1299":"a","1300":"u","1301":"t","1302":"o","1303":" ","1304":"b","1305":"o","1306":"r","1307":"d","1308":"e","1309":"r","1310":"-","1311":"b","1312":" ","1313":"b","1314":"o","1315":"r","1316":"d","1317":"e","1318":"r","1319":"-","1320":"s","1321":"o","1322":"l","1323":"i","1324":"d","1325":" ","1326":"b","1327":"o","1328":"r","1329":"d","1330":"e","1331":"r","1332":"-","1333":"b","1334":"r","1335":"a","1336":"n","1337":"d","1338":"-","1339":"g","1340":"r","1341":"a","1342":"y","1343":"-","1344":"1","1345":"\\","1346":"\"","1347":"\\","1348":"n","1349":" ","1350":" ","1351":" ","1352":" ","1353":" ","1354":" ","1355":">","1356":"\\","1357":"n","1358":" ","1359":" ","1360":" ","1361":" ","1362":" ","1363":" ","1364":" ","1365":" ","1366":"<","1367":"a","1368":" ","1369":":","1370":"h","1371":"r","1372":"e","1373":"f","1374":"=","1375":"\\","1376":"\"","1377":"u","1378":"r","1379":"l","1380":"\\","1381":"\"","1382":" ","1383":"c","1384":"l","1385":"a","1386":"s","1387":"s","1388":"=","1389":"\\","1390":"\"","1391":"f","1392":"l","1393":"e","1394":"x","1395":" ","1396":"i","1397":"t","1398":"e","1399":"m","1400":"s","1401":"-","1402":"c","1403":"e","1404":"n","1405":"t","1406":"e","1407":"r","1408":" ","1409":"t","1410":"e","1411":"x","1412":"t","1413":"-","1414":"x","1415":"l","1416":" ","1417":"f","1418":"o","1419":"n","1420":"t","1421":"-","1422":"b","1423":"o","1424":"l","1425":"d","1426":" ","1427":"h","1428":"-","1429":"f","1430":"u","1431":"l","1432":"l","1433":"\\","1434":"\"","1435":">","1436":"{","1437":"{","1438":"\\","1439":"n","1440":" ","1441":" ","1442":" ","1443":" ","1444":" ","1445":" ","1446":" ","1447":" ","1448":" ","1449":" ","1450":"c","1451":"o","1452":"m","1453":"p","1454":"a","1455":"n","1456":"y","1457":"\\","1458":"n","1459":" ","1460":" ","1461":" ","1462":" ","1463":" ","1464":" ","1465":" ","1466":" ","1467":"}","1468":"}","1469":"<","1470":"/","1471":"a","1472":">","1473":"\\","1474":"n","1475":" ","1476":" ","1477":" ","1478":" ","1479":" ","1480":" ","1481":" ","1482":" ","1483":"<","1484":"n","1485":"a","1486":"v","1487":" ","1488":"c","1489":"l","1490":"a","1491":"s","1492":"s","1493":"=","1494":"\\","1495":"\"","1496":"h","1497":"-","1498":"f","1499":"u","1500":"l","1501":"l","1502":" ","1503":"m","1504":"l","1505":"-","1506":"1","1507":"2","1508":"\\","1509":"\"","1510":">","1511":"\\","1512":"n","1513":" ","1514":" ","1515":" ","1516":" ","1517":" ","1518":" ","1519":" ","1520":" ","1521":" ","1522":" ","1523":"<","1524":"u","1525":"l","1526":" ","1527":"c","1528":"l","1529":"a","1530":"s","1531":"s","1532":"=","1533":"\\","1534":"\"","1535":"f","1536":"l","1537":"e","1538":"x","1539":" ","1540":"m","1541":"-","1542":"0","1543":" ","1544":"p","1545":"-","1546":"0","1547":" ","1548":"h","1549":"-","1550":"f","1551":"u","1552":"l","1553":"l","1554":" ","1555":"l","1556":"i","1557":"s","1558":"t","1559":"-","1560":"n","1561":"o","1562":"n","1563":"e","1564":"\\","1565":"\"","1566":">","1567":"\\","1568":"n","1569":" ","1570":" ","1571":" ","1572":" ","1573":" ","1574":" ","1575":" ","1576":" ","1577":" ","1578":" ","1579":" ","1580":" ","1581":"<","1582":"l","1583":"i","1584":"\\","1585":"n","1586":" ","1587":" ","1588":" ","1589":" ","1590":" ","1591":" ","1592":" ","1593":" ","1594":" ","1595":" ","1596":" ","1597":" ","1598":" ","1599":" ","1600":"v","1601":"-","1602":"f","1603":"o","1604":"r","1605":"=","1606":"\\","1607":"\"","1608":"m","1609":"e","1610":"n","1611":"u","1612":"I","1613":"t","1614":"e","1615":"m","1616":" ","1617":"i","1618":"n","1619":" ","1620":"m","1621":"e","1622":"n","1623":"u","1624":"I","1625":"t","1626":"e","1627":"m","1628":"s","1629":"\\","1630":"\"","1631":"\\","1632":"n","1633":" ","1634":" ","1635":" ","1636":" ","1637":" ","1638":" ","1639":" ","1640":" ","1641":" ","1642":" ","1643":" ","1644":" ","1645":" ","1646":" ","1647":":","1648":"k","1649":"e","1650":"y","1651":"=","1652":"\\","1653":"\"","1654":"m","1655":"e","1656":"n","1657":"u","1658":"I","1659":"t","1660":"e","1661":"m","1662":".","1663":"n","1664":"a","1665":"m","1666":"e","1667":"\\","1668":"\"","1669":"\\","1670":"n","1671":" ","1672":" ","1673":" ","1674":" ","1675":" ","1676":" ","1677":" ","1678":" ","1679":" ","1680":" ","1681":" ","1682":" ","1683":" ","1684":" ","1685":"c","1686":"l","1687":"a","1688":"s","1689":"s","1690":"=","1691":"\\","1692":"\"","1693":"h","1694":"-","1695":"f","1696":"u","1697":"l","1698":"l","1699":" ","1700":"m","1701":"l","1702":"-","1703":"9","1704":" ","1705":"f","1706":"i","1707":"r","1708":"s","1709":"t","1710":":","1711":"m","1712":"l","1713":"-","1714":"0","1715":"\\","1716":"\"","1717":"\\","1718":"n","1719":" ","1720":" ","1721":" ","1722":" ","1723":" ","1724":" ","1725":" ","1726":" ","1727":" ","1728":" ","1729":" ","1730":" ","1731":">","1732":"\\","1733":"n","1734":" ","1735":" ","1736":" ","1737":" ","1738":" ","1739":" ","1740":" ","1741":" ","1742":" ","1743":" ","1744":" ","1745":" ","1746":" ","1747":" ","1748":"<","1749":"r","1750":"o","1751":"u","1752":"t","1753":"e","1754":"r","1755":"-","1756":"l","1757":"i","1758":"n","1759":"k","1760":"\\","1761":"n","1762":" ","1763":" ","1764":" ","1765":" ","1766":" ","1767":" ","1768":" ","1769":" ","1770":" ","1771":" ","1772":" ","1773":" ","1774":" ","1775":" ","1776":" ","1777":" ","1778":":","1779":"t","1780":"o","1781":"=","1782":"\\","1783":"\"","1784":"m","1785":"e","1786":"n","1787":"u","1788":"I","1789":"t","1790":"e","1791":"m","1792":".","1793":"u","1794":"r","1795":"l","1796":"\\","1797":"\"","1798":"\\","1799":"n","1800":" ","1801":" ","1802":" ","1803":" ","1804":" ","1805":" ","1806":" ","1807":" ","1808":" ","1809":" ","1810":" ","1811":" ","1812":" ","1813":" ","1814":" ","1815":" ","1816":"c","1817":"l","1818":"a","1819":"s","1820":"s","1821":"=","1822":"\\","1823":"\"","1824":"f","1825":"l","1826":"e","1827":"x","1828":" ","1829":"i","1830":"t","1831":"e","1832":"m","1833":"s","1834":"-","1835":"c","1836":"e","1837":"n","1838":"t","1839":"e","1840":"r","1841":" ","1842":"h","1843":"-","1844":"f","1845":"u","1846":"l","1847":"l","1848":" ","1849":"p","1850":"y","1851":"-","1852":"2","1853":".","1854":"5","1855":"\\","1856":"\"","1857":"\\","1858":"n","1859":" ","1860":" ","1861":" ","1862":" ","1863":" ","1864":" ","1865":" ","1866":" ","1867":" ","1868":" ","1869":" ","1870":" ","1871":" ","1872":" ","1873":" ","1874":" ","1875":">","1876":"{","1877":"{","1878":" ","1879":"m","1880":"e","1881":"n","1882":"u","1883":"I","1884":"t","1885":"e","1886":"m","1887":".","1888":"n","1889":"a","1890":"m","1891":"e","1892":" ","1893":"}","1894":"}","1895":"<","1896":"/","1897":"r","1898":"o","1899":"u","1900":"t","1901":"e","1902":"r","1903":"-","1904":"l","1905":"i","1906":"n","1907":"k","1908":"\\","1909":"n","1910":" ","1911":" ","1912":" ","1913":" ","1914":" ","1915":" ","1916":" ","1917":" ","1918":" ","1919":" ","1920":" ","1921":" ","1922":" ","1923":" ","1924":">","1925":"\\","1926":"n","1927":" ","1928":" ","1929":" ","1930":" ","1931":" ","1932":" ","1933":" ","1934":" ","1935":" ","1936":" ","1937":" ","1938":" ","1939":"<","1940":"/","1941":"l","1942":"i","1943":">","1944":"\\","1945":"n","1946":" ","1947":" ","1948":" ","1949":" ","1950":" ","1951":" ","1952":" ","1953":" ","1954":" ","1955":" ","1956":"<","1957":"/","1958":"u","1959":"l","1960":">","1961":"\\","1962":"n","1963":" ","1964":" ","1965":" ","1966":" ","1967":" ","1968":" ","1969":" ","1970":" ","1971":"<","1972":"/","1973":"n","1974":"a","1975":"v","1976":">","1977":"\\","1978":"n","1979":" ","1980":" ","1981":" ","1982":" ","1983":" ","1984":" ","1985":" ","1986":" ","1987":"<","1988":"d","1989":"i","1990":"v","1991":" ","1992":"c","1993":"l","1994":"a","1995":"s","1996":"s","1997":"=","1998":"\\","1999":"\"","2000":"f","2001":"l","2002":"e","2003":"x","2004":" ","2005":"i","2006":"t","2007":"e","2008":"m","2009":"s","2010":"-","2011":"c","2012":"e","2013":"n","2014":"t","2015":"e","2016":"r","2017":" ","2018":"h","2019":"-","2020":"f","2021":"u","2022":"l","2023":"l","2024":" ","2025":"m","2026":"l","2027":"-","2028":"a","2029":"u","2030":"t","2031":"o","2032":"\\","2033":"\"","2034":">","2035":"\\","2036":"n","2037":" ","2038":" ","2039":" ","2040":" ","2041":" ","2042":" ","2043":" ","2044":" ","2045":" ","2046":" ","2047":"<","2048":"p","2049":"r","2050":"o","2051":"f","2052":"i","2053":"l","2054":"e","2055":"-","2056":"i","2057":"m","2058":"a","2059":"g","2060":"e","2061":" ","2062":"v","2063":"-","2064":"i","2065":"f","2066":"=","2067":"\\","2068":"\"","2069":"i","2070":"s","2071":"L","2072":"o","2073":"g","2074":"g","2075":"e","2076":"d","2077":"I","2078":"n","2079":"\\","2080":"\"","2081":" ","2082":"d","2083":"a","2084":"t","2085":"a","2086":"-","2087":"t","2088":"e","2089":"s","2090":"t","2091":"=","2092":"\\","2093":"\"","2094":"p","2095":"r","2096":"o","2097":"f","2098":"i","2099":"l","2100":"e","2101":"-","2102":"i","2103":"m","2104":"a","2105":"g","2106":"e","2107":"\\","2108":"\"","2109":" ","2110":"/","2111":">","2112":"\\","2113":"n","2114":" ","2115":" ","2116":" ","2117":" ","2118":" ","2119":" ","2120":" ","2121":" ","2122":" ","2123":" ","2124":"<","2125":"a","2126":"c","2127":"t","2128":"i","2129":"o","2130":"n","2131":"-","2132":"b","2133":"u","2134":"t","2135":"t","2136":"o","2137":"n","2138":"\\","2139":"n","2140":" ","2141":" ","2142":" ","2143":" ","2144":" ","2145":" ","2146":" ","2147":" ","2148":" ","2149":" ","2150":" ","2151":" ","2152":"v","2153":"-","2154":"e","2155":"l","2156":"s","2157":"e","2158":"\\","2159":"n","2160":" ","2161":" ","2162":" ","2163":" ","2164":" ","2165":" ","2166":" ","2167":" ","2168":" ","2169":" ","2170":" ","2171":" ","2172":"t","2173":"y","2174":"p","2175":"e","2176":"=","2177":"\\","2178":"\"","2179":"p","2180":"r","2181":"i","2182":"m","2183":"a","2184":"r","2185":"y","2186":"\\","2187":"\"","2188":"\\","2189":"n","2190":" ","2191":" ","2192":" ","2193":" ","2194":" ","2195":" ","2196":" ","2197":" ","2198":" ","2199":" ","2200":" ","2201":" ","2202":"d","2203":"a","2204":"t","2205":"a","2206":"-","2207":"t","2208":"e","2209":"s","2210":"t","2211":"=","2212":"\\","2213":"\"","2214":"l","2215":"o","2216":"g","2217":"i","2218":"n","2219":"-","2220":"b","2221":"u","2222":"t","2223":"t","2224":"o","2225":"n","2226":"\\","2227":"\"","2228":"\\","2229":"n","2230":" ","2231":" ","2232":" ","2233":" ","2234":" ","2235":" ","2236":" ","2237":" ","2238":" ","2239":" ","2240":" ","2241":" ","2242":"t","2243":"e","2244":"x","2245":"t","2246":"=","2247":"\\","2248":"\"","2249":"S","2250":"i","2251":"g","2252":"n","2253":" ","2254":"i","2255":"n","2256":"\\","2257":"\"","2258":"\\","2259":"n","2260":" ","2261":" ","2262":" ","2263":" ","2264":" ","2265":" ","2266":" ","2267":" ","2268":" ","2269":" ","2270":" ","2271":" ","2272":"@","2273":"c","2274":"l","2275":"i","2276":"c","2277":"k","2278":"=","2279":"\\","2280":"\"","2281":"l","2282":"o","2283":"g","2284":"i","2285":"n","2286":"U","2287":"s","2288":"e","2289":"r","2290":"\\","2291":"\"","2292":"\\","2293":"n","2294":" ","2295":" ","2296":" ","2297":" ","2298":" ","2299":" ","2300":" ","2301":" ","2302":" ","2303":" ","2304":"/","2305":">","2306":"\\","2307":"n","2308":" ","2309":" ","2310":" ","2311":" ","2312":" ","2313":" ","2314":" ","2315":" ","2316":"<","2317":"/","2318":"d","2319":"i","2320":"v","2321":">","2322":"\\","2323":"n","2324":" ","2325":" ","2326":" ","2327":" ","2328":" ","2329":" ","2330":"<","2331":"/","2332":"d","2333":"i","2334":"v","2335":">","2336":"\\","2337":"n","2338":" ","2339":" ","2340":" ","2341":" ","2342":" ","2343":" ","2344":"<","2345":"s","2346":"u","2347":"b","2348":"-","2349":"n","2350":"a","2351":"v","2352":" ","2353":"v","2354":"-","2355":"i","2356":"f","2357":"=","2358":"\\","2359":"\"","2360":"i","2361":"s","2362":"L","2363":"o","2364":"g","2365":"g","2366":"e","2367":"d","2368":"I","2369":"n","2370":"\\","2371":"\"","2372":" ","2373":"d","2374":"a","2375":"t","2376":"a","2377":"-","2378":"t","2379":"e","2380":"s","2381":"t","2382":"=","2383":"\\","2384":"\"","2385":"s","2386":"u","2387":"b","2388":"n","2389":"a","2390":"v","2391":"\\","2392":"\"","2393":">","2394":"<","2395":"/","2396":"s","2397":"u","2398":"b","2399":"-","2400":"n","2401":"a","2402":"v","2403":">","2404":"\\","2405":"n","2406":" ","2407":" ","2408":" ","2409":" ","2410":"<","2411":"/","2412":"d","2413":"i","2414":"v","2415":">","2416":"\\","2417":"n","2418":" ","2419":" ","2420":"<","2421":"/","2422":"h","2423":"e","2424":"a","2425":"d","2426":"e","2427":"r","2428":">","2429":"\\","2430":"n","2431":"<","2432":"/","2433":"t","2434":"e","2435":"m","2436":"p","2437":"l","2438":"a","2439":"t","2440":"e","2441":">","2442":"\\","2443":"n","2444":"<","2445":"s","2446":"c","2447":"r","2448":"i","2449":"p","2450":"t","2451":">","2452":"\\","2453":"n","2454":"i","2455":"m","2456":"p","2457":"o","2458":"r","2459":"t","2460":" ","2461":"A","2462":"c","2463":"t","2464":"i","2465":"o","2466":"n","2467":"B","2468":"u","2469":"t","2470":"t","2471":"o","2472":"n","2473":" ","2474":"f","2475":"r","2476":"o","2477":"m","2478":" ","2479":"\\","2480":"\"","2481":"@","2482":"/","2483":"c","2484":"o","2485":"m","2486":"p","2487":"o","2488":"n","2489":"e","2490":"n","2491":"t","2492":"s","2493":"/","2494":"S","2495":"h","2496":"a","2497":"r","2498":"e","2499":"d","2500":"/","2501":"A","2502":"c","2503":"t","2504":"i","2505":"o","2506":"n","2507":"B","2508":"u","2509":"t","2510":"t","2511":"o","2512":"n","2513":".","2514":"v","2515":"u","2516":"e","2517":"\\","2518":"\"","2519":";","2520":"\\","2521":"n","2522":"i","2523":"m","2524":"p","2525":"o","2526":"r","2527":"t","2528":" ","2529":"P","2530":"r","2531":"o","2532":"f","2533":"i","2534":"l","2535":"e","2536":"I","2537":"m","2538":"a","2539":"g","2540":"e","2541":" ","2542":"f","2543":"r","2544":"o","2545":"m","2546":" ","2547":"\\","2548":"\"","2549":"@","2550":"/","2551":"c","2552":"o","2553":"m","2554":"p","2555":"o","2556":"n","2557":"e","2558":"n","2559":"t","2560":"s","2561":"/","2562":"N","2563":"a","2564":"v","2565":"i","2566":"g","2567":"a","2568":"t","2569":"i","2570":"o","2571":"n","2572":"/","2573":"P","2574":"r","2575":"o","2576":"f","2577":"i","2578":"l","2579":"e","2580":"I","2581":"m","2582":"a","2583":"g","2584":"e","2585":".","2586":"v","2587":"u","2588":"e","2589":"\\","2590":"\"","2591":";","2592":"\\","2593":"n","2594":"i","2595":"m","2596":"p","2597":"o","2598":"r","2599":"t","2600":" ","2601":"S","2602":"u","2603":"b","2604":"N","2605":"a","2606":"v","2607":" ","2608":"f","2609":"r","2610":"o","2611":"m","2612":" ","2613":"\\","2614":"\"","2615":"@","2616":"/","2617":"c","2618":"o","2619":"m","2620":"p","2621":"o","2622":"n","2623":"e","2624":"n","2625":"t","2626":"s","2627":"/","2628":"N","2629":"a","2630":"v","2631":"i","2632":"g","2633":"a","2634":"t","2635":"i","2636":"o","2637":"n","2638":"/","2639":"S","2640":"u","2641":"b","2642":"N","2643":"a","2644":"v","2645":".","2646":"v","2647":"u","2648":"e","2649":"\\","2650":"\"","2651":";","2652":"\\","2653":"n","2654":"e","2655":"x","2656":"p","2657":"o","2658":"r","2659":"t","2660":" ","2661":"d","2662":"e","2663":"f","2664":"a","2665":"u","2666":"l","2667":"t","2668":" ","2669":"{","2670":"\\","2671":"n","2672":" ","2673":" ","2674":"n","2675":"a","2676":"m","2677":"e","2678":":","2679":" ","2680":"\\","2681":"\"","2682":"M","2683":"a","2684":"i","2685":"n","2686":"N","2687":"a","2688":"v","2689":"\\","2690":"\"","2691":",","2692":"\\","2693":"n","2694":" ","2695":" ","2696":"c","2697":"o","2698":"m","2699":"p","2700":"o","2701":"n","2702":"e","2703":"n","2704":"t","2705":"s","2706":":","2707":" ","2708":"{","2709":"\\","2710":"n","2711":" ","2712":" ","2713":" ","2714":" ","2715":"A","2716":"c","2717":"t","2718":"i","2719":"o","2720":"n","2721":"B","2722":"u","2723":"t","2724":"t","2725":"o","2726":"n","2727":",","2728":"\\","2729":"n","2730":" ","2731":" ","2732":" ","2733":" ","2734":"P","2735":"r","2736":"o","2737":"f","2738":"i","2739":"l","2740":"e","2741":"I","2742":"m","2743":"a","2744":"g","2745":"e","2746":",","2747":"\\","2748":"n","2749":" ","2750":" ","2751":" ","2752":" ","2753":"S","2754":"u","2755":"b","2756":"N","2757":"a","2758":"v","2759":",","2760":"\\","2761":"n","2762":" ","2763":" ","2764":"}","2765":",","2766":"\\","2767":"n","2768":" ","2769":" ","2770":"d","2771":"a","2772":"t","2773":"a","2774":"(","2775":")","2776":" ","2777":"{","2778":"\\","2779":"n","2780":" ","2781":" ","2782":" ","2783":" ","2784":"r","2785":"e","2786":"t","2787":"u","2788":"r","2789":"n","2790":" ","2791":"{","2792":"\\","2793":"n","2794":" ","2795":" ","2796":" ","2797":" ","2798":" ","2799":" ","2800":"u","2801":"r","2802":"l","2803":":","2804":" ","2805":"\\","2806":"\"","2807":"h","2808":"t","2809":"t","2810":"p","2811":"s","2812":":","2813":"/","2814":"/","2815":"c","2816":"a","2817":"r","2818":"e","2819":"e","2820":"r","2821":"s","2822":".","2823":"g","2824":"o","2825":"o","2826":"g","2827":"l","2828":"e","2829":".","2830":"c","2831":"o","2832":"m","2833":"\\","2834":"\"","2835":",","2836":"\\","2837":"n","2838":" ","2839":" ","2840":" ","2841":" ","2842":" ","2843":" ","2844":"c","2845":"o","2846":"m","2847":"p","2848":"a","2849":"n","2850":"y","2851":":","2852":" ","2853":"\\","2854":"\"","2855":"G","2856":"o","2857":"o","2858":"g","2859":"l","2860":"e","2861":" ","2862":"C","2863":"a","2864":"r","2865":"e","2866":"e","2867":"r","2868":"s","2869":"\\","2870":"\"","2871":",","2872":"\\","2873":"n","2874":" ","2875":" ","2876":" ","2877":" ","2878":" ","2879":" ","2880":"m","2881":"e","2882":"n","2883":"u","2884":"I","2885":"t","2886":"e","2887":"m","2888":"s","2889":":","2890":" ","2891":"[","2892":"\\","2893":"n","2894":" ","2895":" ","2896":" ","2897":" ","2898":" ","2899":" ","2900":" ","2901":" ","2902":"{","2903":" ","2904":"n","2905":"a","2906":"m","2907":"e","2908":":","2909":" ","2910":"\\","2911":"\"","2912":"T","2913":"e","2914":"a","2915":"m","2916":"s","2917":"\\","2918":"\"","2919":",","2920":" ","2921":"u","2922":"r","2923":"l","2924":":","2925":" ","2926":"\\","2927":"\"","2928":"/","2929":"\\","2930":"\"","2931":" ","2932":"}","2933":",","2934":"\\","2935":"n","2936":" ","2937":" ","2938":" ","2939":" ","2940":" ","2941":" ","2942":" ","2943":" ","2944":"{","2945":" ","2946":"n","2947":"a","2948":"m","2949":"e","2950":":","2951":" ","2952":"\\","2953":"\"","2954":"L","2955":"o","2956":"c","2957":"a","2958":"t","2959":"i","2960":"o","2961":"n","2962":"\\","2963":"\"","2964":",","2965":" ","2966":"u","2967":"r","2968":"l","2969":":","2970":" ","2971":"\\","2972":"\"","2973":"/","2974":"\\","2975":"\"","2976":" ","2977":"}","2978":",","2979":"\\","2980":"n","2981":" ","2982":" ","2983":" ","2984":" ","2985":" ","2986":" ","2987":" ","2988":" ","2989":"{","2990":" ","2991":"n","2992":"a","2993":"m","2994":"e","2995":":","2996":" ","2997":"\\","2998":"\"","2999":"L","3000":"i","3001":"f","3002":"e","3003":" ","3004":"a","3005":"t","3006":" ","3007":"B","3008":"o","3009":"b","3010":"o","3011":" ","3012":"C","3013":"o","3014":"r","3015":"p","3016":"\\","3017":"\"","3018":",","3019":" ","3020":"u","3021":"r","3022":"l","3023":":","3024":" ","3025":"\\","3026":"\"","3027":"/","3028":"\\","3029":"\"","3030":" ","3031":"}","3032":",","3033":"\\","3034":"n","3035":" ","3036":" ","3037":" ","3038":" ","3039":" ","3040":" ","3041":" ","3042":" ","3043":"{","3044":" ","3045":"n","3046":"a","3047":"m","3048":"e","3049":":","3050":" ","3051":"\\","3052":"\"","3053":"H","3054":"o","3055":"w","3056":" ","3057":"w","3058":"e","3059":" ","3060":"h","3061":"i","3062":"r","3063":"e","3064":"\\","3065":"\"","3066":",","3067":" ","3068":"u","3069":"r","3070":"l","3071":":","3072":" ","3073":"\\","3074":"\"","3075":"/","3076":"\\","3077":"\"","3078":" ","3079":"}","3080":",","3081":"\\","3082":"n","3083":" ","3084":" ","3085":" ","3086":" ","3087":" ","3088":" ","3089":" ","3090":" ","3091":"{","3092":" ","3093":"n","3094":"a","3095":"m","3096":"e","3097":":","3098":" ","3099":"\\","3100":"\"","3101":"S","3102":"t","3103":"u","3104":"d","3105":"e","3106":"n","3107":"t","3108":"s","3109":"\\","3110":"\"","3111":",","3112":" ","3113":"u","3114":"r","3115":"l","3116":":","3117":" ","3118":"\\","3119":"\"","3120":"/","3121":"\\","3122":"\"","3123":" ","3124":"}","3125":",","3126":"\\","3127":"n","3128":" ","3129":" ","3130":" ","3131":" ","3132":" ","3133":" ","3134":" ","3135":" ","3136":"{","3137":" ","3138":"n","3139":"a","3140":"m","3141":"e","3142":":","3143":" ","3144":"\\","3145":"\"","3146":"J","3147":"o","3148":"b","3149":"s","3150":"\\","3151":"\"","3152":",","3153":" ","3154":"u","3155":"r","3156":"l","3157":":","3158":" ","3159":"\\","3160":"\"","3161":"/","3162":"j","3163":"o","3164":"b","3165":"s","3166":"/","3167":"r","3168":"e","3169":"s","3170":"u","3171":"l","3172":"t","3173":"s","3174":"\\","3175":"\"","3176":" ","3177":"}","3178":",","3179":"\\","3180":"n","3181":" ","3182":" ","3183":" ","3184":" ","3185":" ","3186":" ","3187":"]","3188":",","3189":"\\","3190":"n","3191":" ","3192":" ","3193":" ","3194":" ","3195":" ","3196":" ","3197":"i","3198":"s","3199":"L","3200":"o","3201":"g","3202":"g","3203":"e","3204":"d","3205":"I","3206":"n","3207":":","3208":" ","3209":"f","3210":"a","3211":"l","3212":"s","3213":"e","3214":",","3215":"\\","3216":"n","3217":" ","3218":" ","3219":" ","3220":" ","3221":"}","3222":";","3223":"\\","3224":"n","3225":" ","3226":" ","3227":"}","3228":",","3229":"\\","3230":"n","3231":" ","3232":" ","3233":"c","3234":"o","3235":"m","3236":"p","3237":"u","3238":"t","3239":"e","3240":"d","3241":":","3242":" ","3243":"{","3244":"\\","3245":"n","3246":" ","3247":" ","3248":" ","3249":" ","3250":"h","3251":"e","3252":"a","3253":"d","3254":"e","3255":"r","3256":"H","3257":"e","3258":"i","3259":"g","3260":"h","3261":"t","3262":"C","3263":"l","3264":"a","3265":"s","3266":"s","3267":"(","3268":")","3269":" ","3270":"{","3271":"\\","3272":"n","3273":" ","3274":" ","3275":" ","3276":" ","3277":" ","3278":" ","3279":"r","3280":"e","3281":"t","3282":"u","3283":"r","3284":"n","3285":" ","3286":"{","3287":"\\","3288":"n","3289":" ","3290":" ","3291":" ","3292":" ","3293":" ","3294":" ","3295":" ","3296":" ","3297":"\\","3298":"\"","3299":"h","3300":"-","3301":"1","3302":"6","3303":"\\","3304":"\"","3305":":","3306":" ","3307":"!","3308":"t","3309":"h","3310":"i","3311":"s","3312":".","3313":"i","3314":"s","3315":"L","3316":"o","3317":"g","3318":"g","3319":"e","3320":"d","3321":"I","3322":"n","3323":",","3324":"\\","3325":"n","3326":" ","3327":" ","3328":" ","3329":" ","3330":" ","3331":" ","3332":" ","3333":" ","3334":"\\","3335":"\"","3336":"h","3337":"-","3338":"3","3339":"2","3340":"\\","3341":"\"","3342":":","3343":" ","3344":"t","3345":"h","3346":"i","3347":"s","3348":".","3349":"i","3350":"s","3351":"L","3352":"o","3353":"g","3354":"g","3355":"e","3356":"d","3357":"I","3358":"n","3359":",","3360":"\\","3361":"n","3362":" ","3363":" ","3364":" ","3365":" ","3366":" ","3367":" ","3368":"}","3369":";","3370":"\\","3371":"n","3372":" ","3373":" ","3374":" ","3375":" ","3376":"}","3377":",","3378":"\\","3379":"n","3380":" ","3381":" ","3382":"}","3383":",","3384":"\\","3385":"n","3386":" ","3387":" ","3388":"m","3389":"e","3390":"t","3391":"h","3392":"o","3393":"d","3394":"s","3395":":","3396":" ","3397":"{","3398":"\\","3399":"n","3400":" ","3401":" ","3402":" ","3403":" ","3404":"l","3405":"o","3406":"g","3407":"i","3408":"n","3409":"U","3410":"s","3411":"e","3412":"r","3413":"(","3414":")","3415":" ","3416":"{","3417":"\\","3418":"n","3419":" ","3420":" ","3421":" ","3422":" ","3423":" ","3424":" ","3425":"t","3426":"h","3427":"i","3428":"s","3429":".","3430":"i","3431":"s","3432":"L","3433":"o","3434":"g","3435":"g","3436":"e","3437":"d","3438":"I","3439":"n","3440":" ","3441":"=","3442":" ","3443":"t","3444":"r","3445":"u","3446":"e","3447":";","3448":"\\","3449":"n","3450":" ","3451":" ","3452":" ","3453":" ","3454":"}","3455":",","3456":"\\","3457":"n","3458":" ","3459":" ","3460":"}","3461":",","3462":"\\","3463":"n","3464":"}","3465":";","3466":"\\","3467":"n","3468":"<","3469":"/","3470":"s","3471":"c","3472":"r","3473":"i","3474":"p","3475":"t","3476":">","3477":"\\","3478":"n","3479":"<","3480":"s","3481":"t","3482":"y","3483":"l","3484":"e","3485":">","3486":"<","3487":"/","3488":"s","3489":"t","3490":"y","3491":"l","3492":"e","3493":">","3494":"\\","3495":"n","3496":"\"","3497":"]","3498":"}"},"_coverageSchema":"1a1c01bbd47fc00a2c39e90264f33305004495a9","hash":"23f609d0fe0b1c68365488b81fb935b331a91bff"}
,"/Users/chimedochir/Desktop/job-search/src/components/Navigation/ProfileImage.vue": {"path":"/Users/chimedochir/Desktop/job-search/src/components/Navigation/ProfileImage.vue","statementMap":{"0":{"start":{"line":4,"column":0},"end":{"line":6,"column":3}},"1":{"start":{"line":7,"column":0},"end":{"line":7,"column":25}},"2":{"start":{"line":8,"column":15},"end":{"line":15,"column":1}},"3":{"start":{"line":11,"column":4},"end":{"line":13,"column":6}},"4":{"start":{"line":18,"column":0},"end":{"line":18,"column":13}},"5":{"start":{"line":20,"column":0},"end":{"line":22,"column":3}},"6":{"start":{"line":23,"column":0},"end":{"line":23,"column":24}},"7":{"start":{"line":24,"column":11},"end":{"line":24,"column":25}},"8":{"start":{"line":25,"column":19},"end":{"line":25,"column":26}},"9":{"start":{"line":27,"column":2},"end":{"line":31,"column":38}},"10":{"start":{"line":32,"column":2},"end":{"line":32,"column":49}}},"fnMap":{"0":{"name":"(anonymous_0)","decl":{"start":{"line":10,"column":2},"end":{"line":10,"column":3}},"loc":{"start":{"line":10,"column":9},"end":{"line":14,"column":3}},"line":10},"1":{"name":"render","decl":{"start":{"line":26,"column":9},"end":{"line":26,"column":15}},"loc":{"start":{"line":26,"column":30},"end":{"line":32,"column":1}},"line":26}},"branchMap":{},"s":{"0":1,"1":1,"2":1,"3":1,"4":1,"5":1,"6":1,"7":1,"8":1,"9":1,"10":1},"f":{"0":1,"1":1},"b":{},"inputSourceMap":{"0":"{","1":"\"","2":"v","3":"e","4":"r","5":"s","6":"i","7":"o","8":"n","9":"\"","10":":","11":"3","12":",","13":"\"","14":"s","15":"o","16":"u","17":"r","18":"c","19":"e","20":"s","21":"\"","22":":","23":"[","24":"\"","25":"/","26":"U","27":"s","28":"e","29":"r","30":"s","31":"/","32":"c","33":"h","34":"i","35":"m","36":"e","37":"d","38":"o","39":"c","40":"h","41":"i","42":"r","43":"/","44":"D","45":"e","46":"s","47":"k","48":"t","49":"o","50":"p","51":"/","52":"j","53":"o","54":"b","55":"-","56":"s","57":"e","58":"a","59":"r","60":"c","61":"h","62":"/","63":"s","64":"r","65":"c","66":"/","67":"c","68":"o","69":"m","70":"p","71":"o","72":"n","73":"e","74":"n","75":"t","76":"s","77":"/","78":"N","79":"a","80":"v","81":"i","82":"g","83":"a","84":"t","85":"i","86":"o","87":"n","88":"/","89":"P","90":"r","91":"o","92":"f","93":"i","94":"l","95":"e","96":"I","97":"m","98":"a","99":"g","100":"e","101":".","102":"v","103":"u","104":"e","105":"\"","106":"]","107":",","108":"\"","109":"n","110":"a","111":"m","112":"e","113":"s","114":"\"","115":":","116":"[","117":"]","118":",","119":"\"","120":"m","121":"a","122":"p","123":"p","124":"i","125":"n","126":"g","127":"s","128":"\"","129":":","130":"\"","131":";","132":";","133":";","134":";","135":";","136":";","137":";","138":"e","139":"A","140":"I","141":"e","142":";","143":"E","144":"A","145":"C","146":"b","147":",","148":"I","149":"A","150":"A","151":"I","152":",","153":"E","154":"A","155":"A","156":"E","157":",","158":"c","159":"A","160":"A","161":"c","162":";","163":"E","164":"A","165":"C","166":"p","167":"B","168":",","169":"I","170":"A","171":"A","172":"I","173":",","174":"G","175":"A","176":"A","177":"G","178":";","179":"I","180":"A","181":"C","182":"L","183":",","184":"O","185":"A","186":"A","187":"O","188":";","189":"M","190":"A","191":"C","192":"L","193":",","194":"G","195":"A","196":"A","197":"G","198":",","199":"E","200":"A","201":"A","202":"E","203":";","204":"I","205":"A","206":"C","207":"P","208":",","209":"C","210":"A","211":"A","212":"C","213":";","214":"E","215":"A","216":"C","217":"H","218":";","219":"A","220":"A","221":"C","222":"F","223":",","224":"C","225":"A","226":"A","227":"C","228":";","229":"A","230":"A","231":"A","232":"A","233":";","234":"A","235":"A","236":"A","237":"A","238":"\"","239":",","240":"\"","241":"f","242":"i","243":"l","244":"e","245":"\"","246":":","247":"\"","248":"/","249":"U","250":"s","251":"e","252":"r","253":"s","254":"/","255":"c","256":"h","257":"i","258":"m","259":"e","260":"d","261":"o","262":"c","263":"h","264":"i","265":"r","266":"/","267":"D","268":"e","269":"s","270":"k","271":"t","272":"o","273":"p","274":"/","275":"j","276":"o","277":"b","278":"-","279":"s","280":"e","281":"a","282":"r","283":"c","284":"h","285":"/","286":"s","287":"r","288":"c","289":"/","290":"c","291":"o","292":"m","293":"p","294":"o","295":"n","296":"e","297":"n","298":"t","299":"s","300":"/","301":"N","302":"a","303":"v","304":"i","305":"g","306":"a","307":"t","308":"i","309":"o","310":"n","311":"/","312":"P","313":"r","314":"o","315":"f","316":"i","317":"l","318":"e","319":"I","320":"m","321":"a","322":"g","323":"e","324":".","325":"v","326":"u","327":"e","328":"\"","329":",","330":"\"","331":"s","332":"o","333":"u","334":"r","335":"c","336":"e","337":"s","338":"C","339":"o","340":"n","341":"t","342":"e","343":"n","344":"t","345":"\"","346":":","347":"[","348":"\"","349":"<","350":"t","351":"e","352":"m","353":"p","354":"l","355":"a","356":"t","357":"e","358":">","359":"\\","360":"n","361":" ","362":" ","363":"<","364":"i","365":"m","366":"g","367":" ","368":":","369":"s","370":"r","371":"c","372":"=","373":"\\","374":"\"","375":"u","376":"r","377":"l","378":"\\","379":"\"","380":" ","381":"a","382":"l","383":"t","384":"=","385":"\\","386":"\"","387":"t","388":"h","389":"i","390":"s","391":" ","392":"n","393":"o","394":"t","395":" ","396":"f","397":"i","398":"n","399":"d","400":" ","401":"p","402":"r","403":"o","404":"f","405":"i","406":"l","407":"e","408":"\\","409":"\"","410":" ","411":"c","412":"l","413":"a","414":"s","415":"s","416":"=","417":"\\","418":"\"","419":"w","420":"-","421":"8","422":" ","423":"h","424":"-","425":"8","426":" ","427":"r","428":"o","429":"u","430":"n","431":"d","432":"e","433":"d","434":"-","435":"3","436":"x","437":"l","438":"\\","439":"\"","440":" ","441":"/","442":">","443":"\\","444":"n","445":"<","446":"/","447":"t","448":"e","449":"m","450":"p","451":"l","452":"a","453":"t","454":"e","455":">","456":"\\","457":"n","458":"<","459":"s","460":"c","461":"r","462":"i","463":"p","464":"t","465":">","466":"\\","467":"n","468":"e","469":"x","470":"p","471":"o","472":"r","473":"t","474":" ","475":"d","476":"e","477":"f","478":"a","479":"u","480":"l","481":"t","482":" ","483":"{","484":"\\","485":"n","486":" ","487":" ","488":"n","489":"a","490":"m","491":"e","492":":","493":" ","494":"\\","495":"\"","496":"P","497":"r","498":"o","499":"f","500":"i","501":"l","502":"e","503":"I","504":"m","505":"a","506":"g","507":"e","508":"\\","509":"\"","510":",","511":"\\","512":"n","513":" ","514":" ","515":"d","516":"a","517":"t","518":"a","519":"(","520":")","521":" ","522":"{","523":"\\","524":"n","525":" ","526":" ","527":" ","528":" ","529":"r","530":"e","531":"t","532":"u","533":"r","534":"n","535":" ","536":"{","537":"\\","538":"n","539":" ","540":" ","541":" ","542":" ","543":" ","544":" ","545":"u","546":"r","547":"l","548":":","549":" ","550":"\\","551":"\"","552":"h","553":"t","554":"t","555":"p","556":"s","557":":","558":"/","559":"/","560":"w","561":"w","562":"w","563":".","564":"p","565":"n","566":"g","567":"i","568":"t","569":"e","570":"m","571":".","572":"c","573":"o","574":"m","575":"/","576":"p","577":"i","578":"m","579":"g","580":"s","581":"/","582":"m","583":"/","584":"4","585":"8","586":"7","587":"-","588":"4","589":"8","590":"7","591":"6","592":"4","593":"1","594":"7","595":"_","596":"l","597":"i","598":"n","599":"k","600":"-","601":"h","602":"e","603":"a","604":"d","605":"-","606":"p","607":"n","608":"g","609":"-","610":"t","611":"o","612":"o","613":"n","614":"-","615":"l","616":"i","617":"n","618":"k","619":"-","620":"f","621":"a","622":"c","623":"e","624":"-","625":"p","626":"n","627":"g","628":"-","629":"t","630":"r","631":"a","632":"n","633":"s","634":"p","635":"a","636":"r","637":"e","638":"n","639":"t","640":".","641":"p","642":"n","643":"g","644":"\\","645":"\"","646":",","647":"\\","648":"n","649":" ","650":" ","651":" ","652":" ","653":"}","654":";","655":"\\","656":"n","657":" ","658":" ","659":"}","660":",","661":"\\","662":"n","663":"}","664":";","665":"\\","666":"n","667":"<","668":"/","669":"s","670":"c","671":"r","672":"i","673":"p","674":"t","675":">","676":"\\","677":"n","678":"\"","679":"]","680":"}"},"_coverageSchema":"1a1c01bbd47fc00a2c39e90264f33305004495a9","hash":"068b0108093ff662a2b1b66e3908dab248326163"}
[...]
"r","1092":"n","1093":" ","1094":"{","1095":"\\","1096":"n","1097":" ","1098":" ","1099":" ","1100":" ","1101":" ","1102":" ","1103":" ","1104":" ","1105":"[","1106":"t","1107":"h","1108":"i","1109":"s","1110":".","1111":"t","1112":"y","1113":"p","1114":"e","1115":"]","1116":":","1117":" ","1118":"t","1119":"r","1120":"u","1121":"e","1122":",","1123":"\\","1124":"n","1125":" ","1126":" ","1127":" ","1128":" ","1129":" ","1130":" ","1131":"}","1132":";","1133":"\\","1134":"n","1135":" ","1136":" ","1137":" ","1138":" ","1139":"}","1140":",","1141":"\\","1142":"n","1143":" ","1144":" ","1145":"}","1146":",","1147":"\\","1148":"n","1149":"}","1150":";","1151":"\\","1152":"n","1153":"<","1154":"/","1155":"s","1156":"c","1157":"r","1158":"i","1159":"p","1160":"t","1161":">","1162":"\\","1163":"n","1164":"<","1165":"s","1166":"t","1167":"y","1168":"l","1169":"e","1170":" ","1171":"s","1172":"c","1173":"o","1174":"p","1175":"e","1176":"d","1177":">","1178":"\\","1179":"n","1180":"b","1181":"u","1182":"t","1183":"t","1184":"o","1185":"n","1186":" ","1187":"{","1188":"\\","1189":"n","1190":" ","1191":" ","1192":"@","1193":"a","1194":"p","1195":"p","1196":"l","1197":"y","1198":" ","1199":"p","1200":"x","1201":"-","1202":"5","1203":" ","1204":"p","1205":"y","1206":"-","1207":"3","1208":" ","1209":"f","1210":"o","1211":"n","1212":"t","1213":"-","1214":"m","1215":"e","1216":"d","1217":"i","1218":"u","1219":"m","1220":" ","1221":"t","1222":"e","1223":"x","1224":"t","1225":"-","1226":"w","1227":"h","1228":"i","1229":"t","1230":"e","1231":";","1232":"\\","1233":"n","1234":"}","1235":"\\","1236":"n","1237":".","1238":"p","1239":"r","1240":"i","1241":"m","1242":"a","1243":"r","1244":"y","1245":" ","1246":"{","1247":"\\","1248":"n","1249":" ","1250":" ","1251":"@","1252":"a","1253":"p","1254":"p","1255":"l","1256":"y","1257":" ","1258":"b","1259":"o","1260":"r","1261":"d","1262":"e","1263":"r","1264":"-","1265":"0","1266":" ","1267":"r","1268":"o","1269":"u","1270":"n","1271":"d","1272":"e","1273":"d","1274":" ","1275":"b","1276":"g","1277":"-","1278":"b","1279":"r","1280":"a","1281":"n","1282":"d","1283":"-","1284":"b","1285":"l","1286":"u","1287":"e","1288":"-","1289":"1","1290":" ","1291":"h","1292":"o","1293":"v","1294":"e","1295":"r","1296":":","1297":"s","1298":"h","1299":"a","1300":"d","1301":"o","1302":"w","1303":"-","1304":"b","1305":"l","1306":"u","1307":"e","1308":";","1309":"\\","1310":"n","1311":"}","1312":"\\","1313":"n","1314":".","1315":"s","1316":"e","1317":"c","1318":"o","1319":"n","1320":"d","1321":"a","1322":"r","1323":"y","1324":" ","1325":"{","1326":"\\","1327":"n","1328":" ","1329":" ","1330":"@","1331":"a","1332":"p","1333":"p","1334":"l","1335":"y","1336":" ","1337":"t","1338":"e","1339":"x","1340":"t","1341":"-","1342":"b","1343":"r","1344":"a","1345":"n","1346":"d","1347":"-","1348":"b","1349":"l","1350":"u","1351":"e","1352":"-","1353":"1","1354":" ","1355":"b","1356":"g","1357":"-","1358":"t","1359":"r","1360":"a","1361":"n","1362":"s","1363":"p","1364":"a","1365":"r","1366":"e","1367":"n","1368":"t","1369":" ","1370":"h","1371":"o","1372":"v","1373":"e","1374":"r","1375":":","1376":"b","1377":"g","1378":"-","1379":"b","1380":"r","1381":"a","1382":"n","1383":"d","1384":"-","1385":"b","1386":"l","1387":"u","1388":"e","1389":"-","1390":"2","1391":" ","1392":"h","1393":"o","1394":"v","1395":"e","1396":"r","1397":":","1398":"t","1399":"e","1400":"x","1401":"t","1402":"-","1403":"w","1404":"h","1405":"i","1406":"t","1407":"e","1408":";","1409":"\\","1410":"n","1411":"}","1412":"\\","1413":"n","1414":"<","1415":"/","1416":"s","1417":"t","1418":"y","1419":"l","1420":"e","1421":">","1422":"\\","1423":"n","1424":"\"","1425":"]","1426":"}"},"_coverageSchema":"1a1c01bbd47fc00a2c39e90264f33305004495a9","hash":"4b96a755c35f11bd2bf6d182600c9c433da14339"}
,"/Users/chimedochir/Desktop/job-search/src/components/Shared/TextInput.vue": {"path":"/Users/chimedochir/Desktop/job-search/src/components/Shared/TextInput.vue","statementMap":{"0":{"start":{"line":4,"column":0},"end":{"line":6,"column":3}},"1":{"start":{"line":7,"column":0},"end":{"line":7,"column":25}},"2":{"start":{"line":8,"column":15},"end":{"line":27,"column":1}},"3":{"start":{"line":24,"column":6},"end":{"line":24,"column":59}},"4":{"start":{"line":30,"column":0},"end":{"line":30,"column":13}},"5":{"start":{"line":32,"column":0},"end":{"line":34,"column":3}},"6":{"start":{"line":35,"column":0},"end":{"line":35,"column":24}},"7":{"start":{"line":36,"column":11},"end":{"line":36,"column":25}},"8":{"start":{"line":37,"column":19},"end":{"line":37,"column":43}},"9":{"start":{"line":39,"column":2},"end":{"line":47,"column":55}},"10":{"start":{"line":45,"column":6},"end":{"line":45,"column":64}},"11":{"start":{"line":48,"column":2},"end":{"line":48,"column":49}}},"fnMap":{"0":{"name":"(anonymous_0)","decl":{"start":{"line":23,"column":4},"end":{"line":23,"column":5}},"loc":{"start":{"line":23,"column":24},"end":{"line":25,"column":5}},"line":23},"1":{"name":"render","decl":{"start":{"line":38,"column":9},"end":{"line":38,"column":15}},"loc":{"start":{"line":38,"column":30},"end":{"line":48,"column":1}},"line":38},"2":{"name":"(anonymous_2)","decl":{"start":{"line":44,"column":39},"end":{"line":44,"column":40}},"loc":{"start":{"line":44,"column":51},"end":{"line":46,"column":5}},"line":44}},"branchMap":{"0":{"loc":{"start":{"line":44,"column":13},"end":{"line":46,"column":6}},"type":"binary-expr","locations":[{"start":{"line":44,"column":13},"end":{"line":44,"column":22}},{"start":{"line":44,"column":27},"end":{"line":46,"column":5}}],"line":44},"1":{"loc":{"start":{"line":45,"column":13},"end":{"line":45,"column":63}},"type":"binary-expr","locations":[{"start":{"line":45,"column":13},"end":{"line":45,"column":29}},{"start":{"line":45,"column":33},"end":{"line":45,"column":63}}],"line":45}},"s":{"0":2,"1":2,"2":2,"3":5,"4":2,"5":2,"6":2,"7":2,"8":2,"9":5,"10":5,"11":2},"f":{"0":5,"1":5,"2":5},"b":{"0":[5,3],"1":[5,5]},"inputSourceMap":{"0":"{","1":"\"","2":"v","3":"e","4":"r","5":"s","6":"i","7":"o","8":"n","9":"\"","10":":","11":"3","12":",","13":"\"","14":"s","15":"o","16":"u","17":"r","18":"c","19":"e","20":"s","21":"\"","22":":","23":"[","24":"\"","25":"/","26":"U","27":"s","28":"e","29":"r","30":"s","31":"/","32":"c","33":"h","34":"i","35":"m","36":"e","37":"d","38":"o","39":"c","40":"h","41":"i","42":"r","43":"/","44":"D","45":"e","46":"s","47":"k","48":"t","49":"o","50":"p","51":"/","52":"j","53":"o","54":"b","55":"-","56":"s","57":"e","58":"a","59":"r","60":"c","61":"h","62":"/","63":"s","64":"r","65":"c","66":"/","67":"c","68":"o","69":"m","70":"p","71":"o","72":"n","73":"e","74":"n","75":"t","76":"s","77":"/","78":"S","79":"h","80":"a","81":"r","82":"e","83":"d","84":"/","85":"T","86":"e","87":"x","88":"t","89":"I","90":"n","91":"p","92":"u","93":"t","94":".","95":"v","96":"u","97":"e","98":"\"","99":"]","100":",","101":"\"","102":"n","103":"a","104":"m","105":"e","106":"s","107":"\"","108":":","109":"[","110":"]","111":",","112":"\"","113":"m","114":"a","115":"p","116":"p","117":"i","118":"n","119":"g","120":"s","121":"\"","122":":","123":"\"","124":";","125":";","126":";","127":";","128":";","129":";","130":";","131":"e","132":"A","133":"U","134":"e","135":";","136":"E","137":"A","138":"C","139":"b","140":",","141":"I","142":"A","143":"A","144":"I","145":",","146":"E","147":"A","148":"A","149":"E","150":",","151":"W","152":"A","153":"A","154":"W","155":";","156":"E","157":"A","158":"C","159":"j","160":"B","161":",","162":"K","163":"A","164":"A","165":"K","166":",","167":"E","168":"A","169":"A","170":"E","171":";","172":"I","173":"A","174":"C","175":"L","176":",","177":"W","178":"A","179":"A","180":"W","181":",","182":"E","183":"A","184":"A","185":"E","186":";","187":"M","188":"A","189":"A","190":"E","191":",","192":"I","193":"A","194":"A","195":"I","196":",","197":"E","198":"A","199":"A","200":"E","201":",","202":"M","203":"A","204":"A","205":"M","206":";","207":"M","208":"A","209":"A","210":"E","211":",","212":"Q","213":"A","214":"A","215":"Q","216":",","217":"E","218":"A","219":"A","220":"E","221":",","222":"K","223":"A","224":"A","225":"K","226":";","227":"M","228":"A","229":"A","230":"E","231":",","232":"O","233":"A","234":"A","235":"O","236":",","237":"E","238":"A","239":"A","240":"E","241":";","242":"I","243":"A","244":"A","245":"G","246":",","247":"C","248":"A","249":"A","250":"C","251":";","252":"I","253":"A","254":"C","255":"3","256":"D","257":",","258":"U","259":"A","260":"A","261":"U","262":",","263":"E","264":"A","265":"A","266":"E","267":";","268":"M","269":"A","270":"C","271":"V","272":",","273":"I","274":"A","275":"A","276":"I","277":",","278":"E","279":"A","280":"A","281":"E","282":",","283":"M","284":"A","285":"A","286":"M","287":";","288":"M","289":"A","290":"C","291":"Z","292":",","293":"Q","294":"A","295":"A","296":"Q","297":",","298":"E","299":"A","300":"A","301":"E","302":";","303":"I","304":"A","305":"C","306":"Z","307":";","308":"E","309":"A","310":"C","311":"F","312":",","313":"C","314":"A","315":"A","316":"C","317":";","318":"E","319":"A","320":"C","321":"D","322":",","323":"K","324":"A","325":"A","326":"K","327":",","328":"E","329":"A","330":"A","331":"E","332":",","333":"C","334":"A","335":"A","336":"C","337":",","338":"m","339":"B","340":"A","341":"A","342":"m","343":"B","344":",","345":"C","346":"A","347":"A","348":"C","349":";","350":"E","351":"A","352":"E","353":"5","354":"B","355":",","356":"O","357":"A","358":"A","359":"O","360":",","361":"E","362":"A","363":"A","364":"E","365":";","366":"I","367":"A","368":"C","369":"P","370":",","371":"W","372":"A","373":"A","374":"W","375":",","376":"C","377":"A","378":"A","379":"C","380":",","381":"M","382":"A","383":"A","384":"M","385":",","386":"E","387":"A","388":"A","389":"E","390":";","391":"M","392":"A","393":"C","394":"l","395":"B","396":",","397":"I","398":"A","399":"A","400":"I","401":",","402":"C","403":"A","404":"A","405":"C","406":",","407":"K","408":"A","409":"A","410":"K","411":",","412":"C","413":"A","414":"A","415":"C","416":",","417":"m","418":"B","419":"A","420":"A","421":"m","422":"B","423":",","424":"E","425":"A","426":"A","427":"E","428":",","429":"M","430":"A","431":"A","432":"M","433":",","434":"C","435":"A","436":"A","437":"C","438":",","439":"M","440":"A","441":"A","442":"M","443":",","444":"C","445":"A","446":"A","447":"C","448":",","449":"K","450":"A","451":"A","452":"K","453":",","454":"C","455":"A","456":"A","457":"C","458":";","459":"I","460":"A","461":"C","462":"t","463":"D","464":";","465":"E","466":"A","467":"C","468":"F","469":";","470":"A","471":"A","472":"C","473":"F","474":",","475":"C","476":"A","477":"A","478":"C","479":";","480":"A","481":"A","482":"A","483":"A","484":";","485":"A","486":"A","487":"A","488":"A","489":"\"","490":",","491":"\"","492":"f","493":"i","494":"l","495":"e","496":"\"","497":":","498":"\"","499":"/","500":"U","501":"s","502":"e","503":"r","504":"s","505":"/","506":"c","507":"h","508":"i","509":"m","510":"e","511":"d","512":"o","513":"c","514":"h","515":"i","516":"r","517":"/","518":"D","519":"e","520":"s","521":"k","522":"t","523":"o","524":"p","525":"/","526":"j","527":"o","528":"b","529":"-","530":"s","531":"e","532":"a","533":"r","534":"c","535":"h","536":"/","537":"s","538":"r","539":"c","540":"/","541":"c","542":"o","543":"m","544":"p","545":"o","546":"n","547":"e","548":"n","549":"t","550":"s","551":"/","552":"S","553":"h","554":"a","555":"r","556":"e","557":"d","558":"/","559":"T","560":"e","561":"x","562":"t","563":"I","564":"n","565":"p","566":"u","567":"t","568":".","569":"v","570":"u","571":"e","572":"\"","573":",","574":"\"","575":"s","576":"o","577":"u","578":"r","579":"c","580":"e","581":"s","582":"C","583":"o","584":"n","585":"t","586":"e","587":"n","588":"t","589":"\"","590":":","591":"[","592":"\"","593":"<","594":"t","595":"e","596":"m","597":"p","598":"l","599":"a","600":"t","601":"e","602":">","603":"\\","604":"n","605":" ","606":" ","607":"<","608":"i","609":"n","610":"p","611":"u","612":"t","613":"\\","614":"n","615":" ","616":" ","617":" ","618":" ","619":"t","620":"y","621":"p","622":"e","623":"=","624":"\\","625":"\"","626":"t","627":"e","628":"x","629":"t","630":"\\","631":"\"","632":"\\","633":"n","634":" ","635":" ","636":" ","637":" ","638":":","639":"p","640":"l","641":"a","642":"c","643":"e","644":"h","645":"o","646":"l","647":"d","648":"e","649":"r","650":"=","651":"\\","652":"\"","653":"p","654":"l","655":"a","656":"c","657":"e","658":"h","659":"o","660":"l","661":"d","662":"e","663":"r","664":"\\","665":"\"","666":"\\","667":"n","668":" ","669":" ","670":" ","671":" ","672":":","673":"v","674":"a","675":"l","676":"u","677":"e","678":"=","679":"\\","680":"\"","681":"m","682":"o","683":"d","684":"e","685":"l","686":"V","687":"a","688":"l","689":"u","690":"e","691":"\\","692":"\"","693":"\\","694":"n","695":" ","696":" ","697":" ","698":" ","699":"c","700":"l","701":"a","702":"s","703":"s","704":"=","705":"\\","706":"\"","707":"w","708":"-","709":"f","710":"u","711":"l","712":"l","713":" ","714":"t","715":"e","716":"x","717":"t","718":"-","719":"l","720":"g","721":" ","722":"f","723":"o","724":"n","725":"t","726":"-","727":"n","728":"o","729":"r","730":"m","731":"a","732":"l","733":" ","734":"f","735":"o","736":"c","737":"u","738":"s","739":":","740":"o","741":"u","742":"t","743":"l","744":"i","745":"n","746":"e","747":"-","748":"n","749":"o","750":"n","751":"e","752":"\\","753":"\"","754":"\\","755":"n","756":" ","757":" ","758":" ","759":" ","760":"@","761":"i","762":"n","763":"p","764":"u","765":"t","766":"=","767":"\\","768":"\"","769":"h","770":"a","771":"n","772":"d","773":"l","774":"e","775":"I","776":"n","777":"p","778":"u","779":"t","780":"\\","781":"\"","782":"\\","783":"n","784":" ","785":" ","786":"/","787":">","788":"\\","789":"n","790":"<","791":"/","792":"t","793":"e","794":"m","795":"p","796":"l","797":"a","798":"t","799":"e","800":">","801":"\\","802":"n","803":"<","804":"s","805":"c","806":"r","807":"i","808":"p","809":"t","810":">","811":"\\","812":"n","813":"e","814":"x","815":"p","816":"o","817":"r","818":"t","819":" ","820":"d","821":"e","822":"f","823":"a","824":"u","825":"l","826":"t","827":" ","828":"{","829":"\\","830":"n","831":" ","832":" ","833":"n","834":"a","835":"m","836":"e","837":":","838":" ","839":"\\","840":"\"","841":"T","842":"e","843":"x","844":"t","845":"I","846":"n","847":"p","848":"u","849":"t","850":"\\","851":"\"","852":",","853":"\\","854":"n","855":" ","856":" ","857":"p","858":"r","859":"o","860":"p","861":"s","862":":","863":" ","864":"{","865":"\\","866":"n","867":" ","868":" ","869":" ","870":" ","871":"p","872":"l","873":"a","874":"c","875":"e","876":"h","877":"o","878":"l","879":"d","880":"e","881":"r","882":":","883":" ","884":"{","885":" ","886":"t","887":"y","888":"p","889":"e","890":":","891":" ","892":"S","893":"t","894":"r","895":"i","896":"n","897":"g","898":",","899":" ","900":"r","901":"e","902":"q","903":"u","904":"i","905":"r","906":"e","907":"d","908":":","909":" ","910":"f","911":"a","912":"l","913":"s","914":"e","915":",","916":" ","917":"d","918":"e","919":"f","920":"a","921":"u","922":"l","923":"t","924":":","925":" ","926":"\\","927":"\"","928":"\\","929":"\"","930":" ","931":"}","932":",","933":"\\","934":"n","935":" ","936":" ","937":" ","938":" ","939":"m","940":"o","941":"d","942":"e","943":"l","944":"V","945":"a","946":"l","947":"u","948":"e","949":":","950":" ","951":"{","952":"\\","953":"n","954":" ","955":" ","956":" ","957":" ","958":" ","959":" ","960":"t","961":"y","962":"p","963":"e","964":":","965":" ","966":"S","967":"t","968":"r","969":"i","970":"n","971":"g","972":",","973":"\\","974":"n","975":" ","976":" ","977":" ","978":" ","979":" ","980":" ","981":"r","982":"e","983":"q","984":"u","985":"i","986":"r","987":"e","988":"d","989":":","990":" ","991":"t","992":"r","993":"u","994":"e","995":",","996":"\\","997":"n","998":" ","999":" ","1000":" ","1001":" ","1002":"}","1003":",","1004":"\\","1005":"n","1006":" ","1007":" ","1008":"}","1009":",","1010":"\\","1011":"n","1012":" ","1013":" ","1014":"e","1015":"m","1016":"i","1017":"t","1018":"s","1019":":","1020":" ","1021":"[","1022":"\\","1023":"\"","1024":"u","1025":"p","1026":"d","1027":"a","1028":"t","1029":"e","1030":":","1031":"m","1032":"o","1033":"d","1034":"e","1035":"l","1036":"V","1037":"a","1038":"l","1039":"u","1040":"e","1041":"\\","1042":"\"","1043":"]","1044":",","1045":"\\","1046":"n","1047":"\\","1048":"n","1049":" ","1050":" ","1051":"m","1052":"e","1053":"t","1054":"h","1055":"o","1056":"d","1057":"s","1058":":","1059":" ","1060":"{","1061":"\\","1062":"n","1063":" ","1064":" ","1065":" ","1066":" ","1067":"h","1068":"a","1069":"n","1070":"d","1071":"l","1072":"e","1073":"I","1074":"n","1075":"p","1076":"u","1077":"t","1078":"(","1079":"$","1080":"e","1081":"v","1082":"e","1083":"n","1084":"t","1085":")","1086":" ","1087":"{","1088":"\\","1089":"n","1090":" ","1091":" ","1092":" ","1093":" ","1094":" ","1095":" ","1096":"t","1097":"h","1098":"i","1099":"s","1100":".","1101":"$","1102":"e","1103":"m","1104":"i","1105":"t","1106":"(","1107":"\\","1108":"\"","1109":"u","1110":"p","1111":"d","1112":"a","1113":"t","1114":"e","1115":":","1116":"m","1117":"o","1118":"d","1119":"e","1120":"l","1121":"V","1122":"a","1123":"l","1124":"u","1125":"e","1126":"\\","1127":"\"","1128":",","1129":" ","1130":"$","1131":"e","1132":"v","1133":"e","1134":"n","1135":"t","1136":".","1137":"t","1138":"a","1139":"r","1140":"g","1141":"e","1142":"t","1143":".","1144":"v","1145":"a","1146":"l","1147":"u","1148":"e","1149":")","1150":";","1151":"\\","1152":"n","1153":" ","1154":" ","1155":" ","1156":" ","1157":"}","1158":",","1159":"\\","1160":"n","1161":" ","1162":" ","1163":"}","1164":",","1165":"\\","1166":"n","1167":"}","1168":";","1169":"\\","1170":"n","1171":"<","1172":"/","1173":"s","1174":"c","1175":"r","1176":"i","1177":"p","1178":"t","1179":">","1180":"\\","1181":"n","1182":"\"","1183":"]","1184":"}"},"_coverageSchema":"1a1c01bbd47fc00a2c39e90264f33305004495a9","hash":"610d983bd08259b34f1f91f690df894238150a64"}
,"/Users/chimedochir/Desktop/job-search/src/store/index.js": {"path":"/Users/chimedochir/Desktop/job-search/src/store/index.js","statementMap":{"0":{"start":{"line":2,"column":21},"end":{"line":6,"column":1}},"1":{"start":{"line":3,"column":2},"end":{"line":5,"column":4}},"2":{"start":{"line":7,"column":25},"end":{"line":11,"column":1}},"3":{"start":{"line":9,"column":4},"end":{"line":9,"column":28}},"4":{"start":{"line":12,"column":14},"end":{"line":16,"column":2}}},"fnMap":{"0":{"name":"(anonymous_0)","decl":{"start":{"line":2,"column":21},"end":{"line":2,"column":22}},"loc":{"start":{"line":2,"column":27},"end":{"line":6,"column":1}},"line":2},"1":{"name":"(anonymous_1)","decl":{"start":{"line":8,"column":2},"end":{"line":8,"column":3}},"loc":{"start":{"line":8,"column":20},"end":{"line":10,"column":3}},"line":8}},"branchMap":{},"s":{"0":1,"1":2,"2":1,"3":1,"4":1},"f":{"0":2,"1":1},"b":{},"_coverageSchema":"1a1c01bbd47fc00a2c39e90264f33305004495a9","hash":"73c5bd4ef4056c990ff190f14527daff329ca0a0"}
,"/Users/chimedochir/Desktop/job-search/src/utils/nextElementinList.js": {"path":"/Users/chimedochir/Desktop/job-search/src/utils/nextElementinList.js","statementMap":{"0":{"start":{"line":1,"column":26},"end":{"line":6,"column":1}},"1":{"start":{"line":2,"column":29},"end":{"line":2,"column":48}},"2":{"start":{"line":3,"column":25},"end":{"line":3,"column":63}},"3":{"start":{"line":4,"column":20},"end":{"line":4,"column":40}},"4":{"start":{"line":5,"column":2},"end":{"line":5,"column":19}}},"fnMap":{"0":{"name":"(anonymous_0)","decl":{"start":{"line":1,"column":26},"end":{"line":1,"column":27}},"loc":{"start":{"line":1,"column":43},"end":{"line":6,"column":1}},"line":1}},"branchMap":{},"s":{"0":1,"1":2,"2":2,"3":2,"4":2},"f":{"0":2},"b":{},"_coverageSchema":"1a1c01bbd47fc00a2c39e90264f33305004495a9","hash":"6ab5caf24196df910726af5fcb0c396d7daa7f1e"}
}
