TN:
SF:src/components/JobSearch/JobSearchForm.vue
FN:117,render
FN:123,(anonymous_1)
FN:131,(anonymous_2)
FN:136,(anonymous_3)
FNF:4
FNH:3
FNDA:3,render
FNDA:0,(anonymous_1)
FNDA:1,(anonymous_2)
FNDA:1,(anonymous_3)
DA:4,1
DA:5,1
DA:8,1
DA:9,1
DA:91,1
DA:93,1
DA:96,1
DA:97,1
DA:98,1
DA:101,1
DA:104,1
DA:107,1
DA:110,1
DA:113,1
DA:118,3
DA:119,3
DA:120,3
DA:121,3
DA:124,0
DA:131,1
DA:136,1
DA:145,1
LF:22
LH:21
BRDA:123,0,0,3
BRDA:123,0,1,1
BRDA:124,1,0,0
BRDA:124,1,1,0
BRDA:131,2,0,3
BRDA:131,2,1,1
BRDA:136,3,0,3
BRDA:136,3,1,1
BRF:8
BRH:6
end_of_record
TN:
SF:src/components/Navigation/MainNav.vue
FN:130,render
FN:140,(anonymous_1)
FN:148,(anonymous_2)
FNF:3
FNH:1
FNDA:5,render
FNDA:0,(anonymous_1)
FNDA:0,(anonymous_2)
DA:4,1
DA:5,1
DA:8,1
DA:107,1
DA:109,1
DA:112,1
DA:113,1
DA:114,1
DA:117,1
DA:120,1
DA:121,1
DA:124,1
DA:127,1
DA:131,5
DA:132,5
DA:133,5
DA:134,5
DA:135,5
DA:141,0
DA:148,0
DA:165,1
LF:21
LH:19
BRDA:152,0,0,0
BRDA:152,0,1,0
BRDA:161,1,0,0
BRDA:161,1,1,0
BRF:4
BRH:0
end_of_record
TN:
SF:src/components/Navigation/ProfileImage.vue
FN:10,(anonymous_0)
FN:26,render
FNF:2
FNH:0
FNDA:0,(anonymous_0)
FNDA:0,render
DA:4,1
DA:7,1
DA:8,1
DA:11,0
DA:18,1
DA:20,1
DA:23,1
DA:24,1
DA:25,1
DA:27,0
DA:32,1
LF:11
LH:9
BRF:0
BRH:0
end_of_record
TN:
SF:src/components/Navigation/SubNav.vue
FN:72,render
FNF:1
FNH:0
FNDA:0,render
DA:4,1
DA:5,1
DA:8,1
DA:51,1
DA:53,1
DA:56,1
DA:57,1
DA:58,1
DA:61,1
DA:64,1
DA:69,1
DA:73,0
DA:74,0
DA:78,1
LF:14
LH:12
BRDA:74,0,0,0
BRDA:74,0,1,0
BRF:2
BRH:0
end_of_record
TN:
SF:src/components/Shared/ActionButton.vue
FN:70,render
FNF:1
FNH:1
FNDA:1,render
DA:4,2
DA:7,2
DA:63,2
DA:65,2
DA:68,2
DA:69,2
DA:71,1
DA:74,2
LF:8
LH:8
BRF:0
BRH:0
end_of_record
TN:
SF:src/components/Shared/TextInput.vue
FN:23,(anonymous_0)
FN:38,render
FN:44,(anonymous_2)
FNF:3
FNH:3
FNDA:5,(anonymous_0)
FNDA:5,render
FNDA:5,(anonymous_2)
DA:4,2
DA:7,2
DA:8,2
DA:24,5
DA:30,2
DA:32,2
DA:35,2
DA:36,2
DA:37,2
DA:39,5
DA:45,5
DA:48,2
LF:12
LH:12
BRDA:44,0,0,5
BRDA:44,0,1,3
BRDA:45,1,0,5
BRDA:45,1,1,5
BRF:4
BRH:4
end_of_record
TN:
SF:src/composable/useConfirmRoute.js
FN:3,(anonymous_0)
FN:5,(anonymous_1)
FNF:2
FNH:0
FNDA:0,(anonymous_0)
FNDA:0,(anonymous_1)
DA:3,1
DA:4,0
DA:5,0
LF:3
LH:1
BRF:0
BRH:0
end_of_record
TN:
SF:src/composable/usePreviousAndNextPages.js
FN:2,(anonymous_0)
FN:3,(anonymous_1)
FN:8,(anonymous_2)
FNF:3
FNH:2
FNDA:1,(anonymous_0)
FNDA:1,(anonymous_1)
FNDA:0,(anonymous_2)
DA:2,1
DA:3,1
DA:4,1
DA:5,1
DA:6,1
DA:8,1
DA:9,0
DA:11,0
DA:13,1
LF:9
LH:7
BRDA:6,0,0,1
BRDA:6,0,1,0
BRDA:11,1,0,0
BRDA:11,1,1,0
BRF:4
BRH:1
end_of_record
TN:
SF:src/store/composable.js
FN:8,(anonymous_0)
FN:11,(anonymous_1)
FN:13,(anonymous_2)
FN:15,(anonymous_3)
FN:17,(anonymous_4)
FN:19,(anonymous_5)
FNF:6
FNH:0
FNDA:0,(anonymous_0)
FNDA:0,(anonymous_1)
FNDA:0,(anonymous_2)
FNDA:0,(anonymous_3)
FNDA:0,(anonymous_4)
FNDA:0,(anonymous_5)
DA:8,1
DA:9,0
DA:10,0
DA:11,0
DA:13,1
DA:14,0
DA:15,0
DA:17,1
DA:18,0
DA:19,0
LF:10
LH:3
BRF:0
BRH:0
end_of_record
TN:
SF:src/store/constants.js
FNF:0
FNH:0
DA:1,1
DA:2,1
DA:3,1
DA:4,1
DA:5,1
DA:6,1
DA:7,1
DA:8,1
DA:9,1
DA:10,1
DA:11,1
DA:12,1
LF:12
LH:12
BRF:0
BRH:0
end_of_record
TN:
SF:src/utils/nextElementinList.js
FN:1,(anonymous_0)
FNF:1
FNH:1
FNDA:2,(anonymous_0)
DA:1,1
DA:2,2
DA:3,2
DA:4,2
DA:5,2
LF:5
LH:5
BRF:0
BRH:0
end_of_record
