TN:
SF:src/components/JobSearch/JobSearchForm.vue
FN:78,render
FN:84,(anonymous_1)
FN:92,(anonymous_2)
FN:97,(anonymous_3)
FNF:4
FNH:3
FNDA:3,render
FNDA:0,(anonymous_1)
FNDA:1,(anonymous_2)
FNDA:1,(anonymous_3)
DA:4,1
DA:5,1
DA:8,1
DA:9,1
DA:52,1
DA:54,1
DA:57,1
DA:58,1
DA:59,1
DA:62,1
DA:65,1
DA:68,1
DA:71,1
DA:74,1
DA:79,3
DA:80,3
DA:81,3
DA:82,3
DA:85,0
DA:92,1
DA:97,1
DA:106,1
LF:22
LH:21
BRDA:84,0,0,3
BRDA:84,0,1,1
BRDA:85,1,0,0
BRDA:85,1,1,0
BRDA:92,2,0,3
BRDA:92,2,1,1
BRDA:97,3,0,3
BRDA:97,3,1,1
BRF:8
BRH:6
end_of_record
TN:
SF:src/components/Navigation/MainNav.vue
FN:103,render
FN:113,(anonymous_1)
FN:121,(anonymous_2)
FNF:3
FNH:3
FNDA:5,render
FNDA:30,(anonymous_1)
FNDA:30,(anonymous_2)
DA:4,1
DA:5,1
DA:8,1
DA:80,1
DA:82,1
DA:85,1
DA:86,1
DA:87,1
DA:90,1
DA:93,1
DA:94,1
DA:97,1
DA:100,1
DA:104,5
DA:105,5
DA:106,5
DA:107,5
DA:108,5
DA:114,30
DA:121,30
DA:138,1
LF:21
LH:21
BRDA:125,0,0,1
BRDA:125,0,1,4
BRDA:134,1,0,1
BRDA:134,1,1,4
BRF:4
BRH:4
end_of_record
TN:
SF:src/components/Navigation/ProfileImage.vue
FN:10,(anonymous_0)
FN:26,render
FNF:2
FNH:2
FNDA:1,(anonymous_0)
FNDA:1,render
DA:4,1
DA:7,1
DA:8,1
DA:11,1
DA:18,1
DA:20,1
DA:23,1
DA:24,1
DA:25,1
DA:27,1
DA:32,1
LF:11
LH:11
BRF:0
BRH:0
end_of_record
TN:
SF:src/components/Navigation/SubNav.vue
FN:11,(anonymous_0)
FN:40,render
FNF:2
FNH:2
FNDA:1,(anonymous_0)
FNDA:1,render
DA:4,1
DA:7,1
DA:8,1
DA:12,1
DA:18,1
DA:20,1
DA:23,1
DA:24,1
DA:25,1
DA:28,1
DA:31,1
DA:36,1
DA:41,1
DA:42,1
DA:46,1
LF:15
LH:15
BRDA:42,0,0,0
BRDA:42,0,1,0
BRF:2
BRH:0
end_of_record
TN:
SF:src/components/Shared/ActionButton.vue
FN:19,(anonymous_0)
FN:25,(anonymous_1)
FN:41,render
FNF:3
FNH:3
FNDA:5,(anonymous_0)
FNDA:5,(anonymous_1)
FNDA:5,render
DA:4,2
DA:7,2
DA:8,2
DA:20,5
DA:26,5
DA:34,2
DA:36,2
DA:39,2
DA:40,2
DA:42,5
DA:45,2
LF:11
LH:11
BRF:0
BRH:0
end_of_record
TN:
SF:src/components/Shared/TextInput.vue
FN:23,(anonymous_0)
FN:38,render
FN:44,(anonymous_2)
FNF:3
FNH:3
FNDA:5,(anonymous_0)
FNDA:5,render
FNDA:5,(anonymous_2)
DA:4,2
DA:7,2
DA:8,2
DA:24,5
DA:30,2
DA:32,2
DA:35,2
DA:36,2
DA:37,2
DA:39,5
DA:45,5
DA:48,2
LF:12
LH:12
BRDA:44,0,0,5
BRDA:44,0,1,3
BRDA:45,1,0,5
BRDA:45,1,1,5
BRF:4
BRH:4
end_of_record
TN:
SF:src/store/index.js
FN:2,(anonymous_0)
FN:8,(anonymous_1)
FNF:2
FNH:2
FNDA:2,(anonymous_0)
FNDA:1,(anonymous_1)
DA:2,1
DA:3,2
DA:7,1
DA:9,1
DA:12,1
LF:5
LH:5
BRF:0
BRH:0
end_of_record
TN:
SF:src/utils/nextElementinList.js
FN:1,(anonymous_0)
FNF:1
FNH:1
FNDA:2,(anonymous_0)
DA:1,1
DA:2,2
DA:3,2
DA:4,2
DA:5,2
LF:5
LH:5
BRF:0
BRH:0
end_of_record
